[0.196s] DEBUG:colcon:Command line arguments: ['/usr/bin/colcon', 'build']
[0.196s] DEBUG:colcon:Parsed command line arguments: Namespace(log_base=None, log_level=None, verb_name='build', build_base='build', install_base='install', merge_install=False, symlink_install=False, test_result_base=None, continue_on_error=False, executor='parallel', parallel_workers=12, event_handlers=None, ignore_user_meta=False, metas=['./colcon.meta'], base_paths=['.'], packages_ignore=None, packages_ignore_regex=None, paths=None, packages_up_to=None, packages_up_to_regex=None, packages_above=None, packages_above_and_dependencies=None, packages_above_depth=None, packages_select_by_dep=None, packages_skip_by_dep=None, packages_skip_up_to=None, packages_select_build_failed=False, packages_skip_build_finished=False, packages_select_test_failures=False, packages_skip_test_passed=False, packages_select=None, packages_skip=None, packages_select_regex=None, packages_skip_regex=None, packages_start=None, packages_end=None, allow_overriding=[], cmake_args=None, cmake_target=None, cmake_target_skip_unavailable=False, cmake_clean_cache=False, cmake_clean_first=False, cmake_force_configure=False, ament_cmake_args=None, catkin_cmake_args=None, catkin_skip_building_tests=False, verb_parser=<colcon_defaults.argument_parser.defaults.DefaultArgumentsDecorator object at 0x7fd397d971c0>, verb_extension=<colcon_core.verb.build.BuildVerb object at 0x7fd397d96380>, main=<bound method BuildVerb.main of <colcon_core.verb.build.BuildVerb object at 0x7fd397d96380>>)
[0.498s] Level 1:colcon.colcon_core.package_discovery:discover_packages(colcon_meta) check parameters
[0.498s] Level 1:colcon.colcon_core.package_discovery:discover_packages(recursive) check parameters
[0.498s] Level 1:colcon.colcon_core.package_discovery:discover_packages(ignore) check parameters
[0.498s] Level 1:colcon.colcon_core.package_discovery:discover_packages(path) check parameters
[0.498s] Level 1:colcon.colcon_core.package_discovery:discover_packages(colcon_meta) discover
[0.498s] Level 1:colcon.colcon_core.package_discovery:discover_packages(recursive) discover
[0.498s] INFO:colcon.colcon_core.package_discovery:Crawling recursively for packages in '/home/sofia/sextoSem/TE3001B-2DoF-Robotic-Arm'
[0.498s] Level 1:colcon.colcon_core.package_identification:_identify(.) by extensions ['ignore', 'ignore_ament_install']
[0.498s] Level 1:colcon.colcon_core.package_identification:_identify(.) by extension 'ignore'
[0.498s] Level 1:colcon.colcon_core.package_identification:_identify(.) by extension 'ignore_ament_install'
[0.498s] Level 1:colcon.colcon_core.package_identification:_identify(.) by extensions ['colcon_pkg']
[0.498s] Level 1:colcon.colcon_core.package_identification:_identify(.) by extension 'colcon_pkg'
[0.498s] Level 1:colcon.colcon_core.package_identification:_identify(.) by extensions ['colcon_meta']
[0.498s] Level 1:colcon.colcon_core.package_identification:_identify(.) by extension 'colcon_meta'
[0.498s] Level 1:colcon.colcon_core.package_identification:_identify(.) by extensions ['ros']
[0.498s] Level 1:colcon.colcon_core.package_identification:_identify(.) by extension 'ros'
[0.514s] Level 1:colcon.colcon_core.package_identification:_identify(.) by extensions ['cmake', 'python']
[0.514s] Level 1:colcon.colcon_core.package_identification:_identify(.) by extension 'cmake'
[0.514s] Level 1:colcon.colcon_core.package_identification:_identify(.) by extension 'python'
[0.514s] Level 1:colcon.colcon_core.package_identification:_identify(.) by extensions ['python_setup_py']
[0.514s] Level 1:colcon.colcon_core.package_identification:_identify(.) by extension 'python_setup_py'
[0.515s] Level 1:colcon.colcon_core.package_identification:_identify(build) by extensions ['ignore', 'ignore_ament_install']
[0.515s] Level 1:colcon.colcon_core.package_identification:_identify(build) by extension 'ignore'
[0.515s] Level 1:colcon.colcon_core.package_identification:_identify(build) ignored
[0.515s] Level 1:colcon.colcon_core.package_identification:_identify(install) by extensions ['ignore', 'ignore_ament_install']
[0.515s] Level 1:colcon.colcon_core.package_identification:_identify(install) by extension 'ignore'
[0.515s] Level 1:colcon.colcon_core.package_identification:_identify(install) ignored
[0.515s] Level 1:colcon.colcon_core.package_identification:_identify(log) by extensions ['ignore', 'ignore_ament_install']
[0.515s] Level 1:colcon.colcon_core.package_identification:_identify(log) by extension 'ignore'
[0.515s] Level 1:colcon.colcon_core.package_identification:_identify(log) ignored
[0.515s] Level 1:colcon.colcon_core.package_identification:_identify(src) by extensions ['ignore', 'ignore_ament_install']
[0.516s] Level 1:colcon.colcon_core.package_identification:_identify(src) by extension 'ignore'
[0.516s] Level 1:colcon.colcon_core.package_identification:_identify(src) by extension 'ignore_ament_install'
[0.516s] Level 1:colcon.colcon_core.package_identification:_identify(src) by extensions ['colcon_pkg']
[0.516s] Level 1:colcon.colcon_core.package_identification:_identify(src) by extension 'colcon_pkg'
[0.516s] Level 1:colcon.colcon_core.package_identification:_identify(src) by extensions ['colcon_meta']
[0.516s] Level 1:colcon.colcon_core.package_identification:_identify(src) by extension 'colcon_meta'
[0.516s] Level 1:colcon.colcon_core.package_identification:_identify(src) by extensions ['ros']
[0.516s] Level 1:colcon.colcon_core.package_identification:_identify(src) by extension 'ros'
[0.516s] Level 1:colcon.colcon_core.package_identification:_identify(src) by extensions ['cmake', 'python']
[0.516s] Level 1:colcon.colcon_core.package_identification:_identify(src) by extension 'cmake'
[0.516s] Level 1:colcon.colcon_core.package_identification:_identify(src) by extension 'python'
[0.516s] Level 1:colcon.colcon_core.package_identification:_identify(src) by extensions ['python_setup_py']
[0.516s] Level 1:colcon.colcon_core.package_identification:_identify(src) by extension 'python_setup_py'
[0.516s] Level 1:colcon.colcon_core.package_identification:_identify(src/desiredPosition_pkg) by extensions ['ignore', 'ignore_ament_install']
[0.516s] Level 1:colcon.colcon_core.package_identification:_identify(src/desiredPosition_pkg) by extension 'ignore'
[0.516s] Level 1:colcon.colcon_core.package_identification:_identify(src/desiredPosition_pkg) by extension 'ignore_ament_install'
[0.516s] Level 1:colcon.colcon_core.package_identification:_identify(src/desiredPosition_pkg) by extensions ['colcon_pkg']
[0.516s] Level 1:colcon.colcon_core.package_identification:_identify(src/desiredPosition_pkg) by extension 'colcon_pkg'
[0.516s] Level 1:colcon.colcon_core.package_identification:_identify(src/desiredPosition_pkg) by extensions ['colcon_meta']
[0.516s] Level 1:colcon.colcon_core.package_identification:_identify(src/desiredPosition_pkg) by extension 'colcon_meta'
[0.516s] Level 1:colcon.colcon_core.package_identification:_identify(src/desiredPosition_pkg) by extensions ['ros']
[0.516s] Level 1:colcon.colcon_core.package_identification:_identify(src/desiredPosition_pkg) by extension 'ros'
[0.521s] DEBUG:colcon.colcon_core.package_identification:Package 'src/desiredPosition_pkg' with type 'ros.ament_cmake' and name 'desiredPosition_pkg'
[0.522s] Level 1:colcon.colcon_core.package_identification:_identify(src/pid_controller) by extensions ['ignore', 'ignore_ament_install']
[0.522s] Level 1:colcon.colcon_core.package_identification:_identify(src/pid_controller) by extension 'ignore'
[0.522s] Level 1:colcon.colcon_core.package_identification:_identify(src/pid_controller) by extension 'ignore_ament_install'
[0.522s] Level 1:colcon.colcon_core.package_identification:_identify(src/pid_controller) by extensions ['colcon_pkg']
[0.522s] Level 1:colcon.colcon_core.package_identification:_identify(src/pid_controller) by extension 'colcon_pkg'
[0.522s] Level 1:colcon.colcon_core.package_identification:_identify(src/pid_controller) by extensions ['colcon_meta']
[0.522s] Level 1:colcon.colcon_core.package_identification:_identify(src/pid_controller) by extension 'colcon_meta'
[0.522s] Level 1:colcon.colcon_core.package_identification:_identify(src/pid_controller) by extensions ['ros']
[0.522s] Level 1:colcon.colcon_core.package_identification:_identify(src/pid_controller) by extension 'ros'
[0.524s] DEBUG:colcon.colcon_core.package_identification:Package 'src/pid_controller' with type 'ros.ament_python' and name 'pid_controller'
[0.524s] Level 1:colcon.colcon_core.package_discovery:discover_packages(recursive) using defaults
[0.524s] Level 1:colcon.colcon_core.package_discovery:discover_packages(ignore) discover
[0.524s] Level 1:colcon.colcon_core.package_discovery:discover_packages(ignore) using defaults
[0.524s] Level 1:colcon.colcon_core.package_discovery:discover_packages(path) discover
[0.524s] Level 1:colcon.colcon_core.package_discovery:discover_packages(path) using defaults
[0.553s] Level 1:colcon.colcon_core.package_discovery:discover_packages(prefix_path) check parameters
[0.553s] Level 1:colcon.colcon_core.package_discovery:discover_packages(prefix_path) discover
[0.555s] WARNING:colcon.colcon_core.prefix_path.colcon:The path '/home/sofia/sextoSem/TE3001B-2DoF-Robotic-Arm/src/cinematica_inversa_pkg/install' in the environment variable COLCON_PREFIX_PATH doesn't exist
[0.556s] WARNING:colcon.colcon_ros.prefix_path.ament:The path '/home/sofia/sextoSem/TE3001B-2DoF-Robotic-Arm/install/cinematica_inversa_pkg' in the environment variable AMENT_PREFIX_PATH doesn't exist
[0.556s] WARNING:colcon.colcon_ros.prefix_path.ament:The path '/home/sofia/sextoSem/TE3001B-2DoF-Robotic-Arm/src/cinematica_inversa_pkg/install/cinematica_inversa_pkg' in the environment variable AMENT_PREFIX_PATH doesn't exist
[0.557s] DEBUG:colcon.colcon_installed_package_information.package_discovery:Found 1 installed packages in /home/sofia/sextoSem/TE3001B-2DoF-Robotic-Arm/install
[0.559s] DEBUG:colcon.colcon_installed_package_information.package_discovery:Found 271 installed packages in /opt/ros/humble
[0.561s] Level 1:colcon.colcon_core.package_discovery:discover_packages(prefix_path) using defaults
[0.628s] Level 5:colcon.colcon_core.verb:set package 'desiredPosition_pkg' build argument 'cmake_args' from command line to 'None'
[0.628s] Level 5:colcon.colcon_core.verb:set package 'desiredPosition_pkg' build argument 'cmake_target' from command line to 'None'
[0.628s] Level 5:colcon.colcon_core.verb:set package 'desiredPosition_pkg' build argument 'cmake_target_skip_unavailable' from command line to 'False'
[0.628s] Level 5:colcon.colcon_core.verb:set package 'desiredPosition_pkg' build argument 'cmake_clean_cache' from command line to 'False'
[0.628s] Level 5:colcon.colcon_core.verb:set package 'desiredPosition_pkg' build argument 'cmake_clean_first' from command line to 'False'
[0.628s] Level 5:colcon.colcon_core.verb:set package 'desiredPosition_pkg' build argument 'cmake_force_configure' from command line to 'False'
[0.628s] Level 5:colcon.colcon_core.verb:set package 'desiredPosition_pkg' build argument 'ament_cmake_args' from command line to 'None'
[0.628s] Level 5:colcon.colcon_core.verb:set package 'desiredPosition_pkg' build argument 'catkin_cmake_args' from command line to 'None'
[0.628s] Level 5:colcon.colcon_core.verb:set package 'desiredPosition_pkg' build argument 'catkin_skip_building_tests' from command line to 'False'
[0.628s] DEBUG:colcon.colcon_core.verb:Building package 'desiredPosition_pkg' with the following arguments: {'ament_cmake_args': None, 'build_base': '/home/sofia/sextoSem/TE3001B-2DoF-Robotic-Arm/build/desiredPosition_pkg', 'catkin_cmake_args': None, 'catkin_skip_building_tests': False, 'cmake_args': None, 'cmake_clean_cache': False, 'cmake_clean_first': False, 'cmake_force_configure': False, 'cmake_target': None, 'cmake_target_skip_unavailable': False, 'install_base': '/home/sofia/sextoSem/TE3001B-2DoF-Robotic-Arm/install/desiredPosition_pkg', 'merge_install': False, 'path': '/home/sofia/sextoSem/TE3001B-2DoF-Robotic-Arm/src/desiredPosition_pkg', 'symlink_install': False, 'test_result_base': None}
[0.628s] Level 5:colcon.colcon_core.verb:set package 'pid_controller' build argument 'cmake_args' from command line to 'None'
[0.628s] Level 5:colcon.colcon_core.verb:set package 'pid_controller' build argument 'cmake_target' from command line to 'None'
[0.628s] Level 5:colcon.colcon_core.verb:set package 'pid_controller' build argument 'cmake_target_skip_unavailable' from command line to 'False'
[0.628s] Level 5:colcon.colcon_core.verb:set package 'pid_controller' build argument 'cmake_clean_cache' from command line to 'False'
[0.628s] Level 5:colcon.colcon_core.verb:set package 'pid_controller' build argument 'cmake_clean_first' from command line to 'False'
[0.628s] Level 5:colcon.colcon_core.verb:set package 'pid_controller' build argument 'cmake_force_configure' from command line to 'False'
[0.629s] Level 5:colcon.colcon_core.verb:set package 'pid_controller' build argument 'ament_cmake_args' from command line to 'None'
[0.629s] Level 5:colcon.colcon_core.verb:set package 'pid_controller' build argument 'catkin_cmake_args' from command line to 'None'
[0.629s] Level 5:colcon.colcon_core.verb:set package 'pid_controller' build argument 'catkin_skip_building_tests' from command line to 'False'
[0.629s] DEBUG:colcon.colcon_core.verb:Building package 'pid_controller' with the following arguments: {'ament_cmake_args': None, 'build_base': '/home/sofia/sextoSem/TE3001B-2DoF-Robotic-Arm/build/pid_controller', 'catkin_cmake_args': None, 'catkin_skip_building_tests': False, 'cmake_args': None, 'cmake_clean_cache': False, 'cmake_clean_first': False, 'cmake_force_configure': False, 'cmake_target': None, 'cmake_target_skip_unavailable': False, 'install_base': '/home/sofia/sextoSem/TE3001B-2DoF-Robotic-Arm/install/pid_controller', 'merge_install': False, 'path': '/home/sofia/sextoSem/TE3001B-2DoF-Robotic-Arm/src/pid_controller', 'symlink_install': False, 'test_result_base': None}
[0.629s] INFO:colcon.colcon_core.executor:Executing jobs using 'parallel' executor
[0.630s] DEBUG:colcon.colcon_parallel_executor.executor.parallel:run_until_complete
[0.630s] INFO:colcon.colcon_ros.task.ament_cmake.build:Building ROS package in '/home/sofia/sextoSem/TE3001B-2DoF-Robotic-Arm/src/desiredPosition_pkg' with build type 'ament_cmake'
[0.630s] INFO:colcon.colcon_cmake.task.cmake.build:Building CMake package in '/home/sofia/sextoSem/TE3001B-2DoF-Robotic-Arm/src/desiredPosition_pkg'
[0.636s] INFO:colcon.colcon_core.plugin_system:Skipping extension 'colcon_core.shell.bat': Not used on non-Windows systems
[0.636s] INFO:colcon.colcon_core.shell:Skip shell extension 'powershell' for command environment: Not usable outside of PowerShell
[0.636s] DEBUG:colcon.colcon_core.shell:Skip shell extension 'dsv' for command environment
[0.644s] INFO:colcon.colcon_ros.task.ament_python.build:Building ROS package in '/home/sofia/sextoSem/TE3001B-2DoF-Robotic-Arm/src/pid_controller' with build type 'ament_python'
[0.644s] Level 1:colcon.colcon_core.shell:create_environment_hook('pid_controller', 'ament_prefix_path')
[0.644s] INFO:colcon.colcon_core.shell:Creating environment hook '/home/sofia/sextoSem/TE3001B-2DoF-Robotic-Arm/install/pid_controller/share/pid_controller/hook/ament_prefix_path.ps1'
[0.647s] INFO:colcon.colcon_core.shell:Creating environment descriptor '/home/sofia/sextoSem/TE3001B-2DoF-Robotic-Arm/install/pid_controller/share/pid_controller/hook/ament_prefix_path.dsv'
[0.648s] INFO:colcon.colcon_core.shell:Creating environment hook '/home/sofia/sextoSem/TE3001B-2DoF-Robotic-Arm/install/pid_controller/share/pid_controller/hook/ament_prefix_path.sh'
[0.648s] INFO:colcon.colcon_core.shell:Skip shell extension 'powershell' for command environment: Not usable outside of PowerShell
[0.648s] DEBUG:colcon.colcon_core.shell:Skip shell extension 'dsv' for command environment
[0.665s] DEBUG:colcon.colcon_core.event_handler.log_command:Invoking command in '/home/sofia/sextoSem/TE3001B-2DoF-Robotic-Arm/build/desiredPosition_pkg': CMAKE_PREFIX_PATH=/home/sofia/sextoSem/TE3001B-2DoF-Robotic-Arm/install/pid_controller:/home/sofia/sextoSem/TE3001B-2DoF-Robotic-Arm/install/cinematica_inversa_pkg:/home/sofia/sextoSem/TE3001B-2DoF-Robotic-Arm/src/cinematica_inversa_pkg/install/cinematica_inversa_pkg:/opt/ros/humble /usr/bin/cmake /home/sofia/sextoSem/TE3001B-2DoF-Robotic-Arm/src/desiredPosition_pkg -DCMAKE_INSTALL_PREFIX=/home/sofia/sextoSem/TE3001B-2DoF-Robotic-Arm/install/desiredPosition_pkg
[0.926s] INFO:colcon.colcon_core.task.python.build:Building Python package in '/home/sofia/sextoSem/TE3001B-2DoF-Robotic-Arm/src/pid_controller'
[0.926s] INFO:colcon.colcon_core.shell:Skip shell extension 'powershell' for command environment: Not usable outside of PowerShell
[0.926s] DEBUG:colcon.colcon_core.shell:Skip shell extension 'dsv' for command environment
[1.218s] DEBUG:colcon.colcon_core.event_handler.log_command:Invoking command in '/home/sofia/sextoSem/TE3001B-2DoF-Robotic-Arm/src/pid_controller': PYTHONPATH=/home/sofia/sextoSem/TE3001B-2DoF-Robotic-Arm/build/pid_controller/prefix_override:/usr/lib/python3/dist-packages/colcon_core/task/python/colcon_distutils_commands:/home/sofia/sextoSem/TE3001B-2DoF-Robotic-Arm/install/pid_controller/lib/python3.10/site-packages:${PYTHONPATH} /usr/bin/python3 -W ignore:setup.py install is deprecated -W ignore:easy_install command is deprecated setup.py egg_info --egg-base ../../build/pid_controller build --build-base /home/sofia/sextoSem/TE3001B-2DoF-Robotic-Arm/build/pid_controller/build install --record /home/sofia/sextoSem/TE3001B-2DoF-Robotic-Arm/build/pid_controller/install.log --single-version-externally-managed install_data
[1.412s] DEBUG:colcon.colcon_core.event_handler.log_command:Invoked command in '/home/sofia/sextoSem/TE3001B-2DoF-Robotic-Arm/src/pid_controller' returned '0': PYTHONPATH=/home/sofia/sextoSem/TE3001B-2DoF-Robotic-Arm/build/pid_controller/prefix_override:/usr/lib/python3/dist-packages/colcon_core/task/python/colcon_distutils_commands:/home/sofia/sextoSem/TE3001B-2DoF-Robotic-Arm/install/pid_controller/lib/python3.10/site-packages:${PYTHONPATH} /usr/bin/python3 -W ignore:setup.py install is deprecated -W ignore:easy_install command is deprecated setup.py egg_info --egg-base ../../build/pid_controller build --build-base /home/sofia/sextoSem/TE3001B-2DoF-Robotic-Arm/build/pid_controller/build install --record /home/sofia/sextoSem/TE3001B-2DoF-Robotic-Arm/build/pid_controller/install.log --single-version-externally-managed install_data
[1.419s] Level 1:colcon.colcon_core.environment:checking '/home/sofia/sextoSem/TE3001B-2DoF-Robotic-Arm/install/pid_controller' for CMake module files
[1.419s] Level 1:colcon.colcon_core.environment:checking '/home/sofia/sextoSem/TE3001B-2DoF-Robotic-Arm/install/pid_controller' for CMake config files
[1.421s] Level 1:colcon.colcon_core.environment:checking '/home/sofia/sextoSem/TE3001B-2DoF-Robotic-Arm/install/pid_controller/lib'
[1.422s] Level 1:colcon.colcon_core.environment:checking '/home/sofia/sextoSem/TE3001B-2DoF-Robotic-Arm/install/pid_controller/bin'
[1.422s] Level 1:colcon.colcon_core.environment:checking '/home/sofia/sextoSem/TE3001B-2DoF-Robotic-Arm/install/pid_controller/lib/pkgconfig/pid_controller.pc'
[1.422s] Level 1:colcon.colcon_core.environment:checking '/home/sofia/sextoSem/TE3001B-2DoF-Robotic-Arm/install/pid_controller/lib/python3.10/site-packages'
[1.422s] Level 1:colcon.colcon_core.shell:create_environment_hook('pid_controller', 'pythonpath')
[1.422s] INFO:colcon.colcon_core.shell:Creating environment hook '/home/sofia/sextoSem/TE3001B-2DoF-Robotic-Arm/install/pid_controller/share/pid_controller/hook/pythonpath.ps1'
[1.423s] INFO:colcon.colcon_core.shell:Creating environment descriptor '/home/sofia/sextoSem/TE3001B-2DoF-Robotic-Arm/install/pid_controller/share/pid_controller/hook/pythonpath.dsv'
[1.423s] INFO:colcon.colcon_core.shell:Creating environment hook '/home/sofia/sextoSem/TE3001B-2DoF-Robotic-Arm/install/pid_controller/share/pid_controller/hook/pythonpath.sh'
[1.423s] Level 1:colcon.colcon_core.environment:checking '/home/sofia/sextoSem/TE3001B-2DoF-Robotic-Arm/install/pid_controller/bin'
[1.423s] Level 1:colcon.colcon_core.environment:create_environment_scripts_only(pid_controller)
[1.424s] INFO:colcon.colcon_core.shell:Creating package script '/home/sofia/sextoSem/TE3001B-2DoF-Robotic-Arm/install/pid_controller/share/pid_controller/package.ps1'
[1.424s] INFO:colcon.colcon_core.shell:Creating package descriptor '/home/sofia/sextoSem/TE3001B-2DoF-Robotic-Arm/install/pid_controller/share/pid_controller/package.dsv'
[1.425s] INFO:colcon.colcon_core.shell:Creating package script '/home/sofia/sextoSem/TE3001B-2DoF-Robotic-Arm/install/pid_controller/share/pid_controller/package.sh'
[1.426s] INFO:colcon.colcon_core.shell:Creating package script '/home/sofia/sextoSem/TE3001B-2DoF-Robotic-Arm/install/pid_controller/share/pid_controller/package.bash'
[1.426s] INFO:colcon.colcon_core.shell:Creating package script '/home/sofia/sextoSem/TE3001B-2DoF-Robotic-Arm/install/pid_controller/share/pid_controller/package.zsh'
[1.427s] Level 1:colcon.colcon_core.environment:create_file_with_runtime_dependencies(/home/sofia/sextoSem/TE3001B-2DoF-Robotic-Arm/install/pid_controller/share/colcon-core/packages/pid_controller)
[1.671s] DEBUG:colcon.colcon_core.event_handler.log_command:Invoked command in '/home/sofia/sextoSem/TE3001B-2DoF-Robotic-Arm/build/desiredPosition_pkg' returned '1': CMAKE_PREFIX_PATH=/home/sofia/sextoSem/TE3001B-2DoF-Robotic-Arm/install/pid_controller:/home/sofia/sextoSem/TE3001B-2DoF-Robotic-Arm/install/cinematica_inversa_pkg:/home/sofia/sextoSem/TE3001B-2DoF-Robotic-Arm/src/cinematica_inversa_pkg/install/cinematica_inversa_pkg:/opt/ros/humble /usr/bin/cmake /home/sofia/sextoSem/TE3001B-2DoF-Robotic-Arm/src/desiredPosition_pkg -DCMAKE_INSTALL_PREFIX=/home/sofia/sextoSem/TE3001B-2DoF-Robotic-Arm/install/desiredPosition_pkg
[1.681s] Level 1:colcon.colcon_core.environment:create_environment_scripts_only(desiredPosition_pkg)
[1.681s] Level 1:colcon.colcon_core.environment:checking '/home/sofia/sextoSem/TE3001B-2DoF-Robotic-Arm/install/desiredPosition_pkg' for CMake module files
[1.681s] Level 1:colcon.colcon_core.environment:checking '/home/sofia/sextoSem/TE3001B-2DoF-Robotic-Arm/install/desiredPosition_pkg' for CMake config files
[1.681s] Level 1:colcon.colcon_core.environment:checking '/home/sofia/sextoSem/TE3001B-2DoF-Robotic-Arm/install/desiredPosition_pkg/bin'
[1.681s] Level 1:colcon.colcon_core.environment:checking '/home/sofia/sextoSem/TE3001B-2DoF-Robotic-Arm/install/desiredPosition_pkg/lib/pkgconfig/desiredPosition_pkg.pc'
[1.682s] Level 1:colcon.colcon_core.environment:checking '/home/sofia/sextoSem/TE3001B-2DoF-Robotic-Arm/install/desiredPosition_pkg/lib/python3.10/site-packages'
[1.682s] Level 1:colcon.colcon_core.environment:checking '/home/sofia/sextoSem/TE3001B-2DoF-Robotic-Arm/install/desiredPosition_pkg/bin'
[1.682s] INFO:colcon.colcon_core.shell:Creating package script '/home/sofia/sextoSem/TE3001B-2DoF-Robotic-Arm/install/desiredPosition_pkg/share/desiredPosition_pkg/package.ps1'
[1.683s] INFO:colcon.colcon_core.shell:Creating package descriptor '/home/sofia/sextoSem/TE3001B-2DoF-Robotic-Arm/install/desiredPosition_pkg/share/desiredPosition_pkg/package.dsv'
[1.683s] INFO:colcon.colcon_core.shell:Creating package script '/home/sofia/sextoSem/TE3001B-2DoF-Robotic-Arm/install/desiredPosition_pkg/share/desiredPosition_pkg/package.sh'
[1.684s] INFO:colcon.colcon_core.shell:Creating package script '/home/sofia/sextoSem/TE3001B-2DoF-Robotic-Arm/install/desiredPosition_pkg/share/desiredPosition_pkg/package.bash'
[1.684s] INFO:colcon.colcon_core.shell:Creating package script '/home/sofia/sextoSem/TE3001B-2DoF-Robotic-Arm/install/desiredPosition_pkg/share/desiredPosition_pkg/package.zsh'
[1.684s] Level 1:colcon.colcon_core.environment:create_file_with_runtime_dependencies(/home/sofia/sextoSem/TE3001B-2DoF-Robotic-Arm/install/desiredPosition_pkg/share/colcon-core/packages/desiredPosition_pkg)
[1.696s] DEBUG:colcon.colcon_parallel_executor.executor.parallel:closing loop
[1.696s] DEBUG:colcon.colcon_parallel_executor.executor.parallel:loop closed
[1.696s] DEBUG:colcon.colcon_parallel_executor.executor.parallel:run_until_complete finished with '1'
[1.696s] DEBUG:colcon.colcon_core.event_reactor:joining thread
[1.708s] INFO:colcon.colcon_core.plugin_system:Skipping extension 'colcon_notification.desktop_notification.terminal_notifier': Not used on non-Darwin systems
[1.708s] INFO:colcon.colcon_core.plugin_system:Skipping extension 'colcon_notification.desktop_notification.win32': Not used on non-Windows systems
[1.708s] INFO:colcon.colcon_notification.desktop_notification:Sending desktop notification using 'notify2'
[1.728s] DEBUG:colcon.colcon_notification.desktop_notification.notify2:Failed to initialize notify2: org.freedesktop.DBus.Error.ServiceUnknown: The name org.freedesktop.Notifications was not provided by any .service files
[1.729s] DEBUG:colcon.colcon_core.event_reactor:joined thread
[1.729s] INFO:colcon.colcon_core.shell:Creating prefix script '/home/sofia/sextoSem/TE3001B-2DoF-Robotic-Arm/install/local_setup.ps1'
[1.730s] INFO:colcon.colcon_core.shell:Creating prefix util module '/home/sofia/sextoSem/TE3001B-2DoF-Robotic-Arm/install/_local_setup_util_ps1.py'
[1.731s] INFO:colcon.colcon_core.shell:Creating prefix chain script '/home/sofia/sextoSem/TE3001B-2DoF-Robotic-Arm/install/setup.ps1'
[1.733s] INFO:colcon.colcon_core.shell:Creating prefix script '/home/sofia/sextoSem/TE3001B-2DoF-Robotic-Arm/install/local_setup.sh'
[1.733s] INFO:colcon.colcon_core.shell:Creating prefix util module '/home/sofia/sextoSem/TE3001B-2DoF-Robotic-Arm/install/_local_setup_util_sh.py'
[1.733s] INFO:colcon.colcon_core.shell:Creating prefix chain script '/home/sofia/sextoSem/TE3001B-2DoF-Robotic-Arm/install/setup.sh'
[1.734s] INFO:colcon.colcon_core.shell:Creating prefix script '/home/sofia/sextoSem/TE3001B-2DoF-Robotic-Arm/install/local_setup.bash'
[1.735s] INFO:colcon.colcon_core.shell:Creating prefix chain script '/home/sofia/sextoSem/TE3001B-2DoF-Robotic-Arm/install/setup.bash'
[1.735s] INFO:colcon.colcon_core.shell:Creating prefix script '/home/sofia/sextoSem/TE3001B-2DoF-Robotic-Arm/install/local_setup.zsh'
[1.736s] INFO:colcon.colcon_core.shell:Creating prefix chain script '/home/sofia/sextoSem/TE3001B-2DoF-Robotic-Arm/install/setup.zsh'
