[0.034s] Invoking command in '/home/sofia/sextoSem/TE3001B-2DoF-Robotic-Arm/build/desiredPosition_pkg': CMAKE_PREFIX_PATH=/home/sofia/sextoSem/TE3001B-2DoF-Robotic-Arm/install/pid_controller:/home/sofia/sextoSem/TE3001B-2DoF-Robotic-Arm/install/cinematica_inversa_pkg:/home/sofia/sextoSem/TE3001B-2DoF-Robotic-Arm/src/cinematica_inversa_pkg/install/cinematica_inversa_pkg:/opt/ros/humble /usr/bin/cmake /home/sofia/sextoSem/TE3001B-2DoF-Robotic-Arm/src/desiredPosition_pkg -DCMAKE_INSTALL_PREFIX=/home/sofia/sextoSem/TE3001B-2DoF-Robotic-Arm/install/desiredPosition_pkg
[0.294s] -- The C compiler identification is GNU 11.4.0
[0.393s] -- The CXX compiler identification is GNU 11.4.0
[0.404s] -- Detecting C compiler ABI info
[0.485s] -- Detecting C compiler ABI info - done
[0.490s] -- Check for working C compiler: /usr/bin/cc - skipped
[0.491s] -- Detecting C compile features
[0.491s] -- Detecting C compile features - done
[0.495s] -- Detecting CXX compiler ABI info
[0.558s] -- Detecting CXX compiler ABI info - done
[0.563s] -- Check for working CXX compiler: /usr/bin/c++ - skipped
[0.564s] -- Detecting CXX compile features
[0.564s] -- Detecting CXX compile features - done
[0.572s] -- Found ament_cmake: 1.3.11 (/opt/ros/humble/share/ament_cmake/cmake)
[0.681s] -- Found Python3: /usr/bin/python3 (found version "3.10.12") found components: Interpreter 
[0.769s] -- Found rosidl_default_generators: 1.2.0 (/opt/ros/humble/share/rosidl_default_generators/cmake)
[0.776s] -- Using all available rosidl_typesupport_c: rosidl_typesupport_fastrtps_c;rosidl_typesupport_introspection_c
[0.784s] -- Found rosidl_adapter: 3.1.6 (/opt/ros/humble/share/rosidl_adapter/cmake)
[0.842s] -- Using all available rosidl_typesupport_cpp: rosidl_typesupport_fastrtps_cpp;rosidl_typesupport_introspection_cpp
[1.033s] [31mCMake Error at /opt/ros/humble/share/rosidl_adapter/cmake/rosidl_adapt_interfaces.cmake:59 (message):
[1.033s]   execute_process(/usr/bin/python3 -m rosidl_adapter --package-name
[1.033s]   desiredPosition_pkg --arguments-file
[1.033s]   /home/sofia/sextoSem/TE3001B-2DoF-Robotic-Arm/build/desiredPosition_pkg/rosidl_adapter__arguments__desiredPosition_pkg.json
[1.033s]   --output-dir
[1.033s]   /home/sofia/sextoSem/TE3001B-2DoF-Robotic-Arm/build/desiredPosition_pkg/rosidl_adapter/desiredPosition_pkg
[1.033s]   --output-file
[1.033s]   /home/sofia/sextoSem/TE3001B-2DoF-Robotic-Arm/build/desiredPosition_pkg/rosidl_adapter/desiredPosition_pkg.idls)
[1.033s]   returned error code 1:
[1.033s] 
[1.034s]   Traceback (most recent call last):
[1.034s] 
[1.034s]     File "/usr/lib/python3.10/runpy.py", line 196, in _run_module_as_main
[1.034s]       return _run_code(code, main_globals, None,
[1.034s]     File "/usr/lib/python3.10/runpy.py", line 86, in _run_code
[1.034s]       exec(code, run_globals)
[1.034s]     File "/opt/ros/humble/local/lib/python3.10/dist-packages/rosidl_adapter/__main__.py", line 19, in <module>
[1.034s]       sys.exit(main())
[1.034s]     File "/opt/ros/humble/local/lib/python3.10/dist-packages/rosidl_adapter/main.py", line 53, in main
[1.034s]       abs_idl_file = convert_to_idl(
[1.034s]     File "/opt/ros/humble/local/lib/python3.10/dist-packages/rosidl_adapter/__init__.py", line 24, in convert_to_idl
[1.034s]       return convert_srv_to_idl(
[1.034s]     File "/opt/ros/humble/local/lib/python3.10/dist-packages/rosidl_adapter/srv/__init__.py", line 28, in convert_srv_to_idl
[1.034s]       srv = parse_service_string(package_name, input_file.stem, content)
[1.034s]     File "/opt/ros/humble/local/lib/python3.10/dist-packages/rosidl_adapter/parser.py", line 859, in parse_service_string
[1.034s]       request_message = parse_message_string(
[1.034s]     File "/opt/ros/humble/local/lib/python3.10/dist-packages/rosidl_adapter/parser.py", line 544, in parse_message_string
[1.034s]       msg = MessageSpecification(pkg_name, msg_name, fields, constants)
[1.034s]     File "/opt/ros/humble/local/lib/python3.10/dist-packages/rosidl_adapter/parser.py", line 388, in __init__
[1.034s]       self.base_type = BaseType(
[1.034s]     File "/opt/ros/humble/local/lib/python3.10/dist-packages/rosidl_adapter/parser.py", line 201, in __init__
[1.034s]       raise InvalidResourceName(
[1.034s] 
[1.034s]   rosidl_adapter.parser.InvalidResourceName: 'desiredPosition_pkg' is an
[1.034s]   invalid package name.  It should have the pattern
[1.035s]   '^(?!.*__)(?!.*_$)[a-z][a-z0-9_]*$'
[1.035s] 
[1.035s] Call Stack (most recent call first):
[1.035s]   /opt/ros/humble/share/rosidl_cmake/cmake/rosidl_generate_interfaces.cmake:130 (rosidl_adapt_interfaces)
[1.035s]   CMakeLists.txt:15 (rosidl_generate_interfaces)
[1.035s] 
[1.035s] [0m
[1.035s] -- Configuring incomplete, errors occurred!
[1.035s] See also "/home/sofia/sextoSem/TE3001B-2DoF-Robotic-Arm/build/desiredPosition_pkg/CMakeFiles/CMakeOutput.log".
[1.040s] Invoked command in '/home/sofia/sextoSem/TE3001B-2DoF-Robotic-Arm/build/desiredPosition_pkg' returned '1': CMAKE_PREFIX_PATH=/home/sofia/sextoSem/TE3001B-2DoF-Robotic-Arm/install/pid_controller:/home/sofia/sextoSem/TE3001B-2DoF-Robotic-Arm/install/cinematica_inversa_pkg:/home/sofia/sextoSem/TE3001B-2DoF-Robotic-Arm/src/cinematica_inversa_pkg/install/cinematica_inversa_pkg:/opt/ros/humble /usr/bin/cmake /home/sofia/sextoSem/TE3001B-2DoF-Robotic-Arm/src/desiredPosition_pkg -DCMAKE_INSTALL_PREFIX=/home/sofia/sextoSem/TE3001B-2DoF-Robotic-Arm/install/desiredPosition_pkg
