running egg_info
creating ../../build/inverse_kinematics_pkg/inverse_kinematics_pkg.egg-info
writing ../../build/inverse_kinematics_pkg/inverse_kinematics_pkg.egg-info/PKG-INFO
writing dependency_links to ../../build/inverse_kinematics_pkg/inverse_kinematics_pkg.egg-info/dependency_links.txt
writing entry points to ../../build/inverse_kinematics_pkg/inverse_kinematics_pkg.egg-info/entry_points.txt
writing requirements to ../../build/inverse_kinematics_pkg/inverse_kinematics_pkg.egg-info/requires.txt
writing top-level names to ../../build/inverse_kinematics_pkg/inverse_kinematics_pkg.egg-info/top_level.txt
writing manifest file '../../build/inverse_kinematics_pkg/inverse_kinematics_pkg.egg-info/SOURCES.txt'
reading manifest file '../../build/inverse_kinematics_pkg/inverse_kinematics_pkg.egg-info/SOURCES.txt'
writing manifest file '../../build/inverse_kinematics_pkg/inverse_kinematics_pkg.egg-info/SOURCES.txt'
running build
running build_py
creating /home/sofia/sextoSem/TE3001B-2DoF-Robotic-Arm/build/inverse_kinematics_pkg/build
creating /home/sofia/sextoSem/TE3001B-2DoF-Robotic-Arm/build/inverse_kinematics_pkg/build/lib
creating /home/sofia/sextoSem/TE3001B-2DoF-Robotic-Arm/build/inverse_kinematics_pkg/build/lib/inverse_kinematics_pkg
copying inverse_kinematics_pkg/nodo_cliente.py -> /home/sofia/sextoSem/TE3001B-2DoF-Robotic-Arm/build/inverse_kinematics_pkg/build/lib/inverse_kinematics_pkg
copying inverse_kinematics_pkg/nodo_servidor.py -> /home/sofia/sextoSem/TE3001B-2DoF-Robotic-Arm/build/inverse_kinematics_pkg/build/lib/inverse_kinematics_pkg
copying inverse_kinematics_pkg/__init__.py -> /home/sofia/sextoSem/TE3001B-2DoF-Robotic-Arm/build/inverse_kinematics_pkg/build/lib/inverse_kinematics_pkg
running install
running install_lib
creating /home/sofia/sextoSem/TE3001B-2DoF-Robotic-Arm/install/inverse_kinematics_pkg/lib/python3.10/site-packages/inverse_kinematics_pkg
copying /home/sofia/sextoSem/TE3001B-2DoF-Robotic-Arm/build/inverse_kinematics_pkg/build/lib/inverse_kinematics_pkg/nodo_cliente.py -> /home/sofia/sextoSem/TE3001B-2DoF-Robotic-Arm/install/inverse_kinematics_pkg/lib/python3.10/site-packages/inverse_kinematics_pkg
copying /home/sofia/sextoSem/TE3001B-2DoF-Robotic-Arm/build/inverse_kinematics_pkg/build/lib/inverse_kinematics_pkg/nodo_servidor.py -> /home/sofia/sextoSem/TE3001B-2DoF-Robotic-Arm/install/inverse_kinematics_pkg/lib/python3.10/site-packages/inverse_kinematics_pkg
copying /home/sofia/sextoSem/TE3001B-2DoF-Robotic-Arm/build/inverse_kinematics_pkg/build/lib/inverse_kinematics_pkg/__init__.py -> /home/sofia/sextoSem/TE3001B-2DoF-Robotic-Arm/install/inverse_kinematics_pkg/lib/python3.10/site-packages/inverse_kinematics_pkg
byte-compiling /home/sofia/sextoSem/TE3001B-2DoF-Robotic-Arm/install/inverse_kinematics_pkg/lib/python3.10/site-packages/inverse_kinematics_pkg/nodo_cliente.py to nodo_cliente.cpython-310.pyc
byte-compiling /home/sofia/sextoSem/TE3001B-2DoF-Robotic-Arm/install/inverse_kinematics_pkg/lib/python3.10/site-packages/inverse_kinematics_pkg/nodo_servidor.py to nodo_servidor.cpython-310.pyc
byte-compiling /home/sofia/sextoSem/TE3001B-2DoF-Robotic-Arm/install/inverse_kinematics_pkg/lib/python3.10/site-packages/inverse_kinematics_pkg/__init__.py to __init__.cpython-310.pyc
running install_data
creating /home/sofia/sextoSem/TE3001B-2DoF-Robotic-Arm/install/inverse_kinematics_pkg/share/ament_index
creating /home/sofia/sextoSem/TE3001B-2DoF-Robotic-Arm/install/inverse_kinematics_pkg/share/ament_index/resource_index
creating /home/sofia/sextoSem/TE3001B-2DoF-Robotic-Arm/install/inverse_kinematics_pkg/share/ament_index/resource_index/packages
copying resource/inverse_kinematics_pkg -> /home/sofia/sextoSem/TE3001B-2DoF-Robotic-Arm/install/inverse_kinematics_pkg/share/ament_index/resource_index/packages
copying package.xml -> /home/sofia/sextoSem/TE3001B-2DoF-Robotic-Arm/install/inverse_kinematics_pkg/share/inverse_kinematics_pkg
running install_egg_info
Copying ../../build/inverse_kinematics_pkg/inverse_kinematics_pkg.egg-info to /home/sofia/sextoSem/TE3001B-2DoF-Robotic-Arm/install/inverse_kinematics_pkg/lib/python3.10/site-packages/inverse_kinematics_pkg-0.0.0-py3.10.egg-info
running install_scripts
writing list of installed files to '/home/sofia/sextoSem/TE3001B-2DoF-Robotic-Arm/build/inverse_kinematics_pkg/install.log'
