[0.418s] Invoking command in '/home/sofia/sextoSem/TE3001B-2DoF-Robotic-Arm/src/inverse_kinematics_pkg': PYTHONPATH=/home/sofia/sextoSem/TE3001B-2DoF-Robotic-Arm/build/inverse_kinematics_pkg/prefix_override:/usr/lib/python3/dist-packages/colcon_core/task/python/colcon_distutils_commands:/home/sofia/sextoSem/TE3001B-2DoF-Robotic-Arm/install/inverse_kinematics_pkg/lib/python3.10/site-packages:${PYTHONPATH} /usr/bin/python3 -W ignore:setup.py install is deprecated -W ignore:easy_install command is deprecated setup.py egg_info --egg-base ../../build/inverse_kinematics_pkg build --build-base /home/sofia/sextoSem/TE3001B-2DoF-Robotic-Arm/build/inverse_kinematics_pkg/build install --record /home/sofia/sextoSem/TE3001B-2DoF-Robotic-Arm/build/inverse_kinematics_pkg/install.log --single-version-externally-managed install_data
[0.556s] running egg_info
[0.556s] creating ../../build/inverse_kinematics_pkg/inverse_kinematics_pkg.egg-info
[0.557s] writing ../../build/inverse_kinematics_pkg/inverse_kinematics_pkg.egg-info/PKG-INFO
[0.557s] writing dependency_links to ../../build/inverse_kinematics_pkg/inverse_kinematics_pkg.egg-info/dependency_links.txt
[0.557s] writing entry points to ../../build/inverse_kinematics_pkg/inverse_kinematics_pkg.egg-info/entry_points.txt
[0.557s] writing requirements to ../../build/inverse_kinematics_pkg/inverse_kinematics_pkg.egg-info/requires.txt
[0.558s] writing top-level names to ../../build/inverse_kinematics_pkg/inverse_kinematics_pkg.egg-info/top_level.txt
[0.558s] writing manifest file '../../build/inverse_kinematics_pkg/inverse_kinematics_pkg.egg-info/SOURCES.txt'
[0.559s] reading manifest file '../../build/inverse_kinematics_pkg/inverse_kinematics_pkg.egg-info/SOURCES.txt'
[0.560s] writing manifest file '../../build/inverse_kinematics_pkg/inverse_kinematics_pkg.egg-info/SOURCES.txt'
[0.560s] running build
[0.561s] running build_py
[0.561s] creating /home/sofia/sextoSem/TE3001B-2DoF-Robotic-Arm/build/inverse_kinematics_pkg/build
[0.561s] creating /home/sofia/sextoSem/TE3001B-2DoF-Robotic-Arm/build/inverse_kinematics_pkg/build/lib
[0.561s] creating /home/sofia/sextoSem/TE3001B-2DoF-Robotic-Arm/build/inverse_kinematics_pkg/build/lib/inverse_kinematics_pkg
[0.562s] copying inverse_kinematics_pkg/nodo_cliente.py -> /home/sofia/sextoSem/TE3001B-2DoF-Robotic-Arm/build/inverse_kinematics_pkg/build/lib/inverse_kinematics_pkg
[0.562s] copying inverse_kinematics_pkg/nodo_servidor.py -> /home/sofia/sextoSem/TE3001B-2DoF-Robotic-Arm/build/inverse_kinematics_pkg/build/lib/inverse_kinematics_pkg
[0.563s] copying inverse_kinematics_pkg/__init__.py -> /home/sofia/sextoSem/TE3001B-2DoF-Robotic-Arm/build/inverse_kinematics_pkg/build/lib/inverse_kinematics_pkg
[0.563s] running install
[0.563s] running install_lib
[0.564s] creating /home/sofia/sextoSem/TE3001B-2DoF-Robotic-Arm/install/inverse_kinematics_pkg/lib/python3.10/site-packages/inverse_kinematics_pkg
[0.564s] copying /home/sofia/sextoSem/TE3001B-2DoF-Robotic-Arm/build/inverse_kinematics_pkg/build/lib/inverse_kinematics_pkg/nodo_cliente.py -> /home/sofia/sextoSem/TE3001B-2DoF-Robotic-Arm/install/inverse_kinematics_pkg/lib/python3.10/site-packages/inverse_kinematics_pkg
[0.564s] copying /home/sofia/sextoSem/TE3001B-2DoF-Robotic-Arm/build/inverse_kinematics_pkg/build/lib/inverse_kinematics_pkg/nodo_servidor.py -> /home/sofia/sextoSem/TE3001B-2DoF-Robotic-Arm/install/inverse_kinematics_pkg/lib/python3.10/site-packages/inverse_kinematics_pkg
[0.564s] copying /home/sofia/sextoSem/TE3001B-2DoF-Robotic-Arm/build/inverse_kinematics_pkg/build/lib/inverse_kinematics_pkg/__init__.py -> /home/sofia/sextoSem/TE3001B-2DoF-Robotic-Arm/install/inverse_kinematics_pkg/lib/python3.10/site-packages/inverse_kinematics_pkg
[0.565s] byte-compiling /home/sofia/sextoSem/TE3001B-2DoF-Robotic-Arm/install/inverse_kinematics_pkg/lib/python3.10/site-packages/inverse_kinematics_pkg/nodo_cliente.py to nodo_cliente.cpython-310.pyc
[0.566s] byte-compiling /home/sofia/sextoSem/TE3001B-2DoF-Robotic-Arm/install/inverse_kinematics_pkg/lib/python3.10/site-packages/inverse_kinematics_pkg/nodo_servidor.py to nodo_servidor.cpython-310.pyc
[0.567s] byte-compiling /home/sofia/sextoSem/TE3001B-2DoF-Robotic-Arm/install/inverse_kinematics_pkg/lib/python3.10/site-packages/inverse_kinematics_pkg/__init__.py to __init__.cpython-310.pyc
[0.567s] running install_data
[0.567s] creating /home/sofia/sextoSem/TE3001B-2DoF-Robotic-Arm/install/inverse_kinematics_pkg/share/ament_index
[0.568s] creating /home/sofia/sextoSem/TE3001B-2DoF-Robotic-Arm/install/inverse_kinematics_pkg/share/ament_index/resource_index
[0.568s] creating /home/sofia/sextoSem/TE3001B-2DoF-Robotic-Arm/install/inverse_kinematics_pkg/share/ament_index/resource_index/packages
[0.568s] copying resource/inverse_kinematics_pkg -> /home/sofia/sextoSem/TE3001B-2DoF-Robotic-Arm/install/inverse_kinematics_pkg/share/ament_index/resource_index/packages
[0.568s] copying package.xml -> /home/sofia/sextoSem/TE3001B-2DoF-Robotic-Arm/install/inverse_kinematics_pkg/share/inverse_kinematics_pkg
[0.568s] running install_egg_info
[0.570s] Copying ../../build/inverse_kinematics_pkg/inverse_kinematics_pkg.egg-info to /home/sofia/sextoSem/TE3001B-2DoF-Robotic-Arm/install/inverse_kinematics_pkg/lib/python3.10/site-packages/inverse_kinematics_pkg-0.0.0-py3.10.egg-info
[0.571s] running install_scripts
[0.586s] writing list of installed files to '/home/sofia/sextoSem/TE3001B-2DoF-Robotic-Arm/build/inverse_kinematics_pkg/install.log'
[0.608s] Invoked command in '/home/sofia/sextoSem/TE3001B-2DoF-Robotic-Arm/src/inverse_kinematics_pkg' returned '0': PYTHONPATH=/home/sofia/sextoSem/TE3001B-2DoF-Robotic-Arm/build/inverse_kinematics_pkg/prefix_override:/usr/lib/python3/dist-packages/colcon_core/task/python/colcon_distutils_commands:/home/sofia/sextoSem/TE3001B-2DoF-Robotic-Arm/install/inverse_kinematics_pkg/lib/python3.10/site-packages:${PYTHONPATH} /usr/bin/python3 -W ignore:setup.py install is deprecated -W ignore:easy_install command is deprecated setup.py egg_info --egg-base ../../build/inverse_kinematics_pkg build --build-base /home/sofia/sextoSem/TE3001B-2DoF-Robotic-Arm/build/inverse_kinematics_pkg/build install --record /home/sofia/sextoSem/TE3001B-2DoF-Robotic-Arm/build/inverse_kinematics_pkg/install.log --single-version-externally-managed install_data
