running egg_info
writing ../../build/inverse_kinematics_pkg/inverse_kinematics_pkg.egg-info/PKG-INFO
writing dependency_links to ../../build/inverse_kinematics_pkg/inverse_kinematics_pkg.egg-info/dependency_links.txt
writing entry points to ../../build/inverse_kinematics_pkg/inverse_kinematics_pkg.egg-info/entry_points.txt
writing requirements to ../../build/inverse_kinematics_pkg/inverse_kinematics_pkg.egg-info/requires.txt
writing top-level names to ../../build/inverse_kinematics_pkg/inverse_kinematics_pkg.egg-info/top_level.txt
reading manifest file '../../build/inverse_kinematics_pkg/inverse_kinematics_pkg.egg-info/SOURCES.txt'
writing manifest file '../../build/inverse_kinematics_pkg/inverse_kinematics_pkg.egg-info/SOURCES.txt'
running build
running build_py
running install
running install_lib
running install_data
copying package.xml -> /home/sofia/sextoSem/TE3001B-2DoF-Robotic-Arm/install/inverse_kinematics_pkg/share/inverse_kinematics_pkg
running install_egg_info
removing '/home/sofia/sextoSem/TE3001B-2DoF-Robotic-Arm/install/inverse_kinematics_pkg/lib/python3.10/site-packages/inverse_kinematics_pkg-0.0.0-py3.10.egg-info' (and everything under it)
Copying ../../build/inverse_kinematics_pkg/inverse_kinematics_pkg.egg-info to /home/sofia/sextoSem/TE3001B-2DoF-Robotic-Arm/install/inverse_kinematics_pkg/lib/python3.10/site-packages/inverse_kinematics_pkg-0.0.0-py3.10.egg-info
running install_scripts
Installing inverse_kinematics_cliente script to /home/sofia/sextoSem/TE3001B-2DoF-Robotic-Arm/install/inverse_kinematics_pkg/lib/inverse_kinematics_pkg
Installing inverse_kinematics_servidor script to /home/sofia/sextoSem/TE3001B-2DoF-Robotic-Arm/install/inverse_kinematics_pkg/lib/inverse_kinematics_pkg
writing list of installed files to '/home/sofia/sextoSem/TE3001B-2DoF-Robotic-Arm/build/inverse_kinematics_pkg/install.log'
