[0.441s] Invoking command in '/home/sofia/sextoSem/TE3001B-2DoF-Robotic-Arm/src/inverse_kinematics_pkg': AMENT_PREFIX_PATH=/home/sofia/sextoSem/TE3001B-2DoF-Robotic-Arm/install/desired_position_pkg:${AMENT_PREFIX_PATH} CMAKE_PREFIX_PATH=/home/sofia/sextoSem/TE3001B-2DoF-Robotic-Arm/install/desired_position_pkg LD_LIBRARY_PATH=/home/sofia/sextoSem/TE3001B-2DoF-Robotic-Arm/install/desired_position_pkg/lib:${LD_LIBRARY_PATH} PYTHONPATH=/home/sofia/sextoSem/TE3001B-2DoF-Robotic-Arm/build/inverse_kinematics_pkg/prefix_override:/usr/lib/python3/dist-packages/colcon_core/task/python/colcon_distutils_commands:/home/sofia/sextoSem/TE3001B-2DoF-Robotic-Arm/install/inverse_kinematics_pkg/lib/python3.10/site-packages:/home/sofia/sextoSem/TE3001B-2DoF-Robotic-Arm/install/desired_position_pkg/local/lib/python3.10/dist-packages:${PYTHONPATH} /usr/bin/python3 -W ignore:setup.py install is deprecated -W ignore:easy_install command is deprecated setup.py egg_info --egg-base ../../build/inverse_kinematics_pkg build --build-base /home/sofia/sextoSem/TE3001B-2DoF-Robotic-Arm/build/inverse_kinematics_pkg/build install --record /home/sofia/sextoSem/TE3001B-2DoF-Robotic-Arm/build/inverse_kinematics_pkg/install.log --single-version-externally-managed install_data
[0.593s] running egg_info
[0.594s] writing ../../build/inverse_kinematics_pkg/inverse_kinematics_pkg.egg-info/PKG-INFO
[0.594s] writing dependency_links to ../../build/inverse_kinematics_pkg/inverse_kinematics_pkg.egg-info/dependency_links.txt
[0.594s] writing entry points to ../../build/inverse_kinematics_pkg/inverse_kinematics_pkg.egg-info/entry_points.txt
[0.594s] writing requirements to ../../build/inverse_kinematics_pkg/inverse_kinematics_pkg.egg-info/requires.txt
[0.594s] writing top-level names to ../../build/inverse_kinematics_pkg/inverse_kinematics_pkg.egg-info/top_level.txt
[0.596s] reading manifest file '../../build/inverse_kinematics_pkg/inverse_kinematics_pkg.egg-info/SOURCES.txt'
[0.597s] writing manifest file '../../build/inverse_kinematics_pkg/inverse_kinematics_pkg.egg-info/SOURCES.txt'
[0.597s] running build
[0.597s] running build_py
[0.598s] running install
[0.598s] running install_lib
[0.599s] running install_data
[0.599s] running install_egg_info
[0.601s] removing '/home/sofia/sextoSem/TE3001B-2DoF-Robotic-Arm/install/inverse_kinematics_pkg/lib/python3.10/site-packages/inverse_kinematics_pkg-0.0.0-py3.10.egg-info' (and everything under it)
[0.602s] Copying ../../build/inverse_kinematics_pkg/inverse_kinematics_pkg.egg-info to /home/sofia/sextoSem/TE3001B-2DoF-Robotic-Arm/install/inverse_kinematics_pkg/lib/python3.10/site-packages/inverse_kinematics_pkg-0.0.0-py3.10.egg-info
[0.604s] running install_scripts
[0.619s] Installing inverse_kinematics_cliente script to /home/sofia/sextoSem/TE3001B-2DoF-Robotic-Arm/install/inverse_kinematics_pkg/lib/inverse_kinematics_pkg
[0.619s] Installing inverse_kinematics_servidor script to /home/sofia/sextoSem/TE3001B-2DoF-Robotic-Arm/install/inverse_kinematics_pkg/lib/inverse_kinematics_pkg
[0.620s] writing list of installed files to '/home/sofia/sextoSem/TE3001B-2DoF-Robotic-Arm/build/inverse_kinematics_pkg/install.log'
[0.642s] Invoked command in '/home/sofia/sextoSem/TE3001B-2DoF-Robotic-Arm/src/inverse_kinematics_pkg' returned '0': AMENT_PREFIX_PATH=/home/sofia/sextoSem/TE3001B-2DoF-Robotic-Arm/install/desired_position_pkg:${AMENT_PREFIX_PATH} CMAKE_PREFIX_PATH=/home/sofia/sextoSem/TE3001B-2DoF-Robotic-Arm/install/desired_position_pkg LD_LIBRARY_PATH=/home/sofia/sextoSem/TE3001B-2DoF-Robotic-Arm/install/desired_position_pkg/lib:${LD_LIBRARY_PATH} PYTHONPATH=/home/sofia/sextoSem/TE3001B-2DoF-Robotic-Arm/build/inverse_kinematics_pkg/prefix_override:/usr/lib/python3/dist-packages/colcon_core/task/python/colcon_distutils_commands:/home/sofia/sextoSem/TE3001B-2DoF-Robotic-Arm/install/inverse_kinematics_pkg/lib/python3.10/site-packages:/home/sofia/sextoSem/TE3001B-2DoF-Robotic-Arm/install/desired_position_pkg/local/lib/python3.10/dist-packages:${PYTHONPATH} /usr/bin/python3 -W ignore:setup.py install is deprecated -W ignore:easy_install command is deprecated setup.py egg_info --egg-base ../../build/inverse_kinematics_pkg build --build-base /home/sofia/sextoSem/TE3001B-2DoF-Robotic-Arm/build/inverse_kinematics_pkg/build install --record /home/sofia/sextoSem/TE3001B-2DoF-Robotic-Arm/build/inverse_kinematics_pkg/install.log --single-version-externally-managed install_data
