[0.126s] DEBUG:colcon:Command line arguments: ['/usr/bin/colcon', 'build']
[0.126s] DEBUG:colcon:Parsed command line arguments: Namespace(log_base=None, log_level=None, verb_name='build', build_base='build', install_base='install', merge_install=False, symlink_install=False, test_result_base=None, continue_on_error=False, executor='parallel', parallel_workers=12, event_handlers=None, ignore_user_meta=False, metas=['./colcon.meta'], base_paths=['.'], packages_ignore=None, packages_ignore_regex=None, paths=None, packages_up_to=None, packages_up_to_regex=None, packages_above=None, packages_above_and_dependencies=None, packages_above_depth=None, packages_select_by_dep=None, packages_skip_by_dep=None, packages_skip_up_to=None, packages_select_build_failed=False, packages_skip_build_finished=False, packages_select_test_failures=False, packages_skip_test_passed=False, packages_select=None, packages_skip=None, packages_select_regex=None, packages_skip_regex=None, packages_start=None, packages_end=None, allow_overriding=[], cmake_args=None, cmake_target=None, cmake_target_skip_unavailable=False, cmake_clean_cache=False, cmake_clean_first=False, cmake_force_configure=False, ament_cmake_args=None, catkin_cmake_args=None, catkin_skip_building_tests=False, verb_parser=<colcon_defaults.argument_parser.defaults.DefaultArgumentsDecorator object at 0x7fce1639a680>, verb_extension=<colcon_core.verb.build.BuildVerb object at 0x7fce16399840>, main=<bound method BuildVerb.main of <colcon_core.verb.build.BuildVerb object at 0x7fce16399840>>)
[0.346s] Level 1:colcon.colcon_core.package_discovery:discover_packages(colcon_meta) check parameters
[0.346s] Level 1:colcon.colcon_core.package_discovery:discover_packages(recursive) check parameters
[0.346s] Level 1:colcon.colcon_core.package_discovery:discover_packages(ignore) check parameters
[0.346s] Level 1:colcon.colcon_core.package_discovery:discover_packages(path) check parameters
[0.346s] Level 1:colcon.colcon_core.package_discovery:discover_packages(colcon_meta) discover
[0.346s] Level 1:colcon.colcon_core.package_discovery:discover_packages(recursive) discover
[0.346s] INFO:colcon.colcon_core.package_discovery:Crawling recursively for packages in '/home/sofia/sextoSem/TE3001B-2DoF-Robotic-Arm'
[0.346s] Level 1:colcon.colcon_core.package_identification:_identify(.) by extensions ['ignore', 'ignore_ament_install']
[0.347s] Level 1:colcon.colcon_core.package_identification:_identify(.) by extension 'ignore'
[0.347s] Level 1:colcon.colcon_core.package_identification:_identify(.) by extension 'ignore_ament_install'
[0.347s] Level 1:colcon.colcon_core.package_identification:_identify(.) by extensions ['colcon_pkg']
[0.347s] Level 1:colcon.colcon_core.package_identification:_identify(.) by extension 'colcon_pkg'
[0.347s] Level 1:colcon.colcon_core.package_identification:_identify(.) by extensions ['colcon_meta']
[0.347s] Level 1:colcon.colcon_core.package_identification:_identify(.) by extension 'colcon_meta'
[0.347s] Level 1:colcon.colcon_core.package_identification:_identify(.) by extensions ['ros']
[0.347s] Level 1:colcon.colcon_core.package_identification:_identify(.) by extension 'ros'
[0.358s] Level 1:colcon.colcon_core.package_identification:_identify(.) by extensions ['cmake', 'python']
[0.358s] Level 1:colcon.colcon_core.package_identification:_identify(.) by extension 'cmake'
[0.358s] Level 1:colcon.colcon_core.package_identification:_identify(.) by extension 'python'
[0.358s] Level 1:colcon.colcon_core.package_identification:_identify(.) by extensions ['python_setup_py']
[0.358s] Level 1:colcon.colcon_core.package_identification:_identify(.) by extension 'python_setup_py'
[0.358s] Level 1:colcon.colcon_core.package_identification:_identify(build) by extensions ['ignore', 'ignore_ament_install']
[0.359s] Level 1:colcon.colcon_core.package_identification:_identify(build) by extension 'ignore'
[0.359s] Level 1:colcon.colcon_core.package_identification:_identify(build) ignored
[0.359s] Level 1:colcon.colcon_core.package_identification:_identify(install) by extensions ['ignore', 'ignore_ament_install']
[0.359s] Level 1:colcon.colcon_core.package_identification:_identify(install) by extension 'ignore'
[0.359s] Level 1:colcon.colcon_core.package_identification:_identify(install) ignored
[0.359s] Level 1:colcon.colcon_core.package_identification:_identify(log) by extensions ['ignore', 'ignore_ament_install']
[0.359s] Level 1:colcon.colcon_core.package_identification:_identify(log) by extension 'ignore'
[0.359s] Level 1:colcon.colcon_core.package_identification:_identify(log) ignored
[0.359s] Level 1:colcon.colcon_core.package_identification:_identify(src) by extensions ['ignore', 'ignore_ament_install']
[0.360s] Level 1:colcon.colcon_core.package_identification:_identify(src) by extension 'ignore'
[0.360s] Level 1:colcon.colcon_core.package_identification:_identify(src) by extension 'ignore_ament_install'
[0.360s] Level 1:colcon.colcon_core.package_identification:_identify(src) by extensions ['colcon_pkg']
[0.360s] Level 1:colcon.colcon_core.package_identification:_identify(src) by extension 'colcon_pkg'
[0.360s] Level 1:colcon.colcon_core.package_identification:_identify(src) by extensions ['colcon_meta']
[0.360s] Level 1:colcon.colcon_core.package_identification:_identify(src) by extension 'colcon_meta'
[0.360s] Level 1:colcon.colcon_core.package_identification:_identify(src) by extensions ['ros']
[0.360s] Level 1:colcon.colcon_core.package_identification:_identify(src) by extension 'ros'
[0.360s] Level 1:colcon.colcon_core.package_identification:_identify(src) by extensions ['cmake', 'python']
[0.360s] Level 1:colcon.colcon_core.package_identification:_identify(src) by extension 'cmake'
[0.360s] Level 1:colcon.colcon_core.package_identification:_identify(src) by extension 'python'
[0.360s] Level 1:colcon.colcon_core.package_identification:_identify(src) by extensions ['python_setup_py']
[0.360s] Level 1:colcon.colcon_core.package_identification:_identify(src) by extension 'python_setup_py'
[0.360s] Level 1:colcon.colcon_core.package_identification:_identify(src/desired_position_pkg) by extensions ['ignore', 'ignore_ament_install']
[0.360s] Level 1:colcon.colcon_core.package_identification:_identify(src/desired_position_pkg) by extension 'ignore'
[0.360s] Level 1:colcon.colcon_core.package_identification:_identify(src/desired_position_pkg) by extension 'ignore_ament_install'
[0.360s] Level 1:colcon.colcon_core.package_identification:_identify(src/desired_position_pkg) by extensions ['colcon_pkg']
[0.360s] Level 1:colcon.colcon_core.package_identification:_identify(src/desired_position_pkg) by extension 'colcon_pkg'
[0.360s] Level 1:colcon.colcon_core.package_identification:_identify(src/desired_position_pkg) by extensions ['colcon_meta']
[0.360s] Level 1:colcon.colcon_core.package_identification:_identify(src/desired_position_pkg) by extension 'colcon_meta'
[0.360s] Level 1:colcon.colcon_core.package_identification:_identify(src/desired_position_pkg) by extensions ['ros']
[0.360s] Level 1:colcon.colcon_core.package_identification:_identify(src/desired_position_pkg) by extension 'ros'
[0.363s] DEBUG:colcon.colcon_core.package_identification:Package 'src/desired_position_pkg' with type 'ros.ament_cmake' and name 'desired_position_pkg'
[0.364s] Level 1:colcon.colcon_core.package_identification:_identify(src/inverse_kinematics_pkg) by extensions ['ignore', 'ignore_ament_install']
[0.364s] Level 1:colcon.colcon_core.package_identification:_identify(src/inverse_kinematics_pkg) by extension 'ignore'
[0.364s] Level 1:colcon.colcon_core.package_identification:_identify(src/inverse_kinematics_pkg) by extension 'ignore_ament_install'
[0.364s] Level 1:colcon.colcon_core.package_identification:_identify(src/inverse_kinematics_pkg) by extensions ['colcon_pkg']
[0.364s] Level 1:colcon.colcon_core.package_identification:_identify(src/inverse_kinematics_pkg) by extension 'colcon_pkg'
[0.364s] Level 1:colcon.colcon_core.package_identification:_identify(src/inverse_kinematics_pkg) by extensions ['colcon_meta']
[0.364s] Level 1:colcon.colcon_core.package_identification:_identify(src/inverse_kinematics_pkg) by extension 'colcon_meta'
[0.364s] Level 1:colcon.colcon_core.package_identification:_identify(src/inverse_kinematics_pkg) by extensions ['ros']
[0.364s] Level 1:colcon.colcon_core.package_identification:_identify(src/inverse_kinematics_pkg) by extension 'ros'
[0.365s] DEBUG:colcon.colcon_core.package_identification:Package 'src/inverse_kinematics_pkg' with type 'ros.ament_python' and name 'inverse_kinematics_pkg'
[0.365s] Level 1:colcon.colcon_core.package_identification:_identify(src/pid_controller) by extensions ['ignore', 'ignore_ament_install']
[0.365s] Level 1:colcon.colcon_core.package_identification:_identify(src/pid_controller) by extension 'ignore'
[0.365s] Level 1:colcon.colcon_core.package_identification:_identify(src/pid_controller) by extension 'ignore_ament_install'
[0.365s] Level 1:colcon.colcon_core.package_identification:_identify(src/pid_controller) by extensions ['colcon_pkg']
[0.365s] Level 1:colcon.colcon_core.package_identification:_identify(src/pid_controller) by extension 'colcon_pkg'
[0.365s] Level 1:colcon.colcon_core.package_identification:_identify(src/pid_controller) by extensions ['colcon_meta']
[0.365s] Level 1:colcon.colcon_core.package_identification:_identify(src/pid_controller) by extension 'colcon_meta'
[0.365s] Level 1:colcon.colcon_core.package_identification:_identify(src/pid_controller) by extensions ['ros']
[0.365s] Level 1:colcon.colcon_core.package_identification:_identify(src/pid_controller) by extension 'ros'
[0.366s] DEBUG:colcon.colcon_core.package_identification:Package 'src/pid_controller' with type 'ros.ament_python' and name 'pid_controller'
[0.366s] Level 1:colcon.colcon_core.package_discovery:discover_packages(recursive) using defaults
[0.366s] Level 1:colcon.colcon_core.package_discovery:discover_packages(ignore) discover
[0.366s] Level 1:colcon.colcon_core.package_discovery:discover_packages(ignore) using defaults
[0.366s] Level 1:colcon.colcon_core.package_discovery:discover_packages(path) discover
[0.366s] Level 1:colcon.colcon_core.package_discovery:discover_packages(path) using defaults
[0.402s] Level 1:colcon.colcon_core.package_discovery:discover_packages(prefix_path) check parameters
[0.402s] Level 1:colcon.colcon_core.package_discovery:discover_packages(prefix_path) discover
[0.407s] DEBUG:colcon.colcon_installed_package_information.package_discovery:Found 271 installed packages in /opt/ros/humble
[0.411s] Level 1:colcon.colcon_core.package_discovery:discover_packages(prefix_path) using defaults
[0.456s] Level 5:colcon.colcon_core.verb:set package 'desired_position_pkg' build argument 'cmake_args' from command line to 'None'
[0.456s] Level 5:colcon.colcon_core.verb:set package 'desired_position_pkg' build argument 'cmake_target' from command line to 'None'
[0.456s] Level 5:colcon.colcon_core.verb:set package 'desired_position_pkg' build argument 'cmake_target_skip_unavailable' from command line to 'False'
[0.456s] Level 5:colcon.colcon_core.verb:set package 'desired_position_pkg' build argument 'cmake_clean_cache' from command line to 'False'
[0.456s] Level 5:colcon.colcon_core.verb:set package 'desired_position_pkg' build argument 'cmake_clean_first' from command line to 'False'
[0.456s] Level 5:colcon.colcon_core.verb:set package 'desired_position_pkg' build argument 'cmake_force_configure' from command line to 'False'
[0.456s] Level 5:colcon.colcon_core.verb:set package 'desired_position_pkg' build argument 'ament_cmake_args' from command line to 'None'
[0.456s] Level 5:colcon.colcon_core.verb:set package 'desired_position_pkg' build argument 'catkin_cmake_args' from command line to 'None'
[0.456s] Level 5:colcon.colcon_core.verb:set package 'desired_position_pkg' build argument 'catkin_skip_building_tests' from command line to 'False'
[0.456s] DEBUG:colcon.colcon_core.verb:Building package 'desired_position_pkg' with the following arguments: {'ament_cmake_args': None, 'build_base': '/home/sofia/sextoSem/TE3001B-2DoF-Robotic-Arm/build/desired_position_pkg', 'catkin_cmake_args': None, 'catkin_skip_building_tests': False, 'cmake_args': None, 'cmake_clean_cache': False, 'cmake_clean_first': False, 'cmake_force_configure': False, 'cmake_target': None, 'cmake_target_skip_unavailable': False, 'install_base': '/home/sofia/sextoSem/TE3001B-2DoF-Robotic-Arm/install/desired_position_pkg', 'merge_install': False, 'path': '/home/sofia/sextoSem/TE3001B-2DoF-Robotic-Arm/src/desired_position_pkg', 'symlink_install': False, 'test_result_base': None}
[0.456s] Level 5:colcon.colcon_core.verb:set package 'pid_controller' build argument 'cmake_args' from command line to 'None'
[0.456s] Level 5:colcon.colcon_core.verb:set package 'pid_controller' build argument 'cmake_target' from command line to 'None'
[0.456s] Level 5:colcon.colcon_core.verb:set package 'pid_controller' build argument 'cmake_target_skip_unavailable' from command line to 'False'
[0.456s] Level 5:colcon.colcon_core.verb:set package 'pid_controller' build argument 'cmake_clean_cache' from command line to 'False'
[0.456s] Level 5:colcon.colcon_core.verb:set package 'pid_controller' build argument 'cmake_clean_first' from command line to 'False'
[0.456s] Level 5:colcon.colcon_core.verb:set package 'pid_controller' build argument 'cmake_force_configure' from command line to 'False'
[0.456s] Level 5:colcon.colcon_core.verb:set package 'pid_controller' build argument 'ament_cmake_args' from command line to 'None'
[0.456s] Level 5:colcon.colcon_core.verb:set package 'pid_controller' build argument 'catkin_cmake_args' from command line to 'None'
[0.456s] Level 5:colcon.colcon_core.verb:set package 'pid_controller' build argument 'catkin_skip_building_tests' from command line to 'False'
[0.456s] DEBUG:colcon.colcon_core.verb:Building package 'pid_controller' with the following arguments: {'ament_cmake_args': None, 'build_base': '/home/sofia/sextoSem/TE3001B-2DoF-Robotic-Arm/build/pid_controller', 'catkin_cmake_args': None, 'catkin_skip_building_tests': False, 'cmake_args': None, 'cmake_clean_cache': False, 'cmake_clean_first': False, 'cmake_force_configure': False, 'cmake_target': None, 'cmake_target_skip_unavailable': False, 'install_base': '/home/sofia/sextoSem/TE3001B-2DoF-Robotic-Arm/install/pid_controller', 'merge_install': False, 'path': '/home/sofia/sextoSem/TE3001B-2DoF-Robotic-Arm/src/pid_controller', 'symlink_install': False, 'test_result_base': None}
[0.457s] Level 5:colcon.colcon_core.verb:set package 'inverse_kinematics_pkg' build argument 'cmake_args' from command line to 'None'
[0.457s] Level 5:colcon.colcon_core.verb:set package 'inverse_kinematics_pkg' build argument 'cmake_target' from command line to 'None'
[0.457s] Level 5:colcon.colcon_core.verb:set package 'inverse_kinematics_pkg' build argument 'cmake_target_skip_unavailable' from command line to 'False'
[0.457s] Level 5:colcon.colcon_core.verb:set package 'inverse_kinematics_pkg' build argument 'cmake_clean_cache' from command line to 'False'
[0.457s] Level 5:colcon.colcon_core.verb:set package 'inverse_kinematics_pkg' build argument 'cmake_clean_first' from command line to 'False'
[0.457s] Level 5:colcon.colcon_core.verb:set package 'inverse_kinematics_pkg' build argument 'cmake_force_configure' from command line to 'False'
[0.457s] Level 5:colcon.colcon_core.verb:set package 'inverse_kinematics_pkg' build argument 'ament_cmake_args' from command line to 'None'
[0.457s] Level 5:colcon.colcon_core.verb:set package 'inverse_kinematics_pkg' build argument 'catkin_cmake_args' from command line to 'None'
[0.457s] Level 5:colcon.colcon_core.verb:set package 'inverse_kinematics_pkg' build argument 'catkin_skip_building_tests' from command line to 'False'
[0.457s] DEBUG:colcon.colcon_core.verb:Building package 'inverse_kinematics_pkg' with the following arguments: {'ament_cmake_args': None, 'build_base': '/home/sofia/sextoSem/TE3001B-2DoF-Robotic-Arm/build/inverse_kinematics_pkg', 'catkin_cmake_args': None, 'catkin_skip_building_tests': False, 'cmake_args': None, 'cmake_clean_cache': False, 'cmake_clean_first': False, 'cmake_force_configure': False, 'cmake_target': None, 'cmake_target_skip_unavailable': False, 'install_base': '/home/sofia/sextoSem/TE3001B-2DoF-Robotic-Arm/install/inverse_kinematics_pkg', 'merge_install': False, 'path': '/home/sofia/sextoSem/TE3001B-2DoF-Robotic-Arm/src/inverse_kinematics_pkg', 'symlink_install': False, 'test_result_base': None}
[0.457s] INFO:colcon.colcon_core.executor:Executing jobs using 'parallel' executor
[0.458s] DEBUG:colcon.colcon_parallel_executor.executor.parallel:run_until_complete
[0.458s] INFO:colcon.colcon_ros.task.ament_cmake.build:Building ROS package in '/home/sofia/sextoSem/TE3001B-2DoF-Robotic-Arm/src/desired_position_pkg' with build type 'ament_cmake'
[0.458s] INFO:colcon.colcon_cmake.task.cmake.build:Building CMake package in '/home/sofia/sextoSem/TE3001B-2DoF-Robotic-Arm/src/desired_position_pkg'
[0.463s] INFO:colcon.colcon_core.plugin_system:Skipping extension 'colcon_core.shell.bat': Not used on non-Windows systems
[0.463s] INFO:colcon.colcon_core.shell:Skip shell extension 'powershell' for command environment: Not usable outside of PowerShell
[0.463s] DEBUG:colcon.colcon_core.shell:Skip shell extension 'dsv' for command environment
[0.467s] INFO:colcon.colcon_ros.task.ament_python.build:Building ROS package in '/home/sofia/sextoSem/TE3001B-2DoF-Robotic-Arm/src/pid_controller' with build type 'ament_python'
[0.467s] Level 1:colcon.colcon_core.shell:create_environment_hook('pid_controller', 'ament_prefix_path')
[0.467s] INFO:colcon.colcon_core.shell:Creating environment hook '/home/sofia/sextoSem/TE3001B-2DoF-Robotic-Arm/install/pid_controller/share/pid_controller/hook/ament_prefix_path.ps1'
[0.468s] INFO:colcon.colcon_core.shell:Creating environment descriptor '/home/sofia/sextoSem/TE3001B-2DoF-Robotic-Arm/install/pid_controller/share/pid_controller/hook/ament_prefix_path.dsv'
[0.469s] INFO:colcon.colcon_core.shell:Creating environment hook '/home/sofia/sextoSem/TE3001B-2DoF-Robotic-Arm/install/pid_controller/share/pid_controller/hook/ament_prefix_path.sh'
[0.469s] INFO:colcon.colcon_core.shell:Skip shell extension 'powershell' for command environment: Not usable outside of PowerShell
[0.469s] DEBUG:colcon.colcon_core.shell:Skip shell extension 'dsv' for command environment
[0.477s] DEBUG:colcon.colcon_core.event_handler.log_command:Invoking command in '/home/sofia/sextoSem/TE3001B-2DoF-Robotic-Arm/build/desired_position_pkg': CMAKE_PREFIX_PATH=/opt/ros/humble /usr/bin/cmake --build /home/sofia/sextoSem/TE3001B-2DoF-Robotic-Arm/build/desired_position_pkg -- -j12 -l12
[0.668s] INFO:colcon.colcon_core.task.python.build:Building Python package in '/home/sofia/sextoSem/TE3001B-2DoF-Robotic-Arm/src/pid_controller'
[0.669s] INFO:colcon.colcon_core.shell:Skip shell extension 'powershell' for command environment: Not usable outside of PowerShell
[0.669s] DEBUG:colcon.colcon_core.shell:Skip shell extension 'dsv' for command environment
[0.785s] DEBUG:colcon.colcon_core.event_handler.log_command:Invoked command in '/home/sofia/sextoSem/TE3001B-2DoF-Robotic-Arm/build/desired_position_pkg' returned '0': CMAKE_PREFIX_PATH=/opt/ros/humble /usr/bin/cmake --build /home/sofia/sextoSem/TE3001B-2DoF-Robotic-Arm/build/desired_position_pkg -- -j12 -l12
[0.793s] DEBUG:colcon.colcon_core.event_handler.log_command:Invoking command in '/home/sofia/sextoSem/TE3001B-2DoF-Robotic-Arm/build/desired_position_pkg': CMAKE_PREFIX_PATH=/opt/ros/humble /usr/bin/cmake --install /home/sofia/sextoSem/TE3001B-2DoF-Robotic-Arm/build/desired_position_pkg
[0.845s] Level 1:colcon.colcon_core.environment:create_environment_scripts_only(desired_position_pkg)
[0.845s] DEBUG:colcon.colcon_core.event_handler.log_command:Invoked command in '/home/sofia/sextoSem/TE3001B-2DoF-Robotic-Arm/build/desired_position_pkg' returned '0': CMAKE_PREFIX_PATH=/opt/ros/humble /usr/bin/cmake --install /home/sofia/sextoSem/TE3001B-2DoF-Robotic-Arm/build/desired_position_pkg
[0.850s] Level 1:colcon.colcon_core.environment:checking '/home/sofia/sextoSem/TE3001B-2DoF-Robotic-Arm/install/desired_position_pkg' for CMake module files
[0.850s] Level 1:colcon.colcon_core.environment:checking '/home/sofia/sextoSem/TE3001B-2DoF-Robotic-Arm/install/desired_position_pkg' for CMake config files
[0.852s] Level 1:colcon.colcon_core.shell:create_environment_hook('desired_position_pkg', 'cmake_prefix_path')
[0.852s] INFO:colcon.colcon_core.shell:Creating environment hook '/home/sofia/sextoSem/TE3001B-2DoF-Robotic-Arm/install/desired_position_pkg/share/desired_position_pkg/hook/cmake_prefix_path.ps1'
[0.853s] INFO:colcon.colcon_core.shell:Creating environment descriptor '/home/sofia/sextoSem/TE3001B-2DoF-Robotic-Arm/install/desired_position_pkg/share/desired_position_pkg/hook/cmake_prefix_path.dsv'
[0.853s] INFO:colcon.colcon_core.shell:Creating environment hook '/home/sofia/sextoSem/TE3001B-2DoF-Robotic-Arm/install/desired_position_pkg/share/desired_position_pkg/hook/cmake_prefix_path.sh'
[0.854s] Level 1:colcon.colcon_core.environment:checking '/home/sofia/sextoSem/TE3001B-2DoF-Robotic-Arm/install/desired_position_pkg/lib'
[0.854s] Level 1:colcon.colcon_core.shell:create_environment_hook('desired_position_pkg', 'ld_library_path_lib')
[0.854s] INFO:colcon.colcon_core.shell:Creating environment hook '/home/sofia/sextoSem/TE3001B-2DoF-Robotic-Arm/install/desired_position_pkg/share/desired_position_pkg/hook/ld_library_path_lib.ps1'
[0.854s] INFO:colcon.colcon_core.shell:Creating environment descriptor '/home/sofia/sextoSem/TE3001B-2DoF-Robotic-Arm/install/desired_position_pkg/share/desired_position_pkg/hook/ld_library_path_lib.dsv'
[0.855s] INFO:colcon.colcon_core.shell:Creating environment hook '/home/sofia/sextoSem/TE3001B-2DoF-Robotic-Arm/install/desired_position_pkg/share/desired_position_pkg/hook/ld_library_path_lib.sh'
[0.855s] Level 1:colcon.colcon_core.environment:checking '/home/sofia/sextoSem/TE3001B-2DoF-Robotic-Arm/install/desired_position_pkg/bin'
[0.855s] Level 1:colcon.colcon_core.environment:checking '/home/sofia/sextoSem/TE3001B-2DoF-Robotic-Arm/install/desired_position_pkg/lib/pkgconfig/desired_position_pkg.pc'
[0.855s] Level 1:colcon.colcon_core.environment:checking '/home/sofia/sextoSem/TE3001B-2DoF-Robotic-Arm/install/desired_position_pkg/lib/python3.10/site-packages'
[0.856s] Level 1:colcon.colcon_core.environment:checking '/home/sofia/sextoSem/TE3001B-2DoF-Robotic-Arm/install/desired_position_pkg/bin'
[0.856s] INFO:colcon.colcon_core.shell:Creating package script '/home/sofia/sextoSem/TE3001B-2DoF-Robotic-Arm/install/desired_position_pkg/share/desired_position_pkg/package.ps1'
[0.857s] INFO:colcon.colcon_core.shell:Creating package descriptor '/home/sofia/sextoSem/TE3001B-2DoF-Robotic-Arm/install/desired_position_pkg/share/desired_position_pkg/package.dsv'
[0.858s] INFO:colcon.colcon_core.shell:Creating package script '/home/sofia/sextoSem/TE3001B-2DoF-Robotic-Arm/install/desired_position_pkg/share/desired_position_pkg/package.sh'
[0.859s] INFO:colcon.colcon_core.shell:Creating package script '/home/sofia/sextoSem/TE3001B-2DoF-Robotic-Arm/install/desired_position_pkg/share/desired_position_pkg/package.bash'
[0.860s] INFO:colcon.colcon_core.shell:Creating package script '/home/sofia/sextoSem/TE3001B-2DoF-Robotic-Arm/install/desired_position_pkg/share/desired_position_pkg/package.zsh'
[0.862s] Level 1:colcon.colcon_core.environment:create_file_with_runtime_dependencies(/home/sofia/sextoSem/TE3001B-2DoF-Robotic-Arm/install/desired_position_pkg/share/colcon-core/packages/desired_position_pkg)
[0.863s] Level 1:colcon.colcon_core.environment:create_environment_scripts_only(desired_position_pkg)
[0.864s] Level 1:colcon.colcon_core.environment:checking '/home/sofia/sextoSem/TE3001B-2DoF-Robotic-Arm/install/desired_position_pkg' for CMake module files
[0.864s] Level 1:colcon.colcon_core.environment:checking '/home/sofia/sextoSem/TE3001B-2DoF-Robotic-Arm/install/desired_position_pkg' for CMake config files
[0.864s] Level 1:colcon.colcon_core.shell:create_environment_hook('desired_position_pkg', 'cmake_prefix_path')
[0.865s] INFO:colcon.colcon_core.shell:Creating environment hook '/home/sofia/sextoSem/TE3001B-2DoF-Robotic-Arm/install/desired_position_pkg/share/desired_position_pkg/hook/cmake_prefix_path.ps1'
[0.865s] INFO:colcon.colcon_core.shell:Creating environment descriptor '/home/sofia/sextoSem/TE3001B-2DoF-Robotic-Arm/install/desired_position_pkg/share/desired_position_pkg/hook/cmake_prefix_path.dsv'
[0.865s] INFO:colcon.colcon_core.shell:Creating environment hook '/home/sofia/sextoSem/TE3001B-2DoF-Robotic-Arm/install/desired_position_pkg/share/desired_position_pkg/hook/cmake_prefix_path.sh'
[0.866s] Level 1:colcon.colcon_core.environment:checking '/home/sofia/sextoSem/TE3001B-2DoF-Robotic-Arm/install/desired_position_pkg/lib'
[0.866s] Level 1:colcon.colcon_core.shell:create_environment_hook('desired_position_pkg', 'ld_library_path_lib')
[0.866s] INFO:colcon.colcon_core.shell:Creating environment hook '/home/sofia/sextoSem/TE3001B-2DoF-Robotic-Arm/install/desired_position_pkg/share/desired_position_pkg/hook/ld_library_path_lib.ps1'
[0.866s] INFO:colcon.colcon_core.shell:Creating environment descriptor '/home/sofia/sextoSem/TE3001B-2DoF-Robotic-Arm/install/desired_position_pkg/share/desired_position_pkg/hook/ld_library_path_lib.dsv'
[0.867s] INFO:colcon.colcon_core.shell:Creating environment hook '/home/sofia/sextoSem/TE3001B-2DoF-Robotic-Arm/install/desired_position_pkg/share/desired_position_pkg/hook/ld_library_path_lib.sh'
[0.867s] Level 1:colcon.colcon_core.environment:checking '/home/sofia/sextoSem/TE3001B-2DoF-Robotic-Arm/install/desired_position_pkg/bin'
[0.867s] Level 1:colcon.colcon_core.environment:checking '/home/sofia/sextoSem/TE3001B-2DoF-Robotic-Arm/install/desired_position_pkg/lib/pkgconfig/desired_position_pkg.pc'
[0.868s] Level 1:colcon.colcon_core.environment:checking '/home/sofia/sextoSem/TE3001B-2DoF-Robotic-Arm/install/desired_position_pkg/lib/python3.10/site-packages'
[0.868s] Level 1:colcon.colcon_core.environment:checking '/home/sofia/sextoSem/TE3001B-2DoF-Robotic-Arm/install/desired_position_pkg/bin'
[0.868s] INFO:colcon.colcon_core.shell:Creating package script '/home/sofia/sextoSem/TE3001B-2DoF-Robotic-Arm/install/desired_position_pkg/share/desired_position_pkg/package.ps1'
[0.869s] INFO:colcon.colcon_core.shell:Creating package descriptor '/home/sofia/sextoSem/TE3001B-2DoF-Robotic-Arm/install/desired_position_pkg/share/desired_position_pkg/package.dsv'
[0.869s] INFO:colcon.colcon_core.shell:Creating package script '/home/sofia/sextoSem/TE3001B-2DoF-Robotic-Arm/install/desired_position_pkg/share/desired_position_pkg/package.sh'
[0.869s] INFO:colcon.colcon_core.shell:Creating package script '/home/sofia/sextoSem/TE3001B-2DoF-Robotic-Arm/install/desired_position_pkg/share/desired_position_pkg/package.bash'
[0.870s] INFO:colcon.colcon_core.shell:Creating package script '/home/sofia/sextoSem/TE3001B-2DoF-Robotic-Arm/install/desired_position_pkg/share/desired_position_pkg/package.zsh'
[0.870s] Level 1:colcon.colcon_core.environment:create_file_with_runtime_dependencies(/home/sofia/sextoSem/TE3001B-2DoF-Robotic-Arm/install/desired_position_pkg/share/colcon-core/packages/desired_position_pkg)
[0.871s] INFO:colcon.colcon_ros.task.ament_python.build:Building ROS package in '/home/sofia/sextoSem/TE3001B-2DoF-Robotic-Arm/src/inverse_kinematics_pkg' with build type 'ament_python'
[0.871s] Level 1:colcon.colcon_core.shell:create_environment_hook('inverse_kinematics_pkg', 'ament_prefix_path')
[0.871s] INFO:colcon.colcon_core.shell:Creating environment hook '/home/sofia/sextoSem/TE3001B-2DoF-Robotic-Arm/install/inverse_kinematics_pkg/share/inverse_kinematics_pkg/hook/ament_prefix_path.ps1'
[0.873s] INFO:colcon.colcon_core.shell:Creating environment descriptor '/home/sofia/sextoSem/TE3001B-2DoF-Robotic-Arm/install/inverse_kinematics_pkg/share/inverse_kinematics_pkg/hook/ament_prefix_path.dsv'
[0.873s] INFO:colcon.colcon_core.shell:Creating environment hook '/home/sofia/sextoSem/TE3001B-2DoF-Robotic-Arm/install/inverse_kinematics_pkg/share/inverse_kinematics_pkg/hook/ament_prefix_path.sh'
[0.874s] INFO:colcon.colcon_core.shell:Skip shell extension 'powershell' for command environment: Not usable outside of PowerShell
[0.874s] DEBUG:colcon.colcon_core.shell:Skip shell extension 'dsv' for command environment
[1.045s] INFO:colcon.colcon_core.task.python.build:Building Python package in '/home/sofia/sextoSem/TE3001B-2DoF-Robotic-Arm/src/inverse_kinematics_pkg'
[1.045s] INFO:colcon.colcon_core.shell:Skip shell extension 'powershell' for command environment: Not usable outside of PowerShell
[1.045s] DEBUG:colcon.colcon_core.shell:Skip shell extension 'dsv' for command environment
[1.050s] DEBUG:colcon.colcon_core.event_handler.log_command:Invoking command in '/home/sofia/sextoSem/TE3001B-2DoF-Robotic-Arm/src/pid_controller': PYTHONPATH=/home/sofia/sextoSem/TE3001B-2DoF-Robotic-Arm/build/pid_controller/prefix_override:/usr/lib/python3/dist-packages/colcon_core/task/python/colcon_distutils_commands:/home/sofia/sextoSem/TE3001B-2DoF-Robotic-Arm/install/pid_controller/lib/python3.10/site-packages:${PYTHONPATH} /usr/bin/python3 -W ignore:setup.py install is deprecated -W ignore:easy_install command is deprecated setup.py egg_info --egg-base ../../build/pid_controller build --build-base /home/sofia/sextoSem/TE3001B-2DoF-Robotic-Arm/build/pid_controller/build install --record /home/sofia/sextoSem/TE3001B-2DoF-Robotic-Arm/build/pid_controller/install.log --single-version-externally-managed install_data
[1.238s] Level 1:colcon.colcon_core.environment:checking '/home/sofia/sextoSem/TE3001B-2DoF-Robotic-Arm/install/pid_controller' for CMake module files
[1.239s] DEBUG:colcon.colcon_core.event_handler.log_command:Invoked command in '/home/sofia/sextoSem/TE3001B-2DoF-Robotic-Arm/src/pid_controller' returned '0': PYTHONPATH=/home/sofia/sextoSem/TE3001B-2DoF-Robotic-Arm/build/pid_controller/prefix_override:/usr/lib/python3/dist-packages/colcon_core/task/python/colcon_distutils_commands:/home/sofia/sextoSem/TE3001B-2DoF-Robotic-Arm/install/pid_controller/lib/python3.10/site-packages:${PYTHONPATH} /usr/bin/python3 -W ignore:setup.py install is deprecated -W ignore:easy_install command is deprecated setup.py egg_info --egg-base ../../build/pid_controller build --build-base /home/sofia/sextoSem/TE3001B-2DoF-Robotic-Arm/build/pid_controller/build install --record /home/sofia/sextoSem/TE3001B-2DoF-Robotic-Arm/build/pid_controller/install.log --single-version-externally-managed install_data
[1.239s] Level 1:colcon.colcon_core.environment:checking '/home/sofia/sextoSem/TE3001B-2DoF-Robotic-Arm/install/pid_controller' for CMake config files
[1.242s] Level 1:colcon.colcon_core.environment:checking '/home/sofia/sextoSem/TE3001B-2DoF-Robotic-Arm/install/pid_controller/lib'
[1.242s] Level 1:colcon.colcon_core.environment:checking '/home/sofia/sextoSem/TE3001B-2DoF-Robotic-Arm/install/pid_controller/bin'
[1.242s] Level 1:colcon.colcon_core.environment:checking '/home/sofia/sextoSem/TE3001B-2DoF-Robotic-Arm/install/pid_controller/lib/pkgconfig/pid_controller.pc'
[1.242s] Level 1:colcon.colcon_core.environment:checking '/home/sofia/sextoSem/TE3001B-2DoF-Robotic-Arm/install/pid_controller/lib/python3.10/site-packages'
[1.242s] Level 1:colcon.colcon_core.shell:create_environment_hook('pid_controller', 'pythonpath')
[1.242s] INFO:colcon.colcon_core.shell:Creating environment hook '/home/sofia/sextoSem/TE3001B-2DoF-Robotic-Arm/install/pid_controller/share/pid_controller/hook/pythonpath.ps1'
[1.243s] INFO:colcon.colcon_core.shell:Creating environment descriptor '/home/sofia/sextoSem/TE3001B-2DoF-Robotic-Arm/install/pid_controller/share/pid_controller/hook/pythonpath.dsv'
[1.243s] INFO:colcon.colcon_core.shell:Creating environment hook '/home/sofia/sextoSem/TE3001B-2DoF-Robotic-Arm/install/pid_controller/share/pid_controller/hook/pythonpath.sh'
[1.244s] Level 1:colcon.colcon_core.environment:checking '/home/sofia/sextoSem/TE3001B-2DoF-Robotic-Arm/install/pid_controller/bin'
[1.244s] Level 1:colcon.colcon_core.environment:create_environment_scripts_only(pid_controller)
[1.244s] INFO:colcon.colcon_core.shell:Creating package script '/home/sofia/sextoSem/TE3001B-2DoF-Robotic-Arm/install/pid_controller/share/pid_controller/package.ps1'
[1.245s] INFO:colcon.colcon_core.shell:Creating package descriptor '/home/sofia/sextoSem/TE3001B-2DoF-Robotic-Arm/install/pid_controller/share/pid_controller/package.dsv'
[1.245s] INFO:colcon.colcon_core.shell:Creating package script '/home/sofia/sextoSem/TE3001B-2DoF-Robotic-Arm/install/pid_controller/share/pid_controller/package.sh'
[1.246s] INFO:colcon.colcon_core.shell:Creating package script '/home/sofia/sextoSem/TE3001B-2DoF-Robotic-Arm/install/pid_controller/share/pid_controller/package.bash'
[1.246s] INFO:colcon.colcon_core.shell:Creating package script '/home/sofia/sextoSem/TE3001B-2DoF-Robotic-Arm/install/pid_controller/share/pid_controller/package.zsh'
[1.246s] Level 1:colcon.colcon_core.environment:create_file_with_runtime_dependencies(/home/sofia/sextoSem/TE3001B-2DoF-Robotic-Arm/install/pid_controller/share/colcon-core/packages/pid_controller)
[1.265s] DEBUG:colcon.colcon_core.event_handler.log_command:Invoking command in '/home/sofia/sextoSem/TE3001B-2DoF-Robotic-Arm/src/inverse_kinematics_pkg': AMENT_PREFIX_PATH=/home/sofia/sextoSem/TE3001B-2DoF-Robotic-Arm/install/desired_position_pkg:${AMENT_PREFIX_PATH} CMAKE_PREFIX_PATH=/home/sofia/sextoSem/TE3001B-2DoF-Robotic-Arm/install/desired_position_pkg LD_LIBRARY_PATH=/home/sofia/sextoSem/TE3001B-2DoF-Robotic-Arm/install/desired_position_pkg/lib:${LD_LIBRARY_PATH} PYTHONPATH=/home/sofia/sextoSem/TE3001B-2DoF-Robotic-Arm/build/inverse_kinematics_pkg/prefix_override:/usr/lib/python3/dist-packages/colcon_core/task/python/colcon_distutils_commands:/home/sofia/sextoSem/TE3001B-2DoF-Robotic-Arm/install/inverse_kinematics_pkg/lib/python3.10/site-packages:/home/sofia/sextoSem/TE3001B-2DoF-Robotic-Arm/install/desired_position_pkg/local/lib/python3.10/dist-packages:${PYTHONPATH} /usr/bin/python3 -W ignore:setup.py install is deprecated -W ignore:easy_install command is deprecated setup.py egg_info --egg-base ../../build/inverse_kinematics_pkg build --build-base /home/sofia/sextoSem/TE3001B-2DoF-Robotic-Arm/build/inverse_kinematics_pkg/build install --record /home/sofia/sextoSem/TE3001B-2DoF-Robotic-Arm/build/inverse_kinematics_pkg/install.log --single-version-externally-managed install_data
[1.440s] Level 1:colcon.colcon_core.environment:checking '/home/sofia/sextoSem/TE3001B-2DoF-Robotic-Arm/install/inverse_kinematics_pkg' for CMake module files
[1.441s] DEBUG:colcon.colcon_core.event_handler.log_command:Invoked command in '/home/sofia/sextoSem/TE3001B-2DoF-Robotic-Arm/src/inverse_kinematics_pkg' returned '0': AMENT_PREFIX_PATH=/home/sofia/sextoSem/TE3001B-2DoF-Robotic-Arm/install/desired_position_pkg:${AMENT_PREFIX_PATH} CMAKE_PREFIX_PATH=/home/sofia/sextoSem/TE3001B-2DoF-Robotic-Arm/install/desired_position_pkg LD_LIBRARY_PATH=/home/sofia/sextoSem/TE3001B-2DoF-Robotic-Arm/install/desired_position_pkg/lib:${LD_LIBRARY_PATH} PYTHONPATH=/home/sofia/sextoSem/TE3001B-2DoF-Robotic-Arm/build/inverse_kinematics_pkg/prefix_override:/usr/lib/python3/dist-packages/colcon_core/task/python/colcon_distutils_commands:/home/sofia/sextoSem/TE3001B-2DoF-Robotic-Arm/install/inverse_kinematics_pkg/lib/python3.10/site-packages:/home/sofia/sextoSem/TE3001B-2DoF-Robotic-Arm/install/desired_position_pkg/local/lib/python3.10/dist-packages:${PYTHONPATH} /usr/bin/python3 -W ignore:setup.py install is deprecated -W ignore:easy_install command is deprecated setup.py egg_info --egg-base ../../build/inverse_kinematics_pkg build --build-base /home/sofia/sextoSem/TE3001B-2DoF-Robotic-Arm/build/inverse_kinematics_pkg/build install --record /home/sofia/sextoSem/TE3001B-2DoF-Robotic-Arm/build/inverse_kinematics_pkg/install.log --single-version-externally-managed install_data
[1.442s] Level 1:colcon.colcon_core.environment:checking '/home/sofia/sextoSem/TE3001B-2DoF-Robotic-Arm/install/inverse_kinematics_pkg' for CMake config files
[1.444s] Level 1:colcon.colcon_core.environment:checking '/home/sofia/sextoSem/TE3001B-2DoF-Robotic-Arm/install/inverse_kinematics_pkg/lib'
[1.444s] Level 1:colcon.colcon_core.environment:checking '/home/sofia/sextoSem/TE3001B-2DoF-Robotic-Arm/install/inverse_kinematics_pkg/bin'
[1.444s] Level 1:colcon.colcon_core.environment:checking '/home/sofia/sextoSem/TE3001B-2DoF-Robotic-Arm/install/inverse_kinematics_pkg/lib/pkgconfig/inverse_kinematics_pkg.pc'
[1.445s] Level 1:colcon.colcon_core.environment:checking '/home/sofia/sextoSem/TE3001B-2DoF-Robotic-Arm/install/inverse_kinematics_pkg/lib/python3.10/site-packages'
[1.445s] Level 1:colcon.colcon_core.shell:create_environment_hook('inverse_kinematics_pkg', 'pythonpath')
[1.445s] INFO:colcon.colcon_core.shell:Creating environment hook '/home/sofia/sextoSem/TE3001B-2DoF-Robotic-Arm/install/inverse_kinematics_pkg/share/inverse_kinematics_pkg/hook/pythonpath.ps1'
[1.445s] INFO:colcon.colcon_core.shell:Creating environment descriptor '/home/sofia/sextoSem/TE3001B-2DoF-Robotic-Arm/install/inverse_kinematics_pkg/share/inverse_kinematics_pkg/hook/pythonpath.dsv'
[1.445s] INFO:colcon.colcon_core.shell:Creating environment hook '/home/sofia/sextoSem/TE3001B-2DoF-Robotic-Arm/install/inverse_kinematics_pkg/share/inverse_kinematics_pkg/hook/pythonpath.sh'
[1.446s] Level 1:colcon.colcon_core.environment:checking '/home/sofia/sextoSem/TE3001B-2DoF-Robotic-Arm/install/inverse_kinematics_pkg/bin'
[1.446s] Level 1:colcon.colcon_core.environment:create_environment_scripts_only(inverse_kinematics_pkg)
[1.446s] INFO:colcon.colcon_core.shell:Creating package script '/home/sofia/sextoSem/TE3001B-2DoF-Robotic-Arm/install/inverse_kinematics_pkg/share/inverse_kinematics_pkg/package.ps1'
[1.446s] INFO:colcon.colcon_core.shell:Creating package descriptor '/home/sofia/sextoSem/TE3001B-2DoF-Robotic-Arm/install/inverse_kinematics_pkg/share/inverse_kinematics_pkg/package.dsv'
[1.447s] INFO:colcon.colcon_core.shell:Creating package script '/home/sofia/sextoSem/TE3001B-2DoF-Robotic-Arm/install/inverse_kinematics_pkg/share/inverse_kinematics_pkg/package.sh'
[1.447s] INFO:colcon.colcon_core.shell:Creating package script '/home/sofia/sextoSem/TE3001B-2DoF-Robotic-Arm/install/inverse_kinematics_pkg/share/inverse_kinematics_pkg/package.bash'
[1.447s] INFO:colcon.colcon_core.shell:Creating package script '/home/sofia/sextoSem/TE3001B-2DoF-Robotic-Arm/install/inverse_kinematics_pkg/share/inverse_kinematics_pkg/package.zsh'
[1.447s] Level 1:colcon.colcon_core.environment:create_file_with_runtime_dependencies(/home/sofia/sextoSem/TE3001B-2DoF-Robotic-Arm/install/inverse_kinematics_pkg/share/colcon-core/packages/inverse_kinematics_pkg)
[1.448s] DEBUG:colcon.colcon_parallel_executor.executor.parallel:closing loop
[1.448s] DEBUG:colcon.colcon_parallel_executor.executor.parallel:loop closed
[1.448s] DEBUG:colcon.colcon_parallel_executor.executor.parallel:run_until_complete finished with '0'
[1.448s] DEBUG:colcon.colcon_core.event_reactor:joining thread
[1.458s] INFO:colcon.colcon_core.plugin_system:Skipping extension 'colcon_notification.desktop_notification.terminal_notifier': Not used on non-Darwin systems
[1.458s] INFO:colcon.colcon_core.plugin_system:Skipping extension 'colcon_notification.desktop_notification.win32': Not used on non-Windows systems
[1.458s] INFO:colcon.colcon_notification.desktop_notification:Sending desktop notification using 'notify2'
[1.463s] DEBUG:colcon.colcon_notification.desktop_notification.notify2:Failed to initialize notify2: org.freedesktop.DBus.Error.ServiceUnknown: The name org.freedesktop.Notifications was not provided by any .service files
[1.463s] DEBUG:colcon.colcon_core.event_reactor:joined thread
[1.463s] INFO:colcon.colcon_core.shell:Creating prefix script '/home/sofia/sextoSem/TE3001B-2DoF-Robotic-Arm/install/local_setup.ps1'
[1.465s] INFO:colcon.colcon_core.shell:Creating prefix util module '/home/sofia/sextoSem/TE3001B-2DoF-Robotic-Arm/install/_local_setup_util_ps1.py'
[1.466s] INFO:colcon.colcon_core.shell:Creating prefix chain script '/home/sofia/sextoSem/TE3001B-2DoF-Robotic-Arm/install/setup.ps1'
[1.467s] INFO:colcon.colcon_core.shell:Creating prefix script '/home/sofia/sextoSem/TE3001B-2DoF-Robotic-Arm/install/local_setup.sh'
[1.468s] INFO:colcon.colcon_core.shell:Creating prefix util module '/home/sofia/sextoSem/TE3001B-2DoF-Robotic-Arm/install/_local_setup_util_sh.py'
[1.468s] INFO:colcon.colcon_core.shell:Creating prefix chain script '/home/sofia/sextoSem/TE3001B-2DoF-Robotic-Arm/install/setup.sh'
[1.469s] INFO:colcon.colcon_core.shell:Creating prefix script '/home/sofia/sextoSem/TE3001B-2DoF-Robotic-Arm/install/local_setup.bash'
[1.470s] INFO:colcon.colcon_core.shell:Creating prefix chain script '/home/sofia/sextoSem/TE3001B-2DoF-Robotic-Arm/install/setup.bash'
[1.471s] INFO:colcon.colcon_core.shell:Creating prefix script '/home/sofia/sextoSem/TE3001B-2DoF-Robotic-Arm/install/local_setup.zsh'
[1.471s] INFO:colcon.colcon_core.shell:Creating prefix chain script '/home/sofia/sextoSem/TE3001B-2DoF-Robotic-Arm/install/setup.zsh'
