[0.099s] DEBUG:colcon:Command line arguments: ['/usr/bin/colcon', 'build']
[0.099s] DEBUG:colcon:Parsed command line arguments: Namespace(log_base=None, log_level=None, verb_name='build', build_base='build', install_base='install', merge_install=False, symlink_install=False, test_result_base=None, continue_on_error=False, executor='parallel', parallel_workers=12, event_handlers=None, ignore_user_meta=False, metas=['./colcon.meta'], base_paths=['.'], packages_ignore=None, packages_ignore_regex=None, paths=None, packages_up_to=None, packages_up_to_regex=None, packages_above=None, packages_above_and_dependencies=None, packages_above_depth=None, packages_select_by_dep=None, packages_skip_by_dep=None, packages_skip_up_to=None, packages_select_build_failed=False, packages_skip_build_finished=False, packages_select_test_failures=False, packages_skip_test_passed=False, packages_select=None, packages_skip=None, packages_select_regex=None, packages_skip_regex=None, packages_start=None, packages_end=None, allow_overriding=[], cmake_args=None, cmake_target=None, cmake_target_skip_unavailable=False, cmake_clean_cache=False, cmake_clean_first=False, cmake_force_configure=False, ament_cmake_args=None, catkin_cmake_args=None, catkin_skip_building_tests=False, verb_parser=<colcon_defaults.argument_parser.defaults.DefaultArgumentsDecorator object at 0x7f56c4a8f460>, verb_extension=<colcon_core.verb.build.BuildVerb object at 0x7f56c4a8e620>, main=<bound method BuildVerb.main of <colcon_core.verb.build.BuildVerb object at 0x7f56c4a8e620>>)
[0.209s] Level 1:colcon.colcon_core.package_discovery:discover_packages(colcon_meta) check parameters
[0.209s] Level 1:colcon.colcon_core.package_discovery:discover_packages(recursive) check parameters
[0.209s] Level 1:colcon.colcon_core.package_discovery:discover_packages(ignore) check parameters
[0.209s] Level 1:colcon.colcon_core.package_discovery:discover_packages(path) check parameters
[0.209s] Level 1:colcon.colcon_core.package_discovery:discover_packages(colcon_meta) discover
[0.209s] Level 1:colcon.colcon_core.package_discovery:discover_packages(recursive) discover
[0.209s] INFO:colcon.colcon_core.package_discovery:Crawling recursively for packages in '/home/sofia/sextoSem/TE3001B-2DoF-Robotic-Arm'
[0.210s] Level 1:colcon.colcon_core.package_identification:_identify(.) by extensions ['ignore', 'ignore_ament_install']
[0.210s] Level 1:colcon.colcon_core.package_identification:_identify(.) by extension 'ignore'
[0.210s] Level 1:colcon.colcon_core.package_identification:_identify(.) by extension 'ignore_ament_install'
[0.210s] Level 1:colcon.colcon_core.package_identification:_identify(.) by extensions ['colcon_pkg']
[0.210s] Level 1:colcon.colcon_core.package_identification:_identify(.) by extension 'colcon_pkg'
[0.210s] Level 1:colcon.colcon_core.package_identification:_identify(.) by extensions ['colcon_meta']
[0.210s] Level 1:colcon.colcon_core.package_identification:_identify(.) by extension 'colcon_meta'
[0.210s] Level 1:colcon.colcon_core.package_identification:_identify(.) by extensions ['ros']
[0.210s] Level 1:colcon.colcon_core.package_identification:_identify(.) by extension 'ros'
[0.219s] Level 1:colcon.colcon_core.package_identification:_identify(.) by extensions ['cmake', 'python']
[0.219s] Level 1:colcon.colcon_core.package_identification:_identify(.) by extension 'cmake'
[0.219s] Level 1:colcon.colcon_core.package_identification:_identify(.) by extension 'python'
[0.219s] Level 1:colcon.colcon_core.package_identification:_identify(.) by extensions ['python_setup_py']
[0.219s] Level 1:colcon.colcon_core.package_identification:_identify(.) by extension 'python_setup_py'
[0.219s] Level 1:colcon.colcon_core.package_identification:_identify(build) by extensions ['ignore', 'ignore_ament_install']
[0.219s] Level 1:colcon.colcon_core.package_identification:_identify(build) by extension 'ignore'
[0.219s] Level 1:colcon.colcon_core.package_identification:_identify(build) ignored
[0.219s] Level 1:colcon.colcon_core.package_identification:_identify(install) by extensions ['ignore', 'ignore_ament_install']
[0.219s] Level 1:colcon.colcon_core.package_identification:_identify(install) by extension 'ignore'
[0.219s] Level 1:colcon.colcon_core.package_identification:_identify(install) ignored
[0.219s] Level 1:colcon.colcon_core.package_identification:_identify(log) by extensions ['ignore', 'ignore_ament_install']
[0.220s] Level 1:colcon.colcon_core.package_identification:_identify(log) by extension 'ignore'
[0.220s] Level 1:colcon.colcon_core.package_identification:_identify(log) ignored
[0.220s] Level 1:colcon.colcon_core.package_identification:_identify(src) by extensions ['ignore', 'ignore_ament_install']
[0.220s] Level 1:colcon.colcon_core.package_identification:_identify(src) by extension 'ignore'
[0.220s] Level 1:colcon.colcon_core.package_identification:_identify(src) by extension 'ignore_ament_install'
[0.220s] Level 1:colcon.colcon_core.package_identification:_identify(src) by extensions ['colcon_pkg']
[0.220s] Level 1:colcon.colcon_core.package_identification:_identify(src) by extension 'colcon_pkg'
[0.220s] Level 1:colcon.colcon_core.package_identification:_identify(src) by extensions ['colcon_meta']
[0.220s] Level 1:colcon.colcon_core.package_identification:_identify(src) by extension 'colcon_meta'
[0.220s] Level 1:colcon.colcon_core.package_identification:_identify(src) by extensions ['ros']
[0.220s] Level 1:colcon.colcon_core.package_identification:_identify(src) by extension 'ros'
[0.220s] Level 1:colcon.colcon_core.package_identification:_identify(src) by extensions ['cmake', 'python']
[0.220s] Level 1:colcon.colcon_core.package_identification:_identify(src) by extension 'cmake'
[0.220s] Level 1:colcon.colcon_core.package_identification:_identify(src) by extension 'python'
[0.220s] Level 1:colcon.colcon_core.package_identification:_identify(src) by extensions ['python_setup_py']
[0.220s] Level 1:colcon.colcon_core.package_identification:_identify(src) by extension 'python_setup_py'
[0.220s] Level 1:colcon.colcon_core.package_identification:_identify(src/desired_position_pkg) by extensions ['ignore', 'ignore_ament_install']
[0.220s] Level 1:colcon.colcon_core.package_identification:_identify(src/desired_position_pkg) by extension 'ignore'
[0.220s] Level 1:colcon.colcon_core.package_identification:_identify(src/desired_position_pkg) by extension 'ignore_ament_install'
[0.220s] Level 1:colcon.colcon_core.package_identification:_identify(src/desired_position_pkg) by extensions ['colcon_pkg']
[0.220s] Level 1:colcon.colcon_core.package_identification:_identify(src/desired_position_pkg) by extension 'colcon_pkg'
[0.220s] Level 1:colcon.colcon_core.package_identification:_identify(src/desired_position_pkg) by extensions ['colcon_meta']
[0.220s] Level 1:colcon.colcon_core.package_identification:_identify(src/desired_position_pkg) by extension 'colcon_meta'
[0.220s] Level 1:colcon.colcon_core.package_identification:_identify(src/desired_position_pkg) by extensions ['ros']
[0.220s] Level 1:colcon.colcon_core.package_identification:_identify(src/desired_position_pkg) by extension 'ros'
[0.222s] DEBUG:colcon.colcon_core.package_identification:Package 'src/desired_position_pkg' with type 'ros.ament_cmake' and name 'desired_position_pkg'
[0.222s] Level 1:colcon.colcon_core.package_identification:_identify(src/inverse_kinematics_pkg) by extensions ['ignore', 'ignore_ament_install']
[0.222s] Level 1:colcon.colcon_core.package_identification:_identify(src/inverse_kinematics_pkg) by extension 'ignore'
[0.222s] Level 1:colcon.colcon_core.package_identification:_identify(src/inverse_kinematics_pkg) by extension 'ignore_ament_install'
[0.222s] Level 1:colcon.colcon_core.package_identification:_identify(src/inverse_kinematics_pkg) by extensions ['colcon_pkg']
[0.222s] Level 1:colcon.colcon_core.package_identification:_identify(src/inverse_kinematics_pkg) by extension 'colcon_pkg'
[0.222s] Level 1:colcon.colcon_core.package_identification:_identify(src/inverse_kinematics_pkg) by extensions ['colcon_meta']
[0.222s] Level 1:colcon.colcon_core.package_identification:_identify(src/inverse_kinematics_pkg) by extension 'colcon_meta'
[0.222s] Level 1:colcon.colcon_core.package_identification:_identify(src/inverse_kinematics_pkg) by extensions ['ros']
[0.222s] Level 1:colcon.colcon_core.package_identification:_identify(src/inverse_kinematics_pkg) by extension 'ros'
[0.223s] DEBUG:colcon.colcon_core.package_identification:Package 'src/inverse_kinematics_pkg' with type 'ros.ament_python' and name 'inverse_kinematics_pkg'
[0.223s] Level 1:colcon.colcon_core.package_identification:_identify(src/pid_controller) by extensions ['ignore', 'ignore_ament_install']
[0.223s] Level 1:colcon.colcon_core.package_identification:_identify(src/pid_controller) by extension 'ignore'
[0.223s] Level 1:colcon.colcon_core.package_identification:_identify(src/pid_controller) by extension 'ignore_ament_install'
[0.223s] Level 1:colcon.colcon_core.package_identification:_identify(src/pid_controller) by extensions ['colcon_pkg']
[0.223s] Level 1:colcon.colcon_core.package_identification:_identify(src/pid_controller) by extension 'colcon_pkg'
[0.223s] Level 1:colcon.colcon_core.package_identification:_identify(src/pid_controller) by extensions ['colcon_meta']
[0.223s] Level 1:colcon.colcon_core.package_identification:_identify(src/pid_controller) by extension 'colcon_meta'
[0.223s] Level 1:colcon.colcon_core.package_identification:_identify(src/pid_controller) by extensions ['ros']
[0.223s] Level 1:colcon.colcon_core.package_identification:_identify(src/pid_controller) by extension 'ros'
[0.224s] DEBUG:colcon.colcon_core.package_identification:Package 'src/pid_controller' with type 'ros.ament_python' and name 'pid_controller'
[0.224s] Level 1:colcon.colcon_core.package_discovery:discover_packages(recursive) using defaults
[0.224s] Level 1:colcon.colcon_core.package_discovery:discover_packages(ignore) discover
[0.224s] Level 1:colcon.colcon_core.package_discovery:discover_packages(ignore) using defaults
[0.224s] Level 1:colcon.colcon_core.package_discovery:discover_packages(path) discover
[0.224s] Level 1:colcon.colcon_core.package_discovery:discover_packages(path) using defaults
[0.239s] Level 1:colcon.colcon_core.package_discovery:discover_packages(prefix_path) check parameters
[0.240s] Level 1:colcon.colcon_core.package_discovery:discover_packages(prefix_path) discover
[0.241s] DEBUG:colcon.colcon_installed_package_information.package_discovery:Found 4 installed packages in /home/sofia/sextoSem/TE3001B-2DoF-Robotic-Arm/install
[0.242s] DEBUG:colcon.colcon_installed_package_information.package_discovery:Found 271 installed packages in /opt/ros/humble
[0.243s] Level 1:colcon.colcon_core.package_discovery:discover_packages(prefix_path) using defaults
[0.275s] Level 5:colcon.colcon_core.verb:set package 'desired_position_pkg' build argument 'cmake_args' from command line to 'None'
[0.275s] Level 5:colcon.colcon_core.verb:set package 'desired_position_pkg' build argument 'cmake_target' from command line to 'None'
[0.275s] Level 5:colcon.colcon_core.verb:set package 'desired_position_pkg' build argument 'cmake_target_skip_unavailable' from command line to 'False'
[0.275s] Level 5:colcon.colcon_core.verb:set package 'desired_position_pkg' build argument 'cmake_clean_cache' from command line to 'False'
[0.275s] Level 5:colcon.colcon_core.verb:set package 'desired_position_pkg' build argument 'cmake_clean_first' from command line to 'False'
[0.275s] Level 5:colcon.colcon_core.verb:set package 'desired_position_pkg' build argument 'cmake_force_configure' from command line to 'False'
[0.275s] Level 5:colcon.colcon_core.verb:set package 'desired_position_pkg' build argument 'ament_cmake_args' from command line to 'None'
[0.275s] Level 5:colcon.colcon_core.verb:set package 'desired_position_pkg' build argument 'catkin_cmake_args' from command line to 'None'
[0.275s] Level 5:colcon.colcon_core.verb:set package 'desired_position_pkg' build argument 'catkin_skip_building_tests' from command line to 'False'
[0.275s] DEBUG:colcon.colcon_core.verb:Building package 'desired_position_pkg' with the following arguments: {'ament_cmake_args': None, 'build_base': '/home/sofia/sextoSem/TE3001B-2DoF-Robotic-Arm/build/desired_position_pkg', 'catkin_cmake_args': None, 'catkin_skip_building_tests': False, 'cmake_args': None, 'cmake_clean_cache': False, 'cmake_clean_first': False, 'cmake_force_configure': False, 'cmake_target': None, 'cmake_target_skip_unavailable': False, 'install_base': '/home/sofia/sextoSem/TE3001B-2DoF-Robotic-Arm/install/desired_position_pkg', 'merge_install': False, 'path': '/home/sofia/sextoSem/TE3001B-2DoF-Robotic-Arm/src/desired_position_pkg', 'symlink_install': False, 'test_result_base': None}
[0.275s] Level 5:colcon.colcon_core.verb:set package 'pid_controller' build argument 'cmake_args' from command line to 'None'
[0.275s] Level 5:colcon.colcon_core.verb:set package 'pid_controller' build argument 'cmake_target' from command line to 'None'
[0.275s] Level 5:colcon.colcon_core.verb:set package 'pid_controller' build argument 'cmake_target_skip_unavailable' from command line to 'False'
[0.275s] Level 5:colcon.colcon_core.verb:set package 'pid_controller' build argument 'cmake_clean_cache' from command line to 'False'
[0.275s] Level 5:colcon.colcon_core.verb:set package 'pid_controller' build argument 'cmake_clean_first' from command line to 'False'
[0.275s] Level 5:colcon.colcon_core.verb:set package 'pid_controller' build argument 'cmake_force_configure' from command line to 'False'
[0.276s] Level 5:colcon.colcon_core.verb:set package 'pid_controller' build argument 'ament_cmake_args' from command line to 'None'
[0.276s] Level 5:colcon.colcon_core.verb:set package 'pid_controller' build argument 'catkin_cmake_args' from command line to 'None'
[0.276s] Level 5:colcon.colcon_core.verb:set package 'pid_controller' build argument 'catkin_skip_building_tests' from command line to 'False'
[0.276s] DEBUG:colcon.colcon_core.verb:Building package 'pid_controller' with the following arguments: {'ament_cmake_args': None, 'build_base': '/home/sofia/sextoSem/TE3001B-2DoF-Robotic-Arm/build/pid_controller', 'catkin_cmake_args': None, 'catkin_skip_building_tests': False, 'cmake_args': None, 'cmake_clean_cache': False, 'cmake_clean_first': False, 'cmake_force_configure': False, 'cmake_target': None, 'cmake_target_skip_unavailable': False, 'install_base': '/home/sofia/sextoSem/TE3001B-2DoF-Robotic-Arm/install/pid_controller', 'merge_install': False, 'path': '/home/sofia/sextoSem/TE3001B-2DoF-Robotic-Arm/src/pid_controller', 'symlink_install': False, 'test_result_base': None}
[0.276s] Level 5:colcon.colcon_core.verb:set package 'inverse_kinematics_pkg' build argument 'cmake_args' from command line to 'None'
[0.276s] Level 5:colcon.colcon_core.verb:set package 'inverse_kinematics_pkg' build argument 'cmake_target' from command line to 'None'
[0.276s] Level 5:colcon.colcon_core.verb:set package 'inverse_kinematics_pkg' build argument 'cmake_target_skip_unavailable' from command line to 'False'
[0.276s] Level 5:colcon.colcon_core.verb:set package 'inverse_kinematics_pkg' build argument 'cmake_clean_cache' from command line to 'False'
[0.276s] Level 5:colcon.colcon_core.verb:set package 'inverse_kinematics_pkg' build argument 'cmake_clean_first' from command line to 'False'
[0.276s] Level 5:colcon.colcon_core.verb:set package 'inverse_kinematics_pkg' build argument 'cmake_force_configure' from command line to 'False'
[0.276s] Level 5:colcon.colcon_core.verb:set package 'inverse_kinematics_pkg' build argument 'ament_cmake_args' from command line to 'None'
[0.276s] Level 5:colcon.colcon_core.verb:set package 'inverse_kinematics_pkg' build argument 'catkin_cmake_args' from command line to 'None'
[0.276s] Level 5:colcon.colcon_core.verb:set package 'inverse_kinematics_pkg' build argument 'catkin_skip_building_tests' from command line to 'False'
[0.276s] DEBUG:colcon.colcon_core.verb:Building package 'inverse_kinematics_pkg' with the following arguments: {'ament_cmake_args': None, 'build_base': '/home/sofia/sextoSem/TE3001B-2DoF-Robotic-Arm/build/inverse_kinematics_pkg', 'catkin_cmake_args': None, 'catkin_skip_building_tests': False, 'cmake_args': None, 'cmake_clean_cache': False, 'cmake_clean_first': False, 'cmake_force_configure': False, 'cmake_target': None, 'cmake_target_skip_unavailable': False, 'install_base': '/home/sofia/sextoSem/TE3001B-2DoF-Robotic-Arm/install/inverse_kinematics_pkg', 'merge_install': False, 'path': '/home/sofia/sextoSem/TE3001B-2DoF-Robotic-Arm/src/inverse_kinematics_pkg', 'symlink_install': False, 'test_result_base': None}
[0.276s] INFO:colcon.colcon_core.executor:Executing jobs using 'parallel' executor
[0.277s] DEBUG:colcon.colcon_parallel_executor.executor.parallel:run_until_complete
[0.277s] INFO:colcon.colcon_ros.task.ament_cmake.build:Building ROS package in '/home/sofia/sextoSem/TE3001B-2DoF-Robotic-Arm/src/desired_position_pkg' with build type 'ament_cmake'
[0.278s] INFO:colcon.colcon_cmake.task.cmake.build:Building CMake package in '/home/sofia/sextoSem/TE3001B-2DoF-Robotic-Arm/src/desired_position_pkg'
[0.280s] INFO:colcon.colcon_core.plugin_system:Skipping extension 'colcon_core.shell.bat': Not used on non-Windows systems
[0.280s] INFO:colcon.colcon_core.shell:Skip shell extension 'powershell' for command environment: Not usable outside of PowerShell
[0.280s] DEBUG:colcon.colcon_core.shell:Skip shell extension 'dsv' for command environment
[0.283s] INFO:colcon.colcon_ros.task.ament_python.build:Building ROS package in '/home/sofia/sextoSem/TE3001B-2DoF-Robotic-Arm/src/pid_controller' with build type 'ament_python'
[0.283s] Level 1:colcon.colcon_core.shell:create_environment_hook('pid_controller', 'ament_prefix_path')
[0.284s] INFO:colcon.colcon_core.shell:Creating environment hook '/home/sofia/sextoSem/TE3001B-2DoF-Robotic-Arm/install/pid_controller/share/pid_controller/hook/ament_prefix_path.ps1'
[0.284s] INFO:colcon.colcon_core.shell:Creating environment descriptor '/home/sofia/sextoSem/TE3001B-2DoF-Robotic-Arm/install/pid_controller/share/pid_controller/hook/ament_prefix_path.dsv'
[0.285s] INFO:colcon.colcon_core.shell:Creating environment hook '/home/sofia/sextoSem/TE3001B-2DoF-Robotic-Arm/install/pid_controller/share/pid_controller/hook/ament_prefix_path.sh'
[0.285s] INFO:colcon.colcon_core.shell:Skip shell extension 'powershell' for command environment: Not usable outside of PowerShell
[0.286s] DEBUG:colcon.colcon_core.shell:Skip shell extension 'dsv' for command environment
[0.294s] DEBUG:colcon.colcon_core.event_handler.log_command:Invoking command in '/home/sofia/sextoSem/TE3001B-2DoF-Robotic-Arm/build/desired_position_pkg': CMAKE_PREFIX_PATH=${CMAKE_PREFIX_PATH}:/home/sofia/sextoSem/TE3001B-2DoF-Robotic-Arm/install/pid_controller:/home/sofia/sextoSem/TE3001B-2DoF-Robotic-Arm/install/inverse_kinematics_pkg:/opt/ros/humble /usr/bin/cmake --build /home/sofia/sextoSem/TE3001B-2DoF-Robotic-Arm/build/desired_position_pkg -- -j12 -l12
[0.494s] INFO:colcon.colcon_core.task.python.build:Building Python package in '/home/sofia/sextoSem/TE3001B-2DoF-Robotic-Arm/src/pid_controller'
[0.494s] INFO:colcon.colcon_core.shell:Skip shell extension 'powershell' for command environment: Not usable outside of PowerShell
[0.494s] DEBUG:colcon.colcon_core.shell:Skip shell extension 'dsv' for command environment
[0.565s] DEBUG:colcon.colcon_core.event_handler.log_command:Invoked command in '/home/sofia/sextoSem/TE3001B-2DoF-Robotic-Arm/build/desired_position_pkg' returned '0': CMAKE_PREFIX_PATH=${CMAKE_PREFIX_PATH}:/home/sofia/sextoSem/TE3001B-2DoF-Robotic-Arm/install/pid_controller:/home/sofia/sextoSem/TE3001B-2DoF-Robotic-Arm/install/inverse_kinematics_pkg:/opt/ros/humble /usr/bin/cmake --build /home/sofia/sextoSem/TE3001B-2DoF-Robotic-Arm/build/desired_position_pkg -- -j12 -l12
[0.572s] DEBUG:colcon.colcon_core.event_handler.log_command:Invoking command in '/home/sofia/sextoSem/TE3001B-2DoF-Robotic-Arm/build/desired_position_pkg': CMAKE_PREFIX_PATH=${CMAKE_PREFIX_PATH}:/home/sofia/sextoSem/TE3001B-2DoF-Robotic-Arm/install/pid_controller:/home/sofia/sextoSem/TE3001B-2DoF-Robotic-Arm/install/inverse_kinematics_pkg:/opt/ros/humble /usr/bin/cmake --install /home/sofia/sextoSem/TE3001B-2DoF-Robotic-Arm/build/desired_position_pkg
[0.613s] Level 1:colcon.colcon_core.environment:create_environment_scripts_only(desired_position_pkg)
[0.614s] DEBUG:colcon.colcon_core.event_handler.log_command:Invoked command in '/home/sofia/sextoSem/TE3001B-2DoF-Robotic-Arm/build/desired_position_pkg' returned '0': CMAKE_PREFIX_PATH=${CMAKE_PREFIX_PATH}:/home/sofia/sextoSem/TE3001B-2DoF-Robotic-Arm/install/pid_controller:/home/sofia/sextoSem/TE3001B-2DoF-Robotic-Arm/install/inverse_kinematics_pkg:/opt/ros/humble /usr/bin/cmake --install /home/sofia/sextoSem/TE3001B-2DoF-Robotic-Arm/build/desired_position_pkg
[0.616s] Level 1:colcon.colcon_core.environment:checking '/home/sofia/sextoSem/TE3001B-2DoF-Robotic-Arm/install/desired_position_pkg' for CMake module files
[0.616s] Level 1:colcon.colcon_core.environment:checking '/home/sofia/sextoSem/TE3001B-2DoF-Robotic-Arm/install/desired_position_pkg' for CMake config files
[0.617s] Level 1:colcon.colcon_core.shell:create_environment_hook('desired_position_pkg', 'cmake_prefix_path')
[0.617s] INFO:colcon.colcon_core.shell:Creating environment hook '/home/sofia/sextoSem/TE3001B-2DoF-Robotic-Arm/install/desired_position_pkg/share/desired_position_pkg/hook/cmake_prefix_path.ps1'
[0.617s] INFO:colcon.colcon_core.shell:Creating environment descriptor '/home/sofia/sextoSem/TE3001B-2DoF-Robotic-Arm/install/desired_position_pkg/share/desired_position_pkg/hook/cmake_prefix_path.dsv'
[0.618s] INFO:colcon.colcon_core.shell:Creating environment hook '/home/sofia/sextoSem/TE3001B-2DoF-Robotic-Arm/install/desired_position_pkg/share/desired_position_pkg/hook/cmake_prefix_path.sh'
[0.618s] Level 1:colcon.colcon_core.environment:checking '/home/sofia/sextoSem/TE3001B-2DoF-Robotic-Arm/install/desired_position_pkg/lib'
[0.618s] Level 1:colcon.colcon_core.shell:create_environment_hook('desired_position_pkg', 'ld_library_path_lib')
[0.618s] INFO:colcon.colcon_core.shell:Creating environment hook '/home/sofia/sextoSem/TE3001B-2DoF-Robotic-Arm/install/desired_position_pkg/share/desired_position_pkg/hook/ld_library_path_lib.ps1'
[0.619s] INFO:colcon.colcon_core.shell:Creating environment descriptor '/home/sofia/sextoSem/TE3001B-2DoF-Robotic-Arm/install/desired_position_pkg/share/desired_position_pkg/hook/ld_library_path_lib.dsv'
[0.619s] INFO:colcon.colcon_core.shell:Creating environment hook '/home/sofia/sextoSem/TE3001B-2DoF-Robotic-Arm/install/desired_position_pkg/share/desired_position_pkg/hook/ld_library_path_lib.sh'
[0.619s] Level 1:colcon.colcon_core.environment:checking '/home/sofia/sextoSem/TE3001B-2DoF-Robotic-Arm/install/desired_position_pkg/bin'
[0.619s] Level 1:colcon.colcon_core.environment:checking '/home/sofia/sextoSem/TE3001B-2DoF-Robotic-Arm/install/desired_position_pkg/lib/pkgconfig/desired_position_pkg.pc'
[0.619s] Level 1:colcon.colcon_core.environment:checking '/home/sofia/sextoSem/TE3001B-2DoF-Robotic-Arm/install/desired_position_pkg/lib/python3.10/site-packages'
[0.620s] Level 1:colcon.colcon_core.environment:checking '/home/sofia/sextoSem/TE3001B-2DoF-Robotic-Arm/install/desired_position_pkg/bin'
[0.620s] INFO:colcon.colcon_core.shell:Creating package script '/home/sofia/sextoSem/TE3001B-2DoF-Robotic-Arm/install/desired_position_pkg/share/desired_position_pkg/package.ps1'
[0.620s] INFO:colcon.colcon_core.shell:Creating package descriptor '/home/sofia/sextoSem/TE3001B-2DoF-Robotic-Arm/install/desired_position_pkg/share/desired_position_pkg/package.dsv'
[0.621s] INFO:colcon.colcon_core.shell:Creating package script '/home/sofia/sextoSem/TE3001B-2DoF-Robotic-Arm/install/desired_position_pkg/share/desired_position_pkg/package.sh'
[0.621s] INFO:colcon.colcon_core.shell:Creating package script '/home/sofia/sextoSem/TE3001B-2DoF-Robotic-Arm/install/desired_position_pkg/share/desired_position_pkg/package.bash'
[0.622s] INFO:colcon.colcon_core.shell:Creating package script '/home/sofia/sextoSem/TE3001B-2DoF-Robotic-Arm/install/desired_position_pkg/share/desired_position_pkg/package.zsh'
[0.622s] Level 1:colcon.colcon_core.environment:create_file_with_runtime_dependencies(/home/sofia/sextoSem/TE3001B-2DoF-Robotic-Arm/install/desired_position_pkg/share/colcon-core/packages/desired_position_pkg)
[0.623s] Level 1:colcon.colcon_core.environment:create_environment_scripts_only(desired_position_pkg)
[0.623s] Level 1:colcon.colcon_core.environment:checking '/home/sofia/sextoSem/TE3001B-2DoF-Robotic-Arm/install/desired_position_pkg' for CMake module files
[0.623s] Level 1:colcon.colcon_core.environment:checking '/home/sofia/sextoSem/TE3001B-2DoF-Robotic-Arm/install/desired_position_pkg' for CMake config files
[0.624s] Level 1:colcon.colcon_core.shell:create_environment_hook('desired_position_pkg', 'cmake_prefix_path')
[0.624s] INFO:colcon.colcon_core.shell:Creating environment hook '/home/sofia/sextoSem/TE3001B-2DoF-Robotic-Arm/install/desired_position_pkg/share/desired_position_pkg/hook/cmake_prefix_path.ps1'
[0.624s] INFO:colcon.colcon_core.shell:Creating environment descriptor '/home/sofia/sextoSem/TE3001B-2DoF-Robotic-Arm/install/desired_position_pkg/share/desired_position_pkg/hook/cmake_prefix_path.dsv'
[0.624s] INFO:colcon.colcon_core.shell:Creating environment hook '/home/sofia/sextoSem/TE3001B-2DoF-Robotic-Arm/install/desired_position_pkg/share/desired_position_pkg/hook/cmake_prefix_path.sh'
[0.624s] Level 1:colcon.colcon_core.environment:checking '/home/sofia/sextoSem/TE3001B-2DoF-Robotic-Arm/install/desired_position_pkg/lib'
[0.625s] Level 1:colcon.colcon_core.shell:create_environment_hook('desired_position_pkg', 'ld_library_path_lib')
[0.625s] INFO:colcon.colcon_core.shell:Creating environment hook '/home/sofia/sextoSem/TE3001B-2DoF-Robotic-Arm/install/desired_position_pkg/share/desired_position_pkg/hook/ld_library_path_lib.ps1'
[0.625s] INFO:colcon.colcon_core.shell:Creating environment descriptor '/home/sofia/sextoSem/TE3001B-2DoF-Robotic-Arm/install/desired_position_pkg/share/desired_position_pkg/hook/ld_library_path_lib.dsv'
[0.625s] INFO:colcon.colcon_core.shell:Creating environment hook '/home/sofia/sextoSem/TE3001B-2DoF-Robotic-Arm/install/desired_position_pkg/share/desired_position_pkg/hook/ld_library_path_lib.sh'
[0.626s] Level 1:colcon.colcon_core.environment:checking '/home/sofia/sextoSem/TE3001B-2DoF-Robotic-Arm/install/desired_position_pkg/bin'
[0.626s] Level 1:colcon.colcon_core.environment:checking '/home/sofia/sextoSem/TE3001B-2DoF-Robotic-Arm/install/desired_position_pkg/lib/pkgconfig/desired_position_pkg.pc'
[0.626s] Level 1:colcon.colcon_core.environment:checking '/home/sofia/sextoSem/TE3001B-2DoF-Robotic-Arm/install/desired_position_pkg/lib/python3.10/site-packages'
[0.626s] Level 1:colcon.colcon_core.environment:checking '/home/sofia/sextoSem/TE3001B-2DoF-Robotic-Arm/install/desired_position_pkg/bin'
[0.626s] INFO:colcon.colcon_core.shell:Creating package script '/home/sofia/sextoSem/TE3001B-2DoF-Robotic-Arm/install/desired_position_pkg/share/desired_position_pkg/package.ps1'
[0.627s] INFO:colcon.colcon_core.shell:Creating package descriptor '/home/sofia/sextoSem/TE3001B-2DoF-Robotic-Arm/install/desired_position_pkg/share/desired_position_pkg/package.dsv'
[0.627s] INFO:colcon.colcon_core.shell:Creating package script '/home/sofia/sextoSem/TE3001B-2DoF-Robotic-Arm/install/desired_position_pkg/share/desired_position_pkg/package.sh'
[0.628s] INFO:colcon.colcon_core.shell:Creating package script '/home/sofia/sextoSem/TE3001B-2DoF-Robotic-Arm/install/desired_position_pkg/share/desired_position_pkg/package.bash'
[0.628s] INFO:colcon.colcon_core.shell:Creating package script '/home/sofia/sextoSem/TE3001B-2DoF-Robotic-Arm/install/desired_position_pkg/share/desired_position_pkg/package.zsh'
[0.628s] Level 1:colcon.colcon_core.environment:create_file_with_runtime_dependencies(/home/sofia/sextoSem/TE3001B-2DoF-Robotic-Arm/install/desired_position_pkg/share/colcon-core/packages/desired_position_pkg)
[0.628s] INFO:colcon.colcon_ros.task.ament_python.build:Building ROS package in '/home/sofia/sextoSem/TE3001B-2DoF-Robotic-Arm/src/inverse_kinematics_pkg' with build type 'ament_python'
[0.629s] Level 1:colcon.colcon_core.shell:create_environment_hook('inverse_kinematics_pkg', 'ament_prefix_path')
[0.629s] INFO:colcon.colcon_core.shell:Creating environment hook '/home/sofia/sextoSem/TE3001B-2DoF-Robotic-Arm/install/inverse_kinematics_pkg/share/inverse_kinematics_pkg/hook/ament_prefix_path.ps1'
[0.630s] INFO:colcon.colcon_core.shell:Creating environment descriptor '/home/sofia/sextoSem/TE3001B-2DoF-Robotic-Arm/install/inverse_kinematics_pkg/share/inverse_kinematics_pkg/hook/ament_prefix_path.dsv'
[0.630s] INFO:colcon.colcon_core.shell:Creating environment hook '/home/sofia/sextoSem/TE3001B-2DoF-Robotic-Arm/install/inverse_kinematics_pkg/share/inverse_kinematics_pkg/hook/ament_prefix_path.sh'
[0.631s] INFO:colcon.colcon_core.shell:Skip shell extension 'powershell' for command environment: Not usable outside of PowerShell
[0.631s] DEBUG:colcon.colcon_core.shell:Skip shell extension 'dsv' for command environment
[0.804s] INFO:colcon.colcon_core.task.python.build:Building Python package in '/home/sofia/sextoSem/TE3001B-2DoF-Robotic-Arm/src/inverse_kinematics_pkg'
[0.804s] INFO:colcon.colcon_core.shell:Skip shell extension 'powershell' for command environment: Not usable outside of PowerShell
[0.804s] DEBUG:colcon.colcon_core.shell:Skip shell extension 'dsv' for command environment
[0.812s] DEBUG:colcon.colcon_core.event_handler.log_command:Invoking command in '/home/sofia/sextoSem/TE3001B-2DoF-Robotic-Arm/src/pid_controller': PYTHONPATH=/home/sofia/sextoSem/TE3001B-2DoF-Robotic-Arm/build/pid_controller/prefix_override:/usr/lib/python3/dist-packages/colcon_core/task/python/colcon_distutils_commands:/home/sofia/sextoSem/TE3001B-2DoF-Robotic-Arm/install/pid_controller/lib/python3.10/site-packages:${PYTHONPATH} /usr/bin/python3 -W ignore:setup.py install is deprecated -W ignore:easy_install command is deprecated setup.py egg_info --egg-base ../../build/pid_controller build --build-base /home/sofia/sextoSem/TE3001B-2DoF-Robotic-Arm/build/pid_controller/build install --record /home/sofia/sextoSem/TE3001B-2DoF-Robotic-Arm/build/pid_controller/install.log --single-version-externally-managed install_data
[1.007s] Level 1:colcon.colcon_core.environment:checking '/home/sofia/sextoSem/TE3001B-2DoF-Robotic-Arm/install/pid_controller' for CMake module files
[1.008s] DEBUG:colcon.colcon_core.event_handler.log_command:Invoked command in '/home/sofia/sextoSem/TE3001B-2DoF-Robotic-Arm/src/pid_controller' returned '0': PYTHONPATH=/home/sofia/sextoSem/TE3001B-2DoF-Robotic-Arm/build/pid_controller/prefix_override:/usr/lib/python3/dist-packages/colcon_core/task/python/colcon_distutils_commands:/home/sofia/sextoSem/TE3001B-2DoF-Robotic-Arm/install/pid_controller/lib/python3.10/site-packages:${PYTHONPATH} /usr/bin/python3 -W ignore:setup.py install is deprecated -W ignore:easy_install command is deprecated setup.py egg_info --egg-base ../../build/pid_controller build --build-base /home/sofia/sextoSem/TE3001B-2DoF-Robotic-Arm/build/pid_controller/build install --record /home/sofia/sextoSem/TE3001B-2DoF-Robotic-Arm/build/pid_controller/install.log --single-version-externally-managed install_data
[1.008s] Level 1:colcon.colcon_core.environment:checking '/home/sofia/sextoSem/TE3001B-2DoF-Robotic-Arm/install/pid_controller' for CMake config files
[1.008s] Level 1:colcon.colcon_core.environment:checking '/home/sofia/sextoSem/TE3001B-2DoF-Robotic-Arm/install/pid_controller/lib'
[1.009s] Level 1:colcon.colcon_core.environment:checking '/home/sofia/sextoSem/TE3001B-2DoF-Robotic-Arm/install/pid_controller/bin'
[1.009s] Level 1:colcon.colcon_core.environment:checking '/home/sofia/sextoSem/TE3001B-2DoF-Robotic-Arm/install/pid_controller/lib/pkgconfig/pid_controller.pc'
[1.009s] Level 1:colcon.colcon_core.environment:checking '/home/sofia/sextoSem/TE3001B-2DoF-Robotic-Arm/install/pid_controller/lib/python3.10/site-packages'
[1.009s] Level 1:colcon.colcon_core.shell:create_environment_hook('pid_controller', 'pythonpath')
[1.009s] INFO:colcon.colcon_core.shell:Creating environment hook '/home/sofia/sextoSem/TE3001B-2DoF-Robotic-Arm/install/pid_controller/share/pid_controller/hook/pythonpath.ps1'
[1.009s] INFO:colcon.colcon_core.shell:Creating environment descriptor '/home/sofia/sextoSem/TE3001B-2DoF-Robotic-Arm/install/pid_controller/share/pid_controller/hook/pythonpath.dsv'
[1.010s] INFO:colcon.colcon_core.shell:Creating environment hook '/home/sofia/sextoSem/TE3001B-2DoF-Robotic-Arm/install/pid_controller/share/pid_controller/hook/pythonpath.sh'
[1.010s] Level 1:colcon.colcon_core.environment:checking '/home/sofia/sextoSem/TE3001B-2DoF-Robotic-Arm/install/pid_controller/bin'
[1.010s] Level 1:colcon.colcon_core.environment:create_environment_scripts_only(pid_controller)
[1.010s] INFO:colcon.colcon_core.shell:Creating package script '/home/sofia/sextoSem/TE3001B-2DoF-Robotic-Arm/install/pid_controller/share/pid_controller/package.ps1'
[1.011s] INFO:colcon.colcon_core.shell:Creating package descriptor '/home/sofia/sextoSem/TE3001B-2DoF-Robotic-Arm/install/pid_controller/share/pid_controller/package.dsv'
[1.011s] INFO:colcon.colcon_core.shell:Creating package script '/home/sofia/sextoSem/TE3001B-2DoF-Robotic-Arm/install/pid_controller/share/pid_controller/package.sh'
[1.011s] INFO:colcon.colcon_core.shell:Creating package script '/home/sofia/sextoSem/TE3001B-2DoF-Robotic-Arm/install/pid_controller/share/pid_controller/package.bash'
[1.012s] INFO:colcon.colcon_core.shell:Creating package script '/home/sofia/sextoSem/TE3001B-2DoF-Robotic-Arm/install/pid_controller/share/pid_controller/package.zsh'
[1.012s] Level 1:colcon.colcon_core.environment:create_file_with_runtime_dependencies(/home/sofia/sextoSem/TE3001B-2DoF-Robotic-Arm/install/pid_controller/share/colcon-core/packages/pid_controller)
[1.036s] DEBUG:colcon.colcon_core.event_handler.log_command:Invoking command in '/home/sofia/sextoSem/TE3001B-2DoF-Robotic-Arm/src/inverse_kinematics_pkg': PYTHONPATH=/home/sofia/sextoSem/TE3001B-2DoF-Robotic-Arm/build/inverse_kinematics_pkg/prefix_override:/usr/lib/python3/dist-packages/colcon_core/task/python/colcon_distutils_commands:/home/sofia/sextoSem/TE3001B-2DoF-Robotic-Arm/install/inverse_kinematics_pkg/lib/python3.10/site-packages:${PYTHONPATH} /usr/bin/python3 -W ignore:setup.py install is deprecated -W ignore:easy_install command is deprecated setup.py egg_info --egg-base ../../build/inverse_kinematics_pkg build --build-base /home/sofia/sextoSem/TE3001B-2DoF-Robotic-Arm/build/inverse_kinematics_pkg/build install --record /home/sofia/sextoSem/TE3001B-2DoF-Robotic-Arm/build/inverse_kinematics_pkg/install.log --single-version-externally-managed install_data
[1.212s] Level 1:colcon.colcon_core.environment:checking '/home/sofia/sextoSem/TE3001B-2DoF-Robotic-Arm/install/inverse_kinematics_pkg' for CMake module files
[1.212s] DEBUG:colcon.colcon_core.event_handler.log_command:Invoked command in '/home/sofia/sextoSem/TE3001B-2DoF-Robotic-Arm/src/inverse_kinematics_pkg' returned '0': PYTHONPATH=/home/sofia/sextoSem/TE3001B-2DoF-Robotic-Arm/build/inverse_kinematics_pkg/prefix_override:/usr/lib/python3/dist-packages/colcon_core/task/python/colcon_distutils_commands:/home/sofia/sextoSem/TE3001B-2DoF-Robotic-Arm/install/inverse_kinematics_pkg/lib/python3.10/site-packages:${PYTHONPATH} /usr/bin/python3 -W ignore:setup.py install is deprecated -W ignore:easy_install command is deprecated setup.py egg_info --egg-base ../../build/inverse_kinematics_pkg build --build-base /home/sofia/sextoSem/TE3001B-2DoF-Robotic-Arm/build/inverse_kinematics_pkg/build install --record /home/sofia/sextoSem/TE3001B-2DoF-Robotic-Arm/build/inverse_kinematics_pkg/install.log --single-version-externally-managed install_data
[1.213s] Level 1:colcon.colcon_core.environment:checking '/home/sofia/sextoSem/TE3001B-2DoF-Robotic-Arm/install/inverse_kinematics_pkg' for CMake config files
[1.213s] Level 1:colcon.colcon_core.environment:checking '/home/sofia/sextoSem/TE3001B-2DoF-Robotic-Arm/install/inverse_kinematics_pkg/lib'
[1.213s] Level 1:colcon.colcon_core.environment:checking '/home/sofia/sextoSem/TE3001B-2DoF-Robotic-Arm/install/inverse_kinematics_pkg/bin'
[1.213s] Level 1:colcon.colcon_core.environment:checking '/home/sofia/sextoSem/TE3001B-2DoF-Robotic-Arm/install/inverse_kinematics_pkg/lib/pkgconfig/inverse_kinematics_pkg.pc'
[1.214s] Level 1:colcon.colcon_core.environment:checking '/home/sofia/sextoSem/TE3001B-2DoF-Robotic-Arm/install/inverse_kinematics_pkg/lib/python3.10/site-packages'
[1.214s] Level 1:colcon.colcon_core.shell:create_environment_hook('inverse_kinematics_pkg', 'pythonpath')
[1.214s] INFO:colcon.colcon_core.shell:Creating environment hook '/home/sofia/sextoSem/TE3001B-2DoF-Robotic-Arm/install/inverse_kinematics_pkg/share/inverse_kinematics_pkg/hook/pythonpath.ps1'
[1.214s] INFO:colcon.colcon_core.shell:Creating environment descriptor '/home/sofia/sextoSem/TE3001B-2DoF-Robotic-Arm/install/inverse_kinematics_pkg/share/inverse_kinematics_pkg/hook/pythonpath.dsv'
[1.215s] INFO:colcon.colcon_core.shell:Creating environment hook '/home/sofia/sextoSem/TE3001B-2DoF-Robotic-Arm/install/inverse_kinematics_pkg/share/inverse_kinematics_pkg/hook/pythonpath.sh'
[1.215s] Level 1:colcon.colcon_core.environment:checking '/home/sofia/sextoSem/TE3001B-2DoF-Robotic-Arm/install/inverse_kinematics_pkg/bin'
[1.216s] Level 1:colcon.colcon_core.environment:create_environment_scripts_only(inverse_kinematics_pkg)
[1.216s] INFO:colcon.colcon_core.shell:Creating package script '/home/sofia/sextoSem/TE3001B-2DoF-Robotic-Arm/install/inverse_kinematics_pkg/share/inverse_kinematics_pkg/package.ps1'
[1.216s] INFO:colcon.colcon_core.shell:Creating package descriptor '/home/sofia/sextoSem/TE3001B-2DoF-Robotic-Arm/install/inverse_kinematics_pkg/share/inverse_kinematics_pkg/package.dsv'
[1.216s] INFO:colcon.colcon_core.shell:Creating package script '/home/sofia/sextoSem/TE3001B-2DoF-Robotic-Arm/install/inverse_kinematics_pkg/share/inverse_kinematics_pkg/package.sh'
[1.217s] INFO:colcon.colcon_core.shell:Creating package script '/home/sofia/sextoSem/TE3001B-2DoF-Robotic-Arm/install/inverse_kinematics_pkg/share/inverse_kinematics_pkg/package.bash'
[1.217s] INFO:colcon.colcon_core.shell:Creating package script '/home/sofia/sextoSem/TE3001B-2DoF-Robotic-Arm/install/inverse_kinematics_pkg/share/inverse_kinematics_pkg/package.zsh'
[1.217s] Level 1:colcon.colcon_core.environment:create_file_with_runtime_dependencies(/home/sofia/sextoSem/TE3001B-2DoF-Robotic-Arm/install/inverse_kinematics_pkg/share/colcon-core/packages/inverse_kinematics_pkg)
[1.218s] DEBUG:colcon.colcon_parallel_executor.executor.parallel:closing loop
[1.218s] DEBUG:colcon.colcon_parallel_executor.executor.parallel:loop closed
[1.218s] DEBUG:colcon.colcon_parallel_executor.executor.parallel:run_until_complete finished with '0'
[1.218s] DEBUG:colcon.colcon_core.event_reactor:joining thread
[1.225s] INFO:colcon.colcon_core.plugin_system:Skipping extension 'colcon_notification.desktop_notification.terminal_notifier': Not used on non-Darwin systems
[1.225s] INFO:colcon.colcon_core.plugin_system:Skipping extension 'colcon_notification.desktop_notification.win32': Not used on non-Windows systems
[1.225s] INFO:colcon.colcon_notification.desktop_notification:Sending desktop notification using 'notify2'
[1.229s] DEBUG:colcon.colcon_notification.desktop_notification.notify2:Failed to initialize notify2: org.freedesktop.DBus.Error.ServiceUnknown: The name org.freedesktop.Notifications was not provided by any .service files
[1.229s] DEBUG:colcon.colcon_core.event_reactor:joined thread
[1.229s] INFO:colcon.colcon_core.shell:Creating prefix script '/home/sofia/sextoSem/TE3001B-2DoF-Robotic-Arm/install/local_setup.ps1'
[1.230s] INFO:colcon.colcon_core.shell:Creating prefix util module '/home/sofia/sextoSem/TE3001B-2DoF-Robotic-Arm/install/_local_setup_util_ps1.py'
[1.231s] INFO:colcon.colcon_core.shell:Creating prefix chain script '/home/sofia/sextoSem/TE3001B-2DoF-Robotic-Arm/install/setup.ps1'
[1.232s] INFO:colcon.colcon_core.shell:Creating prefix script '/home/sofia/sextoSem/TE3001B-2DoF-Robotic-Arm/install/local_setup.sh'
[1.233s] INFO:colcon.colcon_core.shell:Creating prefix util module '/home/sofia/sextoSem/TE3001B-2DoF-Robotic-Arm/install/_local_setup_util_sh.py'
[1.233s] INFO:colcon.colcon_core.shell:Creating prefix chain script '/home/sofia/sextoSem/TE3001B-2DoF-Robotic-Arm/install/setup.sh'
[1.234s] INFO:colcon.colcon_core.shell:Creating prefix script '/home/sofia/sextoSem/TE3001B-2DoF-Robotic-Arm/install/local_setup.bash'
[1.235s] INFO:colcon.colcon_core.shell:Creating prefix chain script '/home/sofia/sextoSem/TE3001B-2DoF-Robotic-Arm/install/setup.bash'
[1.235s] INFO:colcon.colcon_core.shell:Creating prefix script '/home/sofia/sextoSem/TE3001B-2DoF-Robotic-Arm/install/local_setup.zsh'
[1.236s] INFO:colcon.colcon_core.shell:Creating prefix chain script '/home/sofia/sextoSem/TE3001B-2DoF-Robotic-Arm/install/setup.zsh'
