[0.016s] Invoking command in '/home/sofia/sextoSem/TE3001B-2DoF-Robotic-Arm/build/desired_position_pkg': CMAKE_PREFIX_PATH=/opt/ros/humble /usr/bin/cmake --build /home/sofia/sextoSem/TE3001B-2DoF-Robotic-Arm/build/desired_position_pkg -- -j12 -l12
[0.177s] [  3%] Built target desired_position_pkg__cpp
[0.192s] [  3%] Built target ament_cmake_python_copy_desired_position_pkg
[0.197s] [ 12%] Built target desired_position_pkg__rosidl_generator_c
[0.211s] [ 22%] Built target desired_position_pkg__rosidl_typesupport_cpp
[0.213s] [ 32%] Built target desired_position_pkg__rosidl_typesupport_introspection_cpp
[0.215s] [ 41%] Built target desired_position_pkg__rosidl_typesupport_fastrtps_cpp
[0.220s] [ 51%] Built target desired_position_pkg__rosidl_typesupport_introspection_c
[0.220s] [ 61%] Built target desired_position_pkg__rosidl_typesupport_c
[0.223s] [ 70%] Built target desired_position_pkg__rosidl_typesupport_fastrtps_c
[0.240s] [ 70%] Built target desired_position_pkg
[0.258s] [ 74%] Built target desired_position_pkg__py
[0.285s] [ 80%] Built target desired_position_pkg__rosidl_generator_py
[0.303s] [ 93%] Built target desired_position_pkg__rosidl_typesupport_c__pyext
[0.303s] [ 93%] Built target desired_position_pkg__rosidl_typesupport_fastrtps_c__pyext
[0.303s] [100%] Built target desired_position_pkg__rosidl_typesupport_introspection_c__pyext
[0.372s] running egg_info
[0.373s] writing desired_position_pkg.egg-info/PKG-INFO
[0.375s] writing dependency_links to desired_position_pkg.egg-info/dependency_links.txt
[0.375s] writing top-level names to desired_position_pkg.egg-info/top_level.txt
[0.378s] reading manifest file 'desired_position_pkg.egg-info/SOURCES.txt'
[0.378s] writing manifest file 'desired_position_pkg.egg-info/SOURCES.txt'
[0.400s] [100%] Built target ament_cmake_python_build_desired_position_pkg_egg
[0.408s] Invoked command in '/home/sofia/sextoSem/TE3001B-2DoF-Robotic-Arm/build/desired_position_pkg' returned '0': CMAKE_PREFIX_PATH=/opt/ros/humble /usr/bin/cmake --build /home/sofia/sextoSem/TE3001B-2DoF-Robotic-Arm/build/desired_position_pkg -- -j12 -l12
[0.417s] Invoking command in '/home/sofia/sextoSem/TE3001B-2DoF-Robotic-Arm/build/desired_position_pkg': CMAKE_PREFIX_PATH=/opt/ros/humble /usr/bin/cmake --install /home/sofia/sextoSem/TE3001B-2DoF-Robotic-Arm/build/desired_position_pkg
[0.425s] -- Install configuration: ""
[0.428s] -- Up-to-date: /home/sofia/sextoSem/TE3001B-2DoF-Robotic-Arm/install/desired_position_pkg/share/ament_index/resource_index/rosidl_interfaces/desired_position_pkg
[0.428s] -- Up-to-date: /home/sofia/sextoSem/TE3001B-2DoF-Robotic-Arm/install/desired_position_pkg/include/desired_position_pkg/desired_position_pkg
[0.428s] -- Up-to-date: /home/sofia/sextoSem/TE3001B-2DoF-Robotic-Arm/install/desired_position_pkg/include/desired_position_pkg/desired_position_pkg/srv
[0.428s] -- Up-to-date: /home/sofia/sextoSem/TE3001B-2DoF-Robotic-Arm/install/desired_position_pkg/include/desired_position_pkg/desired_position_pkg/srv/detail
[0.428s] -- Up-to-date: /home/sofia/sextoSem/TE3001B-2DoF-Robotic-Arm/install/desired_position_pkg/include/desired_position_pkg/desired_position_pkg/srv/detail/desired_position__type_support.h
[0.428s] -- Up-to-date: /home/sofia/sextoSem/TE3001B-2DoF-Robotic-Arm/install/desired_position_pkg/include/desired_position_pkg/desired_position_pkg/srv/detail/desired_position__struct.h
[0.429s] -- Up-to-date: /home/sofia/sextoSem/TE3001B-2DoF-Robotic-Arm/install/desired_position_pkg/include/desired_position_pkg/desired_position_pkg/srv/detail/desired_position__functions.c
[0.429s] -- Up-to-date: /home/sofia/sextoSem/TE3001B-2DoF-Robotic-Arm/install/desired_position_pkg/include/desired_position_pkg/desired_position_pkg/srv/detail/desired_position__functions.h
[0.429s] -- Up-to-date: /home/sofia/sextoSem/TE3001B-2DoF-Robotic-Arm/install/desired_position_pkg/include/desired_position_pkg/desired_position_pkg/srv/desired_position.h
[0.429s] -- Up-to-date: /home/sofia/sextoSem/TE3001B-2DoF-Robotic-Arm/install/desired_position_pkg/include/desired_position_pkg/desired_position_pkg/msg
[0.429s] -- Up-to-date: /home/sofia/sextoSem/TE3001B-2DoF-Robotic-Arm/install/desired_position_pkg/include/desired_position_pkg/desired_position_pkg/msg/rosidl_generator_c__visibility_control.h
[0.429s] -- Up-to-date: /home/sofia/sextoSem/TE3001B-2DoF-Robotic-Arm/install/desired_position_pkg/share/desired_position_pkg/environment/library_path.sh
[0.429s] -- Up-to-date: /home/sofia/sextoSem/TE3001B-2DoF-Robotic-Arm/install/desired_position_pkg/share/desired_position_pkg/environment/library_path.dsv
[0.431s] -- Up-to-date: /home/sofia/sextoSem/TE3001B-2DoF-Robotic-Arm/install/desired_position_pkg/lib/libdesired_position_pkg__rosidl_generator_c.so
[0.431s] -- Up-to-date: /home/sofia/sextoSem/TE3001B-2DoF-Robotic-Arm/install/desired_position_pkg/include/desired_position_pkg/desired_position_pkg
[0.432s] -- Up-to-date: /home/sofia/sextoSem/TE3001B-2DoF-Robotic-Arm/install/desired_position_pkg/include/desired_position_pkg/desired_position_pkg/srv
[0.432s] -- Up-to-date: /home/sofia/sextoSem/TE3001B-2DoF-Robotic-Arm/install/desired_position_pkg/include/desired_position_pkg/desired_position_pkg/srv/detail
[0.432s] -- Up-to-date: /home/sofia/sextoSem/TE3001B-2DoF-Robotic-Arm/install/desired_position_pkg/include/desired_position_pkg/desired_position_pkg/srv/detail/desired_position__rosidl_typesupport_fastrtps_c.h
[0.432s] -- Up-to-date: /home/sofia/sextoSem/TE3001B-2DoF-Robotic-Arm/install/desired_position_pkg/include/desired_position_pkg/desired_position_pkg/msg
[0.432s] -- Up-to-date: /home/sofia/sextoSem/TE3001B-2DoF-Robotic-Arm/install/desired_position_pkg/include/desired_position_pkg/desired_position_pkg/msg/rosidl_typesupport_fastrtps_c__visibility_control.h
[0.432s] -- Up-to-date: /home/sofia/sextoSem/TE3001B-2DoF-Robotic-Arm/install/desired_position_pkg/lib/libdesired_position_pkg__rosidl_typesupport_fastrtps_c.so
[0.432s] -- Up-to-date: /home/sofia/sextoSem/TE3001B-2DoF-Robotic-Arm/install/desired_position_pkg/include/desired_position_pkg/desired_position_pkg
[0.433s] -- Up-to-date: /home/sofia/sextoSem/TE3001B-2DoF-Robotic-Arm/install/desired_position_pkg/include/desired_position_pkg/desired_position_pkg/srv
[0.433s] -- Up-to-date: /home/sofia/sextoSem/TE3001B-2DoF-Robotic-Arm/install/desired_position_pkg/include/desired_position_pkg/desired_position_pkg/srv/detail
[0.433s] -- Up-to-date: /home/sofia/sextoSem/TE3001B-2DoF-Robotic-Arm/install/desired_position_pkg/include/desired_position_pkg/desired_position_pkg/srv/detail/desired_position__rosidl_typesupport_introspection_c.h
[0.433s] -- Up-to-date: /home/sofia/sextoSem/TE3001B-2DoF-Robotic-Arm/install/desired_position_pkg/include/desired_position_pkg/desired_position_pkg/srv/detail/desired_position__type_support.c
[0.433s] -- Up-to-date: /home/sofia/sextoSem/TE3001B-2DoF-Robotic-Arm/install/desired_position_pkg/include/desired_position_pkg/desired_position_pkg/msg
[0.433s] -- Up-to-date: /home/sofia/sextoSem/TE3001B-2DoF-Robotic-Arm/install/desired_position_pkg/include/desired_position_pkg/desired_position_pkg/msg/rosidl_typesupport_introspection_c__visibility_control.h
[0.434s] -- Up-to-date: /home/sofia/sextoSem/TE3001B-2DoF-Robotic-Arm/install/desired_position_pkg/lib/libdesired_position_pkg__rosidl_typesupport_introspection_c.so
[0.434s] -- Up-to-date: /home/sofia/sextoSem/TE3001B-2DoF-Robotic-Arm/install/desired_position_pkg/lib/libdesired_position_pkg__rosidl_typesupport_c.so
[0.435s] -- Up-to-date: /home/sofia/sextoSem/TE3001B-2DoF-Robotic-Arm/install/desired_position_pkg/include/desired_position_pkg/desired_position_pkg
[0.435s] -- Up-to-date: /home/sofia/sextoSem/TE3001B-2DoF-Robotic-Arm/install/desired_position_pkg/include/desired_position_pkg/desired_position_pkg/srv
[0.435s] -- Up-to-date: /home/sofia/sextoSem/TE3001B-2DoF-Robotic-Arm/install/desired_position_pkg/include/desired_position_pkg/desired_position_pkg/srv/desired_position.hpp
[0.435s] -- Up-to-date: /home/sofia/sextoSem/TE3001B-2DoF-Robotic-Arm/install/desired_position_pkg/include/desired_position_pkg/desired_position_pkg/srv/detail
[0.435s] -- Up-to-date: /home/sofia/sextoSem/TE3001B-2DoF-Robotic-Arm/install/desired_position_pkg/include/desired_position_pkg/desired_position_pkg/srv/detail/desired_position__builder.hpp
[0.436s] -- Up-to-date: /home/sofia/sextoSem/TE3001B-2DoF-Robotic-Arm/install/desired_position_pkg/include/desired_position_pkg/desired_position_pkg/srv/detail/desired_position__type_support.hpp
[0.436s] -- Up-to-date: /home/sofia/sextoSem/TE3001B-2DoF-Robotic-Arm/install/desired_position_pkg/include/desired_position_pkg/desired_position_pkg/srv/detail/desired_position__struct.hpp
[0.436s] -- Up-to-date: /home/sofia/sextoSem/TE3001B-2DoF-Robotic-Arm/install/desired_position_pkg/include/desired_position_pkg/desired_position_pkg/srv/detail/desired_position__traits.hpp
[0.436s] -- Up-to-date: /home/sofia/sextoSem/TE3001B-2DoF-Robotic-Arm/install/desired_position_pkg/include/desired_position_pkg/desired_position_pkg/msg
[0.436s] -- Up-to-date: /home/sofia/sextoSem/TE3001B-2DoF-Robotic-Arm/install/desired_position_pkg/include/desired_position_pkg/desired_position_pkg/msg/rosidl_generator_cpp__visibility_control.hpp
[0.436s] -- Up-to-date: /home/sofia/sextoSem/TE3001B-2DoF-Robotic-Arm/install/desired_position_pkg/include/desired_position_pkg/desired_position_pkg
[0.436s] -- Up-to-date: /home/sofia/sextoSem/TE3001B-2DoF-Robotic-Arm/install/desired_position_pkg/include/desired_position_pkg/desired_position_pkg/srv
[0.436s] -- Up-to-date: /home/sofia/sextoSem/TE3001B-2DoF-Robotic-Arm/install/desired_position_pkg/include/desired_position_pkg/desired_position_pkg/srv/detail
[0.436s] -- Up-to-date: /home/sofia/sextoSem/TE3001B-2DoF-Robotic-Arm/install/desired_position_pkg/include/desired_position_pkg/desired_position_pkg/srv/detail/dds_fastrtps
[0.436s] -- Up-to-date: /home/sofia/sextoSem/TE3001B-2DoF-Robotic-Arm/install/desired_position_pkg/include/desired_position_pkg/desired_position_pkg/srv/detail/desired_position__rosidl_typesupport_fastrtps_cpp.hpp
[0.436s] -- Up-to-date: /home/sofia/sextoSem/TE3001B-2DoF-Robotic-Arm/install/desired_position_pkg/include/desired_position_pkg/desired_position_pkg/msg
[0.436s] -- Up-to-date: /home/sofia/sextoSem/TE3001B-2DoF-Robotic-Arm/install/desired_position_pkg/include/desired_position_pkg/desired_position_pkg/msg/rosidl_typesupport_fastrtps_cpp__visibility_control.h
[0.437s] -- Up-to-date: /home/sofia/sextoSem/TE3001B-2DoF-Robotic-Arm/install/desired_position_pkg/lib/libdesired_position_pkg__rosidl_typesupport_fastrtps_cpp.so
[0.437s] -- Up-to-date: /home/sofia/sextoSem/TE3001B-2DoF-Robotic-Arm/install/desired_position_pkg/include/desired_position_pkg/desired_position_pkg
[0.437s] -- Up-to-date: /home/sofia/sextoSem/TE3001B-2DoF-Robotic-Arm/install/desired_position_pkg/include/desired_position_pkg/desired_position_pkg/srv
[0.437s] -- Up-to-date: /home/sofia/sextoSem/TE3001B-2DoF-Robotic-Arm/install/desired_position_pkg/include/desired_position_pkg/desired_position_pkg/srv/detail
[0.437s] -- Up-to-date: /home/sofia/sextoSem/TE3001B-2DoF-Robotic-Arm/install/desired_position_pkg/include/desired_position_pkg/desired_position_pkg/srv/detail/desired_position__type_support.cpp
[0.437s] -- Up-to-date: /home/sofia/sextoSem/TE3001B-2DoF-Robotic-Arm/install/desired_position_pkg/include/desired_position_pkg/desired_position_pkg/srv/detail/desired_position__rosidl_typesupport_introspection_cpp.hpp
[0.437s] -- Up-to-date: /home/sofia/sextoSem/TE3001B-2DoF-Robotic-Arm/install/desired_position_pkg/lib/libdesired_position_pkg__rosidl_typesupport_introspection_cpp.so
[0.438s] -- Up-to-date: /home/sofia/sextoSem/TE3001B-2DoF-Robotic-Arm/install/desired_position_pkg/lib/libdesired_position_pkg__rosidl_typesupport_cpp.so
[0.439s] -- Up-to-date: /home/sofia/sextoSem/TE3001B-2DoF-Robotic-Arm/install/desired_position_pkg/share/desired_position_pkg/environment/pythonpath.sh
[0.439s] -- Up-to-date: /home/sofia/sextoSem/TE3001B-2DoF-Robotic-Arm/install/desired_position_pkg/share/desired_position_pkg/environment/pythonpath.dsv
[0.439s] -- Up-to-date: /home/sofia/sextoSem/TE3001B-2DoF-Robotic-Arm/install/desired_position_pkg/local/lib/python3.10/dist-packages/desired_position_pkg-0.0.0-py3.10.egg-info
[0.439s] -- Installing: /home/sofia/sextoSem/TE3001B-2DoF-Robotic-Arm/install/desired_position_pkg/local/lib/python3.10/dist-packages/desired_position_pkg-0.0.0-py3.10.egg-info/top_level.txt
[0.439s] -- Installing: /home/sofia/sextoSem/TE3001B-2DoF-Robotic-Arm/install/desired_position_pkg/local/lib/python3.10/dist-packages/desired_position_pkg-0.0.0-py3.10.egg-info/dependency_links.txt
[0.439s] -- Installing: /home/sofia/sextoSem/TE3001B-2DoF-Robotic-Arm/install/desired_position_pkg/local/lib/python3.10/dist-packages/desired_position_pkg-0.0.0-py3.10.egg-info/SOURCES.txt
[0.439s] -- Installing: /home/sofia/sextoSem/TE3001B-2DoF-Robotic-Arm/install/desired_position_pkg/local/lib/python3.10/dist-packages/desired_position_pkg-0.0.0-py3.10.egg-info/PKG-INFO
[0.440s] -- Up-to-date: /home/sofia/sextoSem/TE3001B-2DoF-Robotic-Arm/install/desired_position_pkg/local/lib/python3.10/dist-packages/desired_position_pkg
[0.440s] -- Up-to-date: /home/sofia/sextoSem/TE3001B-2DoF-Robotic-Arm/install/desired_position_pkg/local/lib/python3.10/dist-packages/desired_position_pkg/desired_position_pkg_s__rosidl_typesupport_fastrtps_c.cpython-310-x86_64-linux-gnu.so
[0.440s] -- Up-to-date: /home/sofia/sextoSem/TE3001B-2DoF-Robotic-Arm/install/desired_position_pkg/local/lib/python3.10/dist-packages/desired_position_pkg/srv
[0.440s] -- Up-to-date: /home/sofia/sextoSem/TE3001B-2DoF-Robotic-Arm/install/desired_position_pkg/local/lib/python3.10/dist-packages/desired_position_pkg/srv/_desired_position.py
[0.440s] -- Up-to-date: /home/sofia/sextoSem/TE3001B-2DoF-Robotic-Arm/install/desired_position_pkg/local/lib/python3.10/dist-packages/desired_position_pkg/srv/_desired_position_s.c
[0.440s] -- Up-to-date: /home/sofia/sextoSem/TE3001B-2DoF-Robotic-Arm/install/desired_position_pkg/local/lib/python3.10/dist-packages/desired_position_pkg/srv/__init__.py
[0.440s] -- Up-to-date: /home/sofia/sextoSem/TE3001B-2DoF-Robotic-Arm/install/desired_position_pkg/local/lib/python3.10/dist-packages/desired_position_pkg/desired_position_pkg_s__rosidl_typesupport_introspection_c.cpython-310-x86_64-linux-gnu.so
[0.440s] -- Up-to-date: /home/sofia/sextoSem/TE3001B-2DoF-Robotic-Arm/install/desired_position_pkg/local/lib/python3.10/dist-packages/desired_position_pkg/_desired_position_pkg_s.ep.rosidl_typesupport_c.c
[0.440s] -- Up-to-date: /home/sofia/sextoSem/TE3001B-2DoF-Robotic-Arm/install/desired_position_pkg/local/lib/python3.10/dist-packages/desired_position_pkg/_desired_position_pkg_s.ep.rosidl_typesupport_fastrtps_c.c
[0.440s] -- Up-to-date: /home/sofia/sextoSem/TE3001B-2DoF-Robotic-Arm/install/desired_position_pkg/local/lib/python3.10/dist-packages/desired_position_pkg/desired_position_pkg_s__rosidl_typesupport_c.cpython-310-x86_64-linux-gnu.so
[0.441s] -- Up-to-date: /home/sofia/sextoSem/TE3001B-2DoF-Robotic-Arm/install/desired_position_pkg/local/lib/python3.10/dist-packages/desired_position_pkg/libdesired_position_pkg__rosidl_generator_py.so
[0.441s] -- Up-to-date: /home/sofia/sextoSem/TE3001B-2DoF-Robotic-Arm/install/desired_position_pkg/local/lib/python3.10/dist-packages/desired_position_pkg/_desired_position_pkg_s.ep.rosidl_typesupport_introspection_c.c
[0.441s] -- Up-to-date: /home/sofia/sextoSem/TE3001B-2DoF-Robotic-Arm/install/desired_position_pkg/local/lib/python3.10/dist-packages/desired_position_pkg/__init__.py
[0.471s] Listing '/home/sofia/sextoSem/TE3001B-2DoF-Robotic-Arm/install/desired_position_pkg/local/lib/python3.10/dist-packages/desired_position_pkg'...
[0.472s] Listing '/home/sofia/sextoSem/TE3001B-2DoF-Robotic-Arm/install/desired_position_pkg/local/lib/python3.10/dist-packages/desired_position_pkg/srv'...
[0.477s] -- Up-to-date: /home/sofia/sextoSem/TE3001B-2DoF-Robotic-Arm/install/desired_position_pkg/local/lib/python3.10/dist-packages/desired_position_pkg/desired_position_pkg_s__rosidl_typesupport_fastrtps_c.cpython-310-x86_64-linux-gnu.so
[0.478s] -- Up-to-date: /home/sofia/sextoSem/TE3001B-2DoF-Robotic-Arm/install/desired_position_pkg/local/lib/python3.10/dist-packages/desired_position_pkg/desired_position_pkg_s__rosidl_typesupport_introspection_c.cpython-310-x86_64-linux-gnu.so
[0.478s] -- Up-to-date: /home/sofia/sextoSem/TE3001B-2DoF-Robotic-Arm/install/desired_position_pkg/local/lib/python3.10/dist-packages/desired_position_pkg/desired_position_pkg_s__rosidl_typesupport_c.cpython-310-x86_64-linux-gnu.so
[0.479s] -- Up-to-date: /home/sofia/sextoSem/TE3001B-2DoF-Robotic-Arm/install/desired_position_pkg/lib/libdesired_position_pkg__rosidl_generator_py.so
[0.479s] -- Up-to-date: /home/sofia/sextoSem/TE3001B-2DoF-Robotic-Arm/install/desired_position_pkg/share/desired_position_pkg/srv/DesiredPosition.idl
[0.479s] -- Up-to-date: /home/sofia/sextoSem/TE3001B-2DoF-Robotic-Arm/install/desired_position_pkg/share/desired_position_pkg/srv/DesiredPosition.srv
[0.480s] -- Up-to-date: /home/sofia/sextoSem/TE3001B-2DoF-Robotic-Arm/install/desired_position_pkg/share/desired_position_pkg/srv/DesiredPosition_Request.msg
[0.480s] -- Up-to-date: /home/sofia/sextoSem/TE3001B-2DoF-Robotic-Arm/install/desired_position_pkg/share/desired_position_pkg/srv/DesiredPosition_Response.msg
[0.480s] -- Up-to-date: /home/sofia/sextoSem/TE3001B-2DoF-Robotic-Arm/install/desired_position_pkg/share/ament_index/resource_index/package_run_dependencies/desired_position_pkg
[0.480s] -- Up-to-date: /home/sofia/sextoSem/TE3001B-2DoF-Robotic-Arm/install/desired_position_pkg/share/ament_index/resource_index/parent_prefix_path/desired_position_pkg
[0.480s] -- Up-to-date: /home/sofia/sextoSem/TE3001B-2DoF-Robotic-Arm/install/desired_position_pkg/share/desired_position_pkg/environment/ament_prefix_path.sh
[0.480s] -- Up-to-date: /home/sofia/sextoSem/TE3001B-2DoF-Robotic-Arm/install/desired_position_pkg/share/desired_position_pkg/environment/ament_prefix_path.dsv
[0.480s] -- Up-to-date: /home/sofia/sextoSem/TE3001B-2DoF-Robotic-Arm/install/desired_position_pkg/share/desired_position_pkg/environment/path.sh
[0.480s] -- Up-to-date: /home/sofia/sextoSem/TE3001B-2DoF-Robotic-Arm/install/desired_position_pkg/share/desired_position_pkg/environment/path.dsv
[0.480s] -- Up-to-date: /home/sofia/sextoSem/TE3001B-2DoF-Robotic-Arm/install/desired_position_pkg/share/desired_position_pkg/local_setup.bash
[0.480s] -- Up-to-date: /home/sofia/sextoSem/TE3001B-2DoF-Robotic-Arm/install/desired_position_pkg/share/desired_position_pkg/local_setup.sh
[0.480s] -- Up-to-date: /home/sofia/sextoSem/TE3001B-2DoF-Robotic-Arm/install/desired_position_pkg/share/desired_position_pkg/local_setup.zsh
[0.480s] -- Up-to-date: /home/sofia/sextoSem/TE3001B-2DoF-Robotic-Arm/install/desired_position_pkg/share/desired_position_pkg/local_setup.dsv
[0.480s] -- Installing: /home/sofia/sextoSem/TE3001B-2DoF-Robotic-Arm/install/desired_position_pkg/share/desired_position_pkg/package.dsv
[0.481s] -- Up-to-date: /home/sofia/sextoSem/TE3001B-2DoF-Robotic-Arm/install/desired_position_pkg/share/ament_index/resource_index/packages/desired_position_pkg
[0.482s] -- Up-to-date: /home/sofia/sextoSem/TE3001B-2DoF-Robotic-Arm/install/desired_position_pkg/share/desired_position_pkg/cmake/export_desired_position_pkg__rosidl_generator_cExport.cmake
[0.482s] -- Up-to-date: /home/sofia/sextoSem/TE3001B-2DoF-Robotic-Arm/install/desired_position_pkg/share/desired_position_pkg/cmake/export_desired_position_pkg__rosidl_generator_cExport-noconfig.cmake
[0.483s] -- Up-to-date: /home/sofia/sextoSem/TE3001B-2DoF-Robotic-Arm/install/desired_position_pkg/share/desired_position_pkg/cmake/export_desired_position_pkg__rosidl_typesupport_fastrtps_cExport.cmake
[0.483s] -- Up-to-date: /home/sofia/sextoSem/TE3001B-2DoF-Robotic-Arm/install/desired_position_pkg/share/desired_position_pkg/cmake/export_desired_position_pkg__rosidl_typesupport_fastrtps_cExport-noconfig.cmake
[0.483s] -- Up-to-date: /home/sofia/sextoSem/TE3001B-2DoF-Robotic-Arm/install/desired_position_pkg/share/desired_position_pkg/cmake/desired_position_pkg__rosidl_typesupport_introspection_cExport.cmake
[0.484s] -- Up-to-date: /home/sofia/sextoSem/TE3001B-2DoF-Robotic-Arm/install/desired_position_pkg/share/desired_position_pkg/cmake/desired_position_pkg__rosidl_typesupport_introspection_cExport-noconfig.cmake
[0.484s] -- Up-to-date: /home/sofia/sextoSem/TE3001B-2DoF-Robotic-Arm/install/desired_position_pkg/share/desired_position_pkg/cmake/desired_position_pkg__rosidl_typesupport_cExport.cmake
[0.484s] -- Up-to-date: /home/sofia/sextoSem/TE3001B-2DoF-Robotic-Arm/install/desired_position_pkg/share/desired_position_pkg/cmake/desired_position_pkg__rosidl_typesupport_cExport-noconfig.cmake
[0.484s] -- Up-to-date: /home/sofia/sextoSem/TE3001B-2DoF-Robotic-Arm/install/desired_position_pkg/share/desired_position_pkg/cmake/export_desired_position_pkg__rosidl_generator_cppExport.cmake
[0.485s] -- Up-to-date: /home/sofia/sextoSem/TE3001B-2DoF-Robotic-Arm/install/desired_position_pkg/share/desired_position_pkg/cmake/export_desired_position_pkg__rosidl_typesupport_fastrtps_cppExport.cmake
[0.485s] -- Up-to-date: /home/sofia/sextoSem/TE3001B-2DoF-Robotic-Arm/install/desired_position_pkg/share/desired_position_pkg/cmake/export_desired_position_pkg__rosidl_typesupport_fastrtps_cppExport-noconfig.cmake
[0.486s] -- Up-to-date: /home/sofia/sextoSem/TE3001B-2DoF-Robotic-Arm/install/desired_position_pkg/share/desired_position_pkg/cmake/desired_position_pkg__rosidl_typesupport_introspection_cppExport.cmake
[0.486s] -- Up-to-date: /home/sofia/sextoSem/TE3001B-2DoF-Robotic-Arm/install/desired_position_pkg/share/desired_position_pkg/cmake/desired_position_pkg__rosidl_typesupport_introspection_cppExport-noconfig.cmake
[0.486s] -- Up-to-date: /home/sofia/sextoSem/TE3001B-2DoF-Robotic-Arm/install/desired_position_pkg/share/desired_position_pkg/cmake/desired_position_pkg__rosidl_typesupport_cppExport.cmake
[0.486s] -- Up-to-date: /home/sofia/sextoSem/TE3001B-2DoF-Robotic-Arm/install/desired_position_pkg/share/desired_position_pkg/cmake/desired_position_pkg__rosidl_typesupport_cppExport-noconfig.cmake
[0.486s] -- Up-to-date: /home/sofia/sextoSem/TE3001B-2DoF-Robotic-Arm/install/desired_position_pkg/share/desired_position_pkg/cmake/export_desired_position_pkg__rosidl_generator_pyExport.cmake
[0.487s] -- Up-to-date: /home/sofia/sextoSem/TE3001B-2DoF-Robotic-Arm/install/desired_position_pkg/share/desired_position_pkg/cmake/export_desired_position_pkg__rosidl_generator_pyExport-noconfig.cmake
[0.487s] -- Up-to-date: /home/sofia/sextoSem/TE3001B-2DoF-Robotic-Arm/install/desired_position_pkg/share/desired_position_pkg/cmake/rosidl_cmake-extras.cmake
[0.487s] -- Up-to-date: /home/sofia/sextoSem/TE3001B-2DoF-Robotic-Arm/install/desired_position_pkg/share/desired_position_pkg/cmake/ament_cmake_export_include_directories-extras.cmake
[0.487s] -- Up-to-date: /home/sofia/sextoSem/TE3001B-2DoF-Robotic-Arm/install/desired_position_pkg/share/desired_position_pkg/cmake/ament_cmake_export_libraries-extras.cmake
[0.488s] -- Up-to-date: /home/sofia/sextoSem/TE3001B-2DoF-Robotic-Arm/install/desired_position_pkg/share/desired_position_pkg/cmake/ament_cmake_export_targets-extras.cmake
[0.488s] -- Up-to-date: /home/sofia/sextoSem/TE3001B-2DoF-Robotic-Arm/install/desired_position_pkg/share/desired_position_pkg/cmake/rosidl_cmake_export_typesupport_targets-extras.cmake
[0.488s] -- Up-to-date: /home/sofia/sextoSem/TE3001B-2DoF-Robotic-Arm/install/desired_position_pkg/share/desired_position_pkg/cmake/ament_cmake_export_dependencies-extras.cmake
[0.488s] -- Up-to-date: /home/sofia/sextoSem/TE3001B-2DoF-Robotic-Arm/install/desired_position_pkg/share/desired_position_pkg/cmake/rosidl_cmake_export_typesupport_libraries-extras.cmake
[0.488s] -- Up-to-date: /home/sofia/sextoSem/TE3001B-2DoF-Robotic-Arm/install/desired_position_pkg/share/desired_position_pkg/cmake/desired_position_pkgConfig.cmake
[0.488s] -- Up-to-date: /home/sofia/sextoSem/TE3001B-2DoF-Robotic-Arm/install/desired_position_pkg/share/desired_position_pkg/cmake/desired_position_pkgConfig-version.cmake
[0.488s] -- Up-to-date: /home/sofia/sextoSem/TE3001B-2DoF-Robotic-Arm/install/desired_position_pkg/share/desired_position_pkg/package.xml
[0.492s] Invoked command in '/home/sofia/sextoSem/TE3001B-2DoF-Robotic-Arm/build/desired_position_pkg' returned '0': CMAKE_PREFIX_PATH=/opt/ros/humble /usr/bin/cmake --install /home/sofia/sextoSem/TE3001B-2DoF-Robotic-Arm/build/desired_position_pkg
