[0.574s] Invoking command in '/home/sofia/sextoSem/TE3001B-2DoF-Robotic-Arm/src/pid_controller': PYTHONPATH=/home/sofia/sextoSem/TE3001B-2DoF-Robotic-Arm/build/pid_controller/prefix_override:/usr/lib/python3/dist-packages/colcon_core/task/python/colcon_distutils_commands:/home/sofia/sextoSem/TE3001B-2DoF-Robotic-Arm/install/pid_controller/lib/python3.10/site-packages:${PYTHONPATH} /usr/bin/python3 -W ignore:setup.py install is deprecated -W ignore:easy_install command is deprecated setup.py egg_info --egg-base ../../build/pid_controller build --build-base /home/sofia/sextoSem/TE3001B-2DoF-Robotic-Arm/build/pid_controller/build install --record /home/sofia/sextoSem/TE3001B-2DoF-Robotic-Arm/build/pid_controller/install.log --single-version-externally-managed install_data
[0.715s] running egg_info
[0.716s] writing ../../build/pid_controller/pid_controller.egg-info/PKG-INFO
[0.717s] writing dependency_links to ../../build/pid_controller/pid_controller.egg-info/dependency_links.txt
[0.717s] writing entry points to ../../build/pid_controller/pid_controller.egg-info/entry_points.txt
[0.718s] writing requirements to ../../build/pid_controller/pid_controller.egg-info/requires.txt
[0.718s] writing top-level names to ../../build/pid_controller/pid_controller.egg-info/top_level.txt
[0.720s] reading manifest file '../../build/pid_controller/pid_controller.egg-info/SOURCES.txt'
[0.721s] writing manifest file '../../build/pid_controller/pid_controller.egg-info/SOURCES.txt'
[0.721s] running build
[0.721s] running build_py
[0.722s] copying pid_controller/pid_node.py -> /home/sofia/sextoSem/TE3001B-2DoF-Robotic-Arm/build/pid_controller/build/lib/pid_controller
[0.722s] copying pid_controller/simulator_node.py -> /home/sofia/sextoSem/TE3001B-2DoF-Robotic-Arm/build/pid_controller/build/lib/pid_controller
[0.722s] running install
[0.723s] running install_lib
[0.724s] copying /home/sofia/sextoSem/TE3001B-2DoF-Robotic-Arm/build/pid_controller/build/lib/pid_controller/pid_node.py -> /home/sofia/sextoSem/TE3001B-2DoF-Robotic-Arm/install/pid_controller/lib/python3.10/site-packages/pid_controller
[0.724s] copying /home/sofia/sextoSem/TE3001B-2DoF-Robotic-Arm/build/pid_controller/build/lib/pid_controller/simulator_node.py -> /home/sofia/sextoSem/TE3001B-2DoF-Robotic-Arm/install/pid_controller/lib/python3.10/site-packages/pid_controller
[0.725s] byte-compiling /home/sofia/sextoSem/TE3001B-2DoF-Robotic-Arm/install/pid_controller/lib/python3.10/site-packages/pid_controller/pid_node.py to pid_node.cpython-310.pyc
[0.727s] byte-compiling /home/sofia/sextoSem/TE3001B-2DoF-Robotic-Arm/install/pid_controller/lib/python3.10/site-packages/pid_controller/simulator_node.py to simulator_node.cpython-310.pyc
[0.727s] running install_data
[0.727s] running install_egg_info
[0.729s] removing '/home/sofia/sextoSem/TE3001B-2DoF-Robotic-Arm/install/pid_controller/lib/python3.10/site-packages/pid_controller-0.0.0-py3.10.egg-info' (and everything under it)
[0.732s] Copying ../../build/pid_controller/pid_controller.egg-info to /home/sofia/sextoSem/TE3001B-2DoF-Robotic-Arm/install/pid_controller/lib/python3.10/site-packages/pid_controller-0.0.0-py3.10.egg-info
[0.733s] running install_scripts
[0.748s] Installing pid_control_node script to /home/sofia/sextoSem/TE3001B-2DoF-Robotic-Arm/install/pid_controller/lib/pid_controller
[0.749s] Installing simulator_node script to /home/sofia/sextoSem/TE3001B-2DoF-Robotic-Arm/install/pid_controller/lib/pid_controller
[0.749s] writing list of installed files to '/home/sofia/sextoSem/TE3001B-2DoF-Robotic-Arm/build/pid_controller/install.log'
[0.768s] Invoked command in '/home/sofia/sextoSem/TE3001B-2DoF-Robotic-Arm/src/pid_controller' returned '0': PYTHONPATH=/home/sofia/sextoSem/TE3001B-2DoF-Robotic-Arm/build/pid_controller/prefix_override:/usr/lib/python3/dist-packages/colcon_core/task/python/colcon_distutils_commands:/home/sofia/sextoSem/TE3001B-2DoF-Robotic-Arm/install/pid_controller/lib/python3.10/site-packages:${PYTHONPATH} /usr/bin/python3 -W ignore:setup.py install is deprecated -W ignore:easy_install command is deprecated setup.py egg_info --egg-base ../../build/pid_controller build --build-base /home/sofia/sextoSem/TE3001B-2DoF-Robotic-Arm/build/pid_controller/build install --record /home/sofia/sextoSem/TE3001B-2DoF-Robotic-Arm/build/pid_controller/install.log --single-version-externally-managed install_data
