[0.228s] DEBUG:colcon:Command line arguments: ['/usr/bin/colcon', 'build']
[0.229s] DEBUG:colcon:Parsed command line arguments: Namespace(log_base=None, log_level=None, verb_name='build', build_base='build', install_base='install', merge_install=False, symlink_install=False, test_result_base=None, continue_on_error=False, executor='parallel', parallel_workers=12, event_handlers=None, ignore_user_meta=False, metas=['./colcon.meta'], base_paths=['.'], packages_ignore=None, packages_ignore_regex=None, paths=None, packages_up_to=None, packages_up_to_regex=None, packages_above=None, packages_above_and_dependencies=None, packages_above_depth=None, packages_select_by_dep=None, packages_skip_by_dep=None, packages_skip_up_to=None, packages_select_build_failed=False, packages_skip_build_finished=False, packages_select_test_failures=False, packages_skip_test_passed=False, packages_select=None, packages_skip=None, packages_select_regex=None, packages_skip_regex=None, packages_start=None, packages_end=None, allow_overriding=[], cmake_args=None, cmake_target=None, cmake_target_skip_unavailable=False, cmake_clean_cache=False, cmake_clean_first=False, cmake_force_configure=False, ament_cmake_args=None, catkin_cmake_args=None, catkin_skip_building_tests=False, verb_parser=<colcon_defaults.argument_parser.defaults.DefaultArgumentsDecorator object at 0x7f5987faf430>, verb_extension=<colcon_core.verb.build.BuildVerb object at 0x7f5987fae5f0>, main=<bound method BuildVerb.main of <colcon_core.verb.build.BuildVerb object at 0x7f5987fae5f0>>)
[0.468s] Level 1:colcon.colcon_core.package_discovery:discover_packages(colcon_meta) check parameters
[0.469s] Level 1:colcon.colcon_core.package_discovery:discover_packages(recursive) check parameters
[0.469s] Level 1:colcon.colcon_core.package_discovery:discover_packages(ignore) check parameters
[0.469s] Level 1:colcon.colcon_core.package_discovery:discover_packages(path) check parameters
[0.469s] Level 1:colcon.colcon_core.package_discovery:discover_packages(colcon_meta) discover
[0.469s] Level 1:colcon.colcon_core.package_discovery:discover_packages(recursive) discover
[0.469s] INFO:colcon.colcon_core.package_discovery:Crawling recursively for packages in '/home/sofia/sextoSem/TE3001B-2DoF-Robotic-Arm'
[0.469s] Level 1:colcon.colcon_core.package_identification:_identify(.) by extensions ['ignore', 'ignore_ament_install']
[0.469s] Level 1:colcon.colcon_core.package_identification:_identify(.) by extension 'ignore'
[0.469s] Level 1:colcon.colcon_core.package_identification:_identify(.) by extension 'ignore_ament_install'
[0.469s] Level 1:colcon.colcon_core.package_identification:_identify(.) by extensions ['colcon_pkg']
[0.469s] Level 1:colcon.colcon_core.package_identification:_identify(.) by extension 'colcon_pkg'
[0.469s] Level 1:colcon.colcon_core.package_identification:_identify(.) by extensions ['colcon_meta']
[0.469s] Level 1:colcon.colcon_core.package_identification:_identify(.) by extension 'colcon_meta'
[0.469s] Level 1:colcon.colcon_core.package_identification:_identify(.) by extensions ['ros']
[0.469s] Level 1:colcon.colcon_core.package_identification:_identify(.) by extension 'ros'
[0.483s] Level 1:colcon.colcon_core.package_identification:_identify(.) by extensions ['cmake', 'python']
[0.483s] Level 1:colcon.colcon_core.package_identification:_identify(.) by extension 'cmake'
[0.483s] Level 1:colcon.colcon_core.package_identification:_identify(.) by extension 'python'
[0.483s] Level 1:colcon.colcon_core.package_identification:_identify(.) by extensions ['python_setup_py']
[0.483s] Level 1:colcon.colcon_core.package_identification:_identify(.) by extension 'python_setup_py'
[0.483s] Level 1:colcon.colcon_core.package_identification:_identify(build) by extensions ['ignore', 'ignore_ament_install']
[0.483s] Level 1:colcon.colcon_core.package_identification:_identify(build) by extension 'ignore'
[0.483s] Level 1:colcon.colcon_core.package_identification:_identify(build) ignored
[0.484s] Level 1:colcon.colcon_core.package_identification:_identify(install) by extensions ['ignore', 'ignore_ament_install']
[0.484s] Level 1:colcon.colcon_core.package_identification:_identify(install) by extension 'ignore'
[0.484s] Level 1:colcon.colcon_core.package_identification:_identify(install) ignored
[0.484s] Level 1:colcon.colcon_core.package_identification:_identify(log) by extensions ['ignore', 'ignore_ament_install']
[0.484s] Level 1:colcon.colcon_core.package_identification:_identify(log) by extension 'ignore'
[0.484s] Level 1:colcon.colcon_core.package_identification:_identify(log) ignored
[0.484s] Level 1:colcon.colcon_core.package_identification:_identify(src) by extensions ['ignore', 'ignore_ament_install']
[0.484s] Level 1:colcon.colcon_core.package_identification:_identify(src) by extension 'ignore'
[0.484s] Level 1:colcon.colcon_core.package_identification:_identify(src) by extension 'ignore_ament_install'
[0.484s] Level 1:colcon.colcon_core.package_identification:_identify(src) by extensions ['colcon_pkg']
[0.484s] Level 1:colcon.colcon_core.package_identification:_identify(src) by extension 'colcon_pkg'
[0.484s] Level 1:colcon.colcon_core.package_identification:_identify(src) by extensions ['colcon_meta']
[0.484s] Level 1:colcon.colcon_core.package_identification:_identify(src) by extension 'colcon_meta'
[0.484s] Level 1:colcon.colcon_core.package_identification:_identify(src) by extensions ['ros']
[0.484s] Level 1:colcon.colcon_core.package_identification:_identify(src) by extension 'ros'
[0.484s] Level 1:colcon.colcon_core.package_identification:_identify(src) by extensions ['cmake', 'python']
[0.484s] Level 1:colcon.colcon_core.package_identification:_identify(src) by extension 'cmake'
[0.484s] Level 1:colcon.colcon_core.package_identification:_identify(src) by extension 'python'
[0.484s] Level 1:colcon.colcon_core.package_identification:_identify(src) by extensions ['python_setup_py']
[0.484s] Level 1:colcon.colcon_core.package_identification:_identify(src) by extension 'python_setup_py'
[0.485s] Level 1:colcon.colcon_core.package_identification:_identify(src/desired_position_pkg) by extensions ['ignore', 'ignore_ament_install']
[0.485s] Level 1:colcon.colcon_core.package_identification:_identify(src/desired_position_pkg) by extension 'ignore'
[0.485s] Level 1:colcon.colcon_core.package_identification:_identify(src/desired_position_pkg) by extension 'ignore_ament_install'
[0.485s] Level 1:colcon.colcon_core.package_identification:_identify(src/desired_position_pkg) by extensions ['colcon_pkg']
[0.485s] Level 1:colcon.colcon_core.package_identification:_identify(src/desired_position_pkg) by extension 'colcon_pkg'
[0.485s] Level 1:colcon.colcon_core.package_identification:_identify(src/desired_position_pkg) by extensions ['colcon_meta']
[0.485s] Level 1:colcon.colcon_core.package_identification:_identify(src/desired_position_pkg) by extension 'colcon_meta'
[0.485s] Level 1:colcon.colcon_core.package_identification:_identify(src/desired_position_pkg) by extensions ['ros']
[0.485s] Level 1:colcon.colcon_core.package_identification:_identify(src/desired_position_pkg) by extension 'ros'
[0.489s] DEBUG:colcon.colcon_core.package_identification:Package 'src/desired_position_pkg' with type 'ros.ament_cmake' and name 'desired_position_pkg'
[0.489s] Level 1:colcon.colcon_core.package_identification:_identify(src/inverse_kinematics_pkg) by extensions ['ignore', 'ignore_ament_install']
[0.489s] Level 1:colcon.colcon_core.package_identification:_identify(src/inverse_kinematics_pkg) by extension 'ignore'
[0.489s] Level 1:colcon.colcon_core.package_identification:_identify(src/inverse_kinematics_pkg) by extension 'ignore_ament_install'
[0.489s] Level 1:colcon.colcon_core.package_identification:_identify(src/inverse_kinematics_pkg) by extensions ['colcon_pkg']
[0.489s] Level 1:colcon.colcon_core.package_identification:_identify(src/inverse_kinematics_pkg) by extension 'colcon_pkg'
[0.489s] Level 1:colcon.colcon_core.package_identification:_identify(src/inverse_kinematics_pkg) by extensions ['colcon_meta']
[0.489s] Level 1:colcon.colcon_core.package_identification:_identify(src/inverse_kinematics_pkg) by extension 'colcon_meta'
[0.489s] Level 1:colcon.colcon_core.package_identification:_identify(src/inverse_kinematics_pkg) by extensions ['ros']
[0.489s] Level 1:colcon.colcon_core.package_identification:_identify(src/inverse_kinematics_pkg) by extension 'ros'
[0.490s] DEBUG:colcon.colcon_core.package_identification:Package 'src/inverse_kinematics_pkg' with type 'ros.ament_python' and name 'inverse_kinematics_pkg'
[0.490s] Level 1:colcon.colcon_core.package_identification:_identify(src/pid_controller) by extensions ['ignore', 'ignore_ament_install']
[0.490s] Level 1:colcon.colcon_core.package_identification:_identify(src/pid_controller) by extension 'ignore'
[0.490s] Level 1:colcon.colcon_core.package_identification:_identify(src/pid_controller) by extension 'ignore_ament_install'
[0.490s] Level 1:colcon.colcon_core.package_identification:_identify(src/pid_controller) by extensions ['colcon_pkg']
[0.490s] Level 1:colcon.colcon_core.package_identification:_identify(src/pid_controller) by extension 'colcon_pkg'
[0.491s] Level 1:colcon.colcon_core.package_identification:_identify(src/pid_controller) by extensions ['colcon_meta']
[0.491s] Level 1:colcon.colcon_core.package_identification:_identify(src/pid_controller) by extension 'colcon_meta'
[0.491s] Level 1:colcon.colcon_core.package_identification:_identify(src/pid_controller) by extensions ['ros']
[0.491s] Level 1:colcon.colcon_core.package_identification:_identify(src/pid_controller) by extension 'ros'
[0.491s] DEBUG:colcon.colcon_core.package_identification:Package 'src/pid_controller' with type 'ros.ament_python' and name 'pid_controller'
[0.491s] Level 1:colcon.colcon_core.package_discovery:discover_packages(recursive) using defaults
[0.491s] Level 1:colcon.colcon_core.package_discovery:discover_packages(ignore) discover
[0.491s] Level 1:colcon.colcon_core.package_discovery:discover_packages(ignore) using defaults
[0.491s] Level 1:colcon.colcon_core.package_discovery:discover_packages(path) discover
[0.491s] Level 1:colcon.colcon_core.package_discovery:discover_packages(path) using defaults
[0.518s] Level 1:colcon.colcon_core.package_discovery:discover_packages(prefix_path) check parameters
[0.518s] Level 1:colcon.colcon_core.package_discovery:discover_packages(prefix_path) discover
[0.522s] DEBUG:colcon.colcon_installed_package_information.package_discovery:Found 4 installed packages in /home/sofia/sextoSem/TE3001B-2DoF-Robotic-Arm/install
[0.523s] DEBUG:colcon.colcon_installed_package_information.package_discovery:Found 271 installed packages in /opt/ros/humble
[0.525s] Level 1:colcon.colcon_core.package_discovery:discover_packages(prefix_path) using defaults
[0.596s] Level 5:colcon.colcon_core.verb:set package 'desired_position_pkg' build argument 'cmake_args' from command line to 'None'
[0.596s] Level 5:colcon.colcon_core.verb:set package 'desired_position_pkg' build argument 'cmake_target' from command line to 'None'
[0.596s] Level 5:colcon.colcon_core.verb:set package 'desired_position_pkg' build argument 'cmake_target_skip_unavailable' from command line to 'False'
[0.596s] Level 5:colcon.colcon_core.verb:set package 'desired_position_pkg' build argument 'cmake_clean_cache' from command line to 'False'
[0.596s] Level 5:colcon.colcon_core.verb:set package 'desired_position_pkg' build argument 'cmake_clean_first' from command line to 'False'
[0.596s] Level 5:colcon.colcon_core.verb:set package 'desired_position_pkg' build argument 'cmake_force_configure' from command line to 'False'
[0.596s] Level 5:colcon.colcon_core.verb:set package 'desired_position_pkg' build argument 'ament_cmake_args' from command line to 'None'
[0.596s] Level 5:colcon.colcon_core.verb:set package 'desired_position_pkg' build argument 'catkin_cmake_args' from command line to 'None'
[0.596s] Level 5:colcon.colcon_core.verb:set package 'desired_position_pkg' build argument 'catkin_skip_building_tests' from command line to 'False'
[0.596s] DEBUG:colcon.colcon_core.verb:Building package 'desired_position_pkg' with the following arguments: {'ament_cmake_args': None, 'build_base': '/home/sofia/sextoSem/TE3001B-2DoF-Robotic-Arm/build/desired_position_pkg', 'catkin_cmake_args': None, 'catkin_skip_building_tests': False, 'cmake_args': None, 'cmake_clean_cache': False, 'cmake_clean_first': False, 'cmake_force_configure': False, 'cmake_target': None, 'cmake_target_skip_unavailable': False, 'install_base': '/home/sofia/sextoSem/TE3001B-2DoF-Robotic-Arm/install/desired_position_pkg', 'merge_install': False, 'path': '/home/sofia/sextoSem/TE3001B-2DoF-Robotic-Arm/src/desired_position_pkg', 'symlink_install': False, 'test_result_base': None}
[0.596s] Level 5:colcon.colcon_core.verb:set package 'pid_controller' build argument 'cmake_args' from command line to 'None'
[0.597s] Level 5:colcon.colcon_core.verb:set package 'pid_controller' build argument 'cmake_target' from command line to 'None'
[0.597s] Level 5:colcon.colcon_core.verb:set package 'pid_controller' build argument 'cmake_target_skip_unavailable' from command line to 'False'
[0.597s] Level 5:colcon.colcon_core.verb:set package 'pid_controller' build argument 'cmake_clean_cache' from command line to 'False'
[0.597s] Level 5:colcon.colcon_core.verb:set package 'pid_controller' build argument 'cmake_clean_first' from command line to 'False'
[0.597s] Level 5:colcon.colcon_core.verb:set package 'pid_controller' build argument 'cmake_force_configure' from command line to 'False'
[0.597s] Level 5:colcon.colcon_core.verb:set package 'pid_controller' build argument 'ament_cmake_args' from command line to 'None'
[0.597s] Level 5:colcon.colcon_core.verb:set package 'pid_controller' build argument 'catkin_cmake_args' from command line to 'None'
[0.597s] Level 5:colcon.colcon_core.verb:set package 'pid_controller' build argument 'catkin_skip_building_tests' from command line to 'False'
[0.597s] DEBUG:colcon.colcon_core.verb:Building package 'pid_controller' with the following arguments: {'ament_cmake_args': None, 'build_base': '/home/sofia/sextoSem/TE3001B-2DoF-Robotic-Arm/build/pid_controller', 'catkin_cmake_args': None, 'catkin_skip_building_tests': False, 'cmake_args': None, 'cmake_clean_cache': False, 'cmake_clean_first': False, 'cmake_force_configure': False, 'cmake_target': None, 'cmake_target_skip_unavailable': False, 'install_base': '/home/sofia/sextoSem/TE3001B-2DoF-Robotic-Arm/install/pid_controller', 'merge_install': False, 'path': '/home/sofia/sextoSem/TE3001B-2DoF-Robotic-Arm/src/pid_controller', 'symlink_install': False, 'test_result_base': None}
[0.597s] Level 5:colcon.colcon_core.verb:set package 'inverse_kinematics_pkg' build argument 'cmake_args' from command line to 'None'
[0.597s] Level 5:colcon.colcon_core.verb:set package 'inverse_kinematics_pkg' build argument 'cmake_target' from command line to 'None'
[0.597s] Level 5:colcon.colcon_core.verb:set package 'inverse_kinematics_pkg' build argument 'cmake_target_skip_unavailable' from command line to 'False'
[0.597s] Level 5:colcon.colcon_core.verb:set package 'inverse_kinematics_pkg' build argument 'cmake_clean_cache' from command line to 'False'
[0.597s] Level 5:colcon.colcon_core.verb:set package 'inverse_kinematics_pkg' build argument 'cmake_clean_first' from command line to 'False'
[0.597s] Level 5:colcon.colcon_core.verb:set package 'inverse_kinematics_pkg' build argument 'cmake_force_configure' from command line to 'False'
[0.597s] Level 5:colcon.colcon_core.verb:set package 'inverse_kinematics_pkg' build argument 'ament_cmake_args' from command line to 'None'
[0.597s] Level 5:colcon.colcon_core.verb:set package 'inverse_kinematics_pkg' build argument 'catkin_cmake_args' from command line to 'None'
[0.597s] Level 5:colcon.colcon_core.verb:set package 'inverse_kinematics_pkg' build argument 'catkin_skip_building_tests' from command line to 'False'
[0.597s] DEBUG:colcon.colcon_core.verb:Building package 'inverse_kinematics_pkg' with the following arguments: {'ament_cmake_args': None, 'build_base': '/home/sofia/sextoSem/TE3001B-2DoF-Robotic-Arm/build/inverse_kinematics_pkg', 'catkin_cmake_args': None, 'catkin_skip_building_tests': False, 'cmake_args': None, 'cmake_clean_cache': False, 'cmake_clean_first': False, 'cmake_force_configure': False, 'cmake_target': None, 'cmake_target_skip_unavailable': False, 'install_base': '/home/sofia/sextoSem/TE3001B-2DoF-Robotic-Arm/install/inverse_kinematics_pkg', 'merge_install': False, 'path': '/home/sofia/sextoSem/TE3001B-2DoF-Robotic-Arm/src/inverse_kinematics_pkg', 'symlink_install': False, 'test_result_base': None}
[0.597s] INFO:colcon.colcon_core.executor:Executing jobs using 'parallel' executor
[0.598s] DEBUG:colcon.colcon_parallel_executor.executor.parallel:run_until_complete
[0.598s] INFO:colcon.colcon_ros.task.ament_cmake.build:Building ROS package in '/home/sofia/sextoSem/TE3001B-2DoF-Robotic-Arm/src/desired_position_pkg' with build type 'ament_cmake'
[0.599s] INFO:colcon.colcon_cmake.task.cmake.build:Building CMake package in '/home/sofia/sextoSem/TE3001B-2DoF-Robotic-Arm/src/desired_position_pkg'
[0.604s] INFO:colcon.colcon_core.plugin_system:Skipping extension 'colcon_core.shell.bat': Not used on non-Windows systems
[0.604s] INFO:colcon.colcon_core.shell:Skip shell extension 'powershell' for command environment: Not usable outside of PowerShell
[0.604s] DEBUG:colcon.colcon_core.shell:Skip shell extension 'dsv' for command environment
[0.608s] INFO:colcon.colcon_ros.task.ament_python.build:Building ROS package in '/home/sofia/sextoSem/TE3001B-2DoF-Robotic-Arm/src/pid_controller' with build type 'ament_python'
[0.608s] Level 1:colcon.colcon_core.shell:create_environment_hook('pid_controller', 'ament_prefix_path')
[0.608s] INFO:colcon.colcon_core.shell:Creating environment hook '/home/sofia/sextoSem/TE3001B-2DoF-Robotic-Arm/install/pid_controller/share/pid_controller/hook/ament_prefix_path.ps1'
[0.609s] INFO:colcon.colcon_core.shell:Creating environment descriptor '/home/sofia/sextoSem/TE3001B-2DoF-Robotic-Arm/install/pid_controller/share/pid_controller/hook/ament_prefix_path.dsv'
[0.610s] INFO:colcon.colcon_core.shell:Creating environment hook '/home/sofia/sextoSem/TE3001B-2DoF-Robotic-Arm/install/pid_controller/share/pid_controller/hook/ament_prefix_path.sh'
[0.611s] INFO:colcon.colcon_core.shell:Skip shell extension 'powershell' for command environment: Not usable outside of PowerShell
[0.611s] DEBUG:colcon.colcon_core.shell:Skip shell extension 'dsv' for command environment
[0.626s] DEBUG:colcon.colcon_core.event_handler.log_command:Invoking command in '/home/sofia/sextoSem/TE3001B-2DoF-Robotic-Arm/build/desired_position_pkg': CMAKE_PREFIX_PATH=${CMAKE_PREFIX_PATH}:/home/sofia/sextoSem/TE3001B-2DoF-Robotic-Arm/install/inverse_kinematics_pkg:/home/sofia/sextoSem/TE3001B-2DoF-Robotic-Arm/install/pid_controller:/opt/ros/humble /usr/bin/cmake --build /home/sofia/sextoSem/TE3001B-2DoF-Robotic-Arm/build/desired_position_pkg -- -j12 -l12
[0.816s] INFO:colcon.colcon_core.task.python.build:Building Python package in '/home/sofia/sextoSem/TE3001B-2DoF-Robotic-Arm/src/pid_controller'
[0.817s] INFO:colcon.colcon_core.shell:Skip shell extension 'powershell' for command environment: Not usable outside of PowerShell
[0.817s] DEBUG:colcon.colcon_core.shell:Skip shell extension 'dsv' for command environment
[1.034s] DEBUG:colcon.colcon_core.event_handler.log_command:Invoked command in '/home/sofia/sextoSem/TE3001B-2DoF-Robotic-Arm/build/desired_position_pkg' returned '0': CMAKE_PREFIX_PATH=${CMAKE_PREFIX_PATH}:/home/sofia/sextoSem/TE3001B-2DoF-Robotic-Arm/install/inverse_kinematics_pkg:/home/sofia/sextoSem/TE3001B-2DoF-Robotic-Arm/install/pid_controller:/opt/ros/humble /usr/bin/cmake --build /home/sofia/sextoSem/TE3001B-2DoF-Robotic-Arm/build/desired_position_pkg -- -j12 -l12
[1.046s] DEBUG:colcon.colcon_core.event_handler.log_command:Invoking command in '/home/sofia/sextoSem/TE3001B-2DoF-Robotic-Arm/build/desired_position_pkg': CMAKE_PREFIX_PATH=${CMAKE_PREFIX_PATH}:/home/sofia/sextoSem/TE3001B-2DoF-Robotic-Arm/install/inverse_kinematics_pkg:/home/sofia/sextoSem/TE3001B-2DoF-Robotic-Arm/install/pid_controller:/opt/ros/humble /usr/bin/cmake --install /home/sofia/sextoSem/TE3001B-2DoF-Robotic-Arm/build/desired_position_pkg
[1.107s] Level 1:colcon.colcon_core.environment:create_environment_scripts_only(desired_position_pkg)
[1.108s] DEBUG:colcon.colcon_core.event_handler.log_command:Invoked command in '/home/sofia/sextoSem/TE3001B-2DoF-Robotic-Arm/build/desired_position_pkg' returned '0': CMAKE_PREFIX_PATH=${CMAKE_PREFIX_PATH}:/home/sofia/sextoSem/TE3001B-2DoF-Robotic-Arm/install/inverse_kinematics_pkg:/home/sofia/sextoSem/TE3001B-2DoF-Robotic-Arm/install/pid_controller:/opt/ros/humble /usr/bin/cmake --install /home/sofia/sextoSem/TE3001B-2DoF-Robotic-Arm/build/desired_position_pkg
[1.114s] Level 1:colcon.colcon_core.environment:checking '/home/sofia/sextoSem/TE3001B-2DoF-Robotic-Arm/install/desired_position_pkg' for CMake module files
[1.115s] Level 1:colcon.colcon_core.environment:checking '/home/sofia/sextoSem/TE3001B-2DoF-Robotic-Arm/install/desired_position_pkg' for CMake config files
[1.118s] Level 1:colcon.colcon_core.shell:create_environment_hook('desired_position_pkg', 'cmake_prefix_path')
[1.118s] INFO:colcon.colcon_core.shell:Creating environment hook '/home/sofia/sextoSem/TE3001B-2DoF-Robotic-Arm/install/desired_position_pkg/share/desired_position_pkg/hook/cmake_prefix_path.ps1'
[1.118s] INFO:colcon.colcon_core.shell:Creating environment descriptor '/home/sofia/sextoSem/TE3001B-2DoF-Robotic-Arm/install/desired_position_pkg/share/desired_position_pkg/hook/cmake_prefix_path.dsv'
[1.118s] INFO:colcon.colcon_core.shell:Creating environment hook '/home/sofia/sextoSem/TE3001B-2DoF-Robotic-Arm/install/desired_position_pkg/share/desired_position_pkg/hook/cmake_prefix_path.sh'
[1.119s] Level 1:colcon.colcon_core.environment:checking '/home/sofia/sextoSem/TE3001B-2DoF-Robotic-Arm/install/desired_position_pkg/lib'
[1.119s] Level 1:colcon.colcon_core.shell:create_environment_hook('desired_position_pkg', 'ld_library_path_lib')
[1.119s] INFO:colcon.colcon_core.shell:Creating environment hook '/home/sofia/sextoSem/TE3001B-2DoF-Robotic-Arm/install/desired_position_pkg/share/desired_position_pkg/hook/ld_library_path_lib.ps1'
[1.120s] INFO:colcon.colcon_core.shell:Creating environment descriptor '/home/sofia/sextoSem/TE3001B-2DoF-Robotic-Arm/install/desired_position_pkg/share/desired_position_pkg/hook/ld_library_path_lib.dsv'
[1.120s] INFO:colcon.colcon_core.shell:Creating environment hook '/home/sofia/sextoSem/TE3001B-2DoF-Robotic-Arm/install/desired_position_pkg/share/desired_position_pkg/hook/ld_library_path_lib.sh'
[1.120s] Level 1:colcon.colcon_core.environment:checking '/home/sofia/sextoSem/TE3001B-2DoF-Robotic-Arm/install/desired_position_pkg/bin'
[1.120s] Level 1:colcon.colcon_core.environment:checking '/home/sofia/sextoSem/TE3001B-2DoF-Robotic-Arm/install/desired_position_pkg/lib/pkgconfig/desired_position_pkg.pc'
[1.120s] Level 1:colcon.colcon_core.environment:checking '/home/sofia/sextoSem/TE3001B-2DoF-Robotic-Arm/install/desired_position_pkg/lib/python3.10/site-packages'
[1.120s] Level 1:colcon.colcon_core.environment:checking '/home/sofia/sextoSem/TE3001B-2DoF-Robotic-Arm/install/desired_position_pkg/bin'
[1.121s] INFO:colcon.colcon_core.shell:Creating package script '/home/sofia/sextoSem/TE3001B-2DoF-Robotic-Arm/install/desired_position_pkg/share/desired_position_pkg/package.ps1'
[1.122s] INFO:colcon.colcon_core.shell:Creating package descriptor '/home/sofia/sextoSem/TE3001B-2DoF-Robotic-Arm/install/desired_position_pkg/share/desired_position_pkg/package.dsv'
[1.122s] INFO:colcon.colcon_core.shell:Creating package script '/home/sofia/sextoSem/TE3001B-2DoF-Robotic-Arm/install/desired_position_pkg/share/desired_position_pkg/package.sh'
[1.123s] INFO:colcon.colcon_core.shell:Creating package script '/home/sofia/sextoSem/TE3001B-2DoF-Robotic-Arm/install/desired_position_pkg/share/desired_position_pkg/package.bash'
[1.124s] INFO:colcon.colcon_core.shell:Creating package script '/home/sofia/sextoSem/TE3001B-2DoF-Robotic-Arm/install/desired_position_pkg/share/desired_position_pkg/package.zsh'
[1.125s] Level 1:colcon.colcon_core.environment:create_file_with_runtime_dependencies(/home/sofia/sextoSem/TE3001B-2DoF-Robotic-Arm/install/desired_position_pkg/share/colcon-core/packages/desired_position_pkg)
[1.125s] Level 1:colcon.colcon_core.environment:create_environment_scripts_only(desired_position_pkg)
[1.125s] Level 1:colcon.colcon_core.environment:checking '/home/sofia/sextoSem/TE3001B-2DoF-Robotic-Arm/install/desired_position_pkg' for CMake module files
[1.126s] Level 1:colcon.colcon_core.environment:checking '/home/sofia/sextoSem/TE3001B-2DoF-Robotic-Arm/install/desired_position_pkg' for CMake config files
[1.126s] Level 1:colcon.colcon_core.shell:create_environment_hook('desired_position_pkg', 'cmake_prefix_path')
[1.126s] INFO:colcon.colcon_core.shell:Creating environment hook '/home/sofia/sextoSem/TE3001B-2DoF-Robotic-Arm/install/desired_position_pkg/share/desired_position_pkg/hook/cmake_prefix_path.ps1'
[1.126s] INFO:colcon.colcon_core.shell:Creating environment descriptor '/home/sofia/sextoSem/TE3001B-2DoF-Robotic-Arm/install/desired_position_pkg/share/desired_position_pkg/hook/cmake_prefix_path.dsv'
[1.127s] INFO:colcon.colcon_core.shell:Creating environment hook '/home/sofia/sextoSem/TE3001B-2DoF-Robotic-Arm/install/desired_position_pkg/share/desired_position_pkg/hook/cmake_prefix_path.sh'
[1.127s] Level 1:colcon.colcon_core.environment:checking '/home/sofia/sextoSem/TE3001B-2DoF-Robotic-Arm/install/desired_position_pkg/lib'
[1.127s] Level 1:colcon.colcon_core.shell:create_environment_hook('desired_position_pkg', 'ld_library_path_lib')
[1.127s] INFO:colcon.colcon_core.shell:Creating environment hook '/home/sofia/sextoSem/TE3001B-2DoF-Robotic-Arm/install/desired_position_pkg/share/desired_position_pkg/hook/ld_library_path_lib.ps1'
[1.127s] INFO:colcon.colcon_core.shell:Creating environment descriptor '/home/sofia/sextoSem/TE3001B-2DoF-Robotic-Arm/install/desired_position_pkg/share/desired_position_pkg/hook/ld_library_path_lib.dsv'
[1.128s] INFO:colcon.colcon_core.shell:Creating environment hook '/home/sofia/sextoSem/TE3001B-2DoF-Robotic-Arm/install/desired_position_pkg/share/desired_position_pkg/hook/ld_library_path_lib.sh'
[1.128s] Level 1:colcon.colcon_core.environment:checking '/home/sofia/sextoSem/TE3001B-2DoF-Robotic-Arm/install/desired_position_pkg/bin'
[1.128s] Level 1:colcon.colcon_core.environment:checking '/home/sofia/sextoSem/TE3001B-2DoF-Robotic-Arm/install/desired_position_pkg/lib/pkgconfig/desired_position_pkg.pc'
[1.128s] Level 1:colcon.colcon_core.environment:checking '/home/sofia/sextoSem/TE3001B-2DoF-Robotic-Arm/install/desired_position_pkg/lib/python3.10/site-packages'
[1.128s] Level 1:colcon.colcon_core.environment:checking '/home/sofia/sextoSem/TE3001B-2DoF-Robotic-Arm/install/desired_position_pkg/bin'
[1.128s] INFO:colcon.colcon_core.shell:Creating package script '/home/sofia/sextoSem/TE3001B-2DoF-Robotic-Arm/install/desired_position_pkg/share/desired_position_pkg/package.ps1'
[1.129s] INFO:colcon.colcon_core.shell:Creating package descriptor '/home/sofia/sextoSem/TE3001B-2DoF-Robotic-Arm/install/desired_position_pkg/share/desired_position_pkg/package.dsv'
[1.129s] INFO:colcon.colcon_core.shell:Creating package script '/home/sofia/sextoSem/TE3001B-2DoF-Robotic-Arm/install/desired_position_pkg/share/desired_position_pkg/package.sh'
[1.129s] INFO:colcon.colcon_core.shell:Creating package script '/home/sofia/sextoSem/TE3001B-2DoF-Robotic-Arm/install/desired_position_pkg/share/desired_position_pkg/package.bash'
[1.129s] INFO:colcon.colcon_core.shell:Creating package script '/home/sofia/sextoSem/TE3001B-2DoF-Robotic-Arm/install/desired_position_pkg/share/desired_position_pkg/package.zsh'
[1.130s] Level 1:colcon.colcon_core.environment:create_file_with_runtime_dependencies(/home/sofia/sextoSem/TE3001B-2DoF-Robotic-Arm/install/desired_position_pkg/share/colcon-core/packages/desired_position_pkg)
[1.130s] INFO:colcon.colcon_ros.task.ament_python.build:Building ROS package in '/home/sofia/sextoSem/TE3001B-2DoF-Robotic-Arm/src/inverse_kinematics_pkg' with build type 'ament_python'
[1.131s] Level 1:colcon.colcon_core.shell:create_environment_hook('inverse_kinematics_pkg', 'ament_prefix_path')
[1.131s] INFO:colcon.colcon_core.shell:Creating environment hook '/home/sofia/sextoSem/TE3001B-2DoF-Robotic-Arm/install/inverse_kinematics_pkg/share/inverse_kinematics_pkg/hook/ament_prefix_path.ps1'
[1.132s] INFO:colcon.colcon_core.shell:Creating environment descriptor '/home/sofia/sextoSem/TE3001B-2DoF-Robotic-Arm/install/inverse_kinematics_pkg/share/inverse_kinematics_pkg/hook/ament_prefix_path.dsv'
[1.132s] INFO:colcon.colcon_core.shell:Creating environment hook '/home/sofia/sextoSem/TE3001B-2DoF-Robotic-Arm/install/inverse_kinematics_pkg/share/inverse_kinematics_pkg/hook/ament_prefix_path.sh'
[1.133s] INFO:colcon.colcon_core.shell:Skip shell extension 'powershell' for command environment: Not usable outside of PowerShell
[1.133s] DEBUG:colcon.colcon_core.shell:Skip shell extension 'dsv' for command environment
[1.138s] DEBUG:colcon.colcon_core.event_handler.log_command:Invoking command in '/home/sofia/sextoSem/TE3001B-2DoF-Robotic-Arm/src/pid_controller': PYTHONPATH=/home/sofia/sextoSem/TE3001B-2DoF-Robotic-Arm/build/pid_controller/prefix_override:/usr/lib/python3/dist-packages/colcon_core/task/python/colcon_distutils_commands:/home/sofia/sextoSem/TE3001B-2DoF-Robotic-Arm/install/pid_controller/lib/python3.10/site-packages:${PYTHONPATH} /usr/bin/python3 -W ignore:setup.py install is deprecated -W ignore:easy_install command is deprecated setup.py egg_info --egg-base ../../build/pid_controller build --build-base /home/sofia/sextoSem/TE3001B-2DoF-Robotic-Arm/build/pid_controller/build install --record /home/sofia/sextoSem/TE3001B-2DoF-Robotic-Arm/build/pid_controller/install.log --single-version-externally-managed install_data
[1.348s] INFO:colcon.colcon_core.task.python.build:Building Python package in '/home/sofia/sextoSem/TE3001B-2DoF-Robotic-Arm/src/inverse_kinematics_pkg'
[1.348s] INFO:colcon.colcon_core.shell:Skip shell extension 'powershell' for command environment: Not usable outside of PowerShell
[1.348s] DEBUG:colcon.colcon_core.shell:Skip shell extension 'dsv' for command environment
[1.383s] Level 1:colcon.colcon_core.environment:checking '/home/sofia/sextoSem/TE3001B-2DoF-Robotic-Arm/install/pid_controller' for CMake module files
[1.384s] DEBUG:colcon.colcon_core.event_handler.log_command:Invoked command in '/home/sofia/sextoSem/TE3001B-2DoF-Robotic-Arm/src/pid_controller' returned '0': PYTHONPATH=/home/sofia/sextoSem/TE3001B-2DoF-Robotic-Arm/build/pid_controller/prefix_override:/usr/lib/python3/dist-packages/colcon_core/task/python/colcon_distutils_commands:/home/sofia/sextoSem/TE3001B-2DoF-Robotic-Arm/install/pid_controller/lib/python3.10/site-packages:${PYTHONPATH} /usr/bin/python3 -W ignore:setup.py install is deprecated -W ignore:easy_install command is deprecated setup.py egg_info --egg-base ../../build/pid_controller build --build-base /home/sofia/sextoSem/TE3001B-2DoF-Robotic-Arm/build/pid_controller/build install --record /home/sofia/sextoSem/TE3001B-2DoF-Robotic-Arm/build/pid_controller/install.log --single-version-externally-managed install_data
[1.385s] Level 1:colcon.colcon_core.environment:checking '/home/sofia/sextoSem/TE3001B-2DoF-Robotic-Arm/install/pid_controller' for CMake config files
[1.390s] Level 1:colcon.colcon_core.environment:checking '/home/sofia/sextoSem/TE3001B-2DoF-Robotic-Arm/install/pid_controller/lib'
[1.390s] Level 1:colcon.colcon_core.environment:checking '/home/sofia/sextoSem/TE3001B-2DoF-Robotic-Arm/install/pid_controller/bin'
[1.390s] Level 1:colcon.colcon_core.environment:checking '/home/sofia/sextoSem/TE3001B-2DoF-Robotic-Arm/install/pid_controller/lib/pkgconfig/pid_controller.pc'
[1.390s] Level 1:colcon.colcon_core.environment:checking '/home/sofia/sextoSem/TE3001B-2DoF-Robotic-Arm/install/pid_controller/lib/python3.10/site-packages'
[1.390s] Level 1:colcon.colcon_core.shell:create_environment_hook('pid_controller', 'pythonpath')
[1.390s] INFO:colcon.colcon_core.shell:Creating environment hook '/home/sofia/sextoSem/TE3001B-2DoF-Robotic-Arm/install/pid_controller/share/pid_controller/hook/pythonpath.ps1'
[1.390s] INFO:colcon.colcon_core.shell:Creating environment descriptor '/home/sofia/sextoSem/TE3001B-2DoF-Robotic-Arm/install/pid_controller/share/pid_controller/hook/pythonpath.dsv'
[1.391s] INFO:colcon.colcon_core.shell:Creating environment hook '/home/sofia/sextoSem/TE3001B-2DoF-Robotic-Arm/install/pid_controller/share/pid_controller/hook/pythonpath.sh'
[1.391s] Level 1:colcon.colcon_core.environment:checking '/home/sofia/sextoSem/TE3001B-2DoF-Robotic-Arm/install/pid_controller/bin'
[1.391s] Level 1:colcon.colcon_core.environment:create_environment_scripts_only(pid_controller)
[1.391s] INFO:colcon.colcon_core.shell:Creating package script '/home/sofia/sextoSem/TE3001B-2DoF-Robotic-Arm/install/pid_controller/share/pid_controller/package.ps1'
[1.392s] INFO:colcon.colcon_core.shell:Creating package descriptor '/home/sofia/sextoSem/TE3001B-2DoF-Robotic-Arm/install/pid_controller/share/pid_controller/package.dsv'
[1.392s] INFO:colcon.colcon_core.shell:Creating package script '/home/sofia/sextoSem/TE3001B-2DoF-Robotic-Arm/install/pid_controller/share/pid_controller/package.sh'
[1.392s] INFO:colcon.colcon_core.shell:Creating package script '/home/sofia/sextoSem/TE3001B-2DoF-Robotic-Arm/install/pid_controller/share/pid_controller/package.bash'
[1.393s] INFO:colcon.colcon_core.shell:Creating package script '/home/sofia/sextoSem/TE3001B-2DoF-Robotic-Arm/install/pid_controller/share/pid_controller/package.zsh'
[1.393s] Level 1:colcon.colcon_core.environment:create_file_with_runtime_dependencies(/home/sofia/sextoSem/TE3001B-2DoF-Robotic-Arm/install/pid_controller/share/colcon-core/packages/pid_controller)
[1.572s] DEBUG:colcon.colcon_core.event_handler.log_command:Invoking command in '/home/sofia/sextoSem/TE3001B-2DoF-Robotic-Arm/src/inverse_kinematics_pkg': PYTHONPATH=/home/sofia/sextoSem/TE3001B-2DoF-Robotic-Arm/build/inverse_kinematics_pkg/prefix_override:/usr/lib/python3/dist-packages/colcon_core/task/python/colcon_distutils_commands:/home/sofia/sextoSem/TE3001B-2DoF-Robotic-Arm/install/inverse_kinematics_pkg/lib/python3.10/site-packages:${PYTHONPATH} /usr/bin/python3 -W ignore:setup.py install is deprecated -W ignore:easy_install command is deprecated setup.py egg_info --egg-base ../../build/inverse_kinematics_pkg build --build-base /home/sofia/sextoSem/TE3001B-2DoF-Robotic-Arm/build/inverse_kinematics_pkg/build install --record /home/sofia/sextoSem/TE3001B-2DoF-Robotic-Arm/build/inverse_kinematics_pkg/install.log --single-version-externally-managed install_data
[1.768s] Level 1:colcon.colcon_core.environment:checking '/home/sofia/sextoSem/TE3001B-2DoF-Robotic-Arm/install/inverse_kinematics_pkg' for CMake module files
[1.768s] DEBUG:colcon.colcon_core.event_handler.log_command:Invoked command in '/home/sofia/sextoSem/TE3001B-2DoF-Robotic-Arm/src/inverse_kinematics_pkg' returned '0': PYTHONPATH=/home/sofia/sextoSem/TE3001B-2DoF-Robotic-Arm/build/inverse_kinematics_pkg/prefix_override:/usr/lib/python3/dist-packages/colcon_core/task/python/colcon_distutils_commands:/home/sofia/sextoSem/TE3001B-2DoF-Robotic-Arm/install/inverse_kinematics_pkg/lib/python3.10/site-packages:${PYTHONPATH} /usr/bin/python3 -W ignore:setup.py install is deprecated -W ignore:easy_install command is deprecated setup.py egg_info --egg-base ../../build/inverse_kinematics_pkg build --build-base /home/sofia/sextoSem/TE3001B-2DoF-Robotic-Arm/build/inverse_kinematics_pkg/build install --record /home/sofia/sextoSem/TE3001B-2DoF-Robotic-Arm/build/inverse_kinematics_pkg/install.log --single-version-externally-managed install_data
[1.769s] Level 1:colcon.colcon_core.environment:checking '/home/sofia/sextoSem/TE3001B-2DoF-Robotic-Arm/install/inverse_kinematics_pkg' for CMake config files
[1.771s] Level 1:colcon.colcon_core.environment:checking '/home/sofia/sextoSem/TE3001B-2DoF-Robotic-Arm/install/inverse_kinematics_pkg/lib'
[1.771s] Level 1:colcon.colcon_core.environment:checking '/home/sofia/sextoSem/TE3001B-2DoF-Robotic-Arm/install/inverse_kinematics_pkg/bin'
[1.771s] Level 1:colcon.colcon_core.environment:checking '/home/sofia/sextoSem/TE3001B-2DoF-Robotic-Arm/install/inverse_kinematics_pkg/lib/pkgconfig/inverse_kinematics_pkg.pc'
[1.772s] Level 1:colcon.colcon_core.environment:checking '/home/sofia/sextoSem/TE3001B-2DoF-Robotic-Arm/install/inverse_kinematics_pkg/lib/python3.10/site-packages'
[1.772s] Level 1:colcon.colcon_core.shell:create_environment_hook('inverse_kinematics_pkg', 'pythonpath')
[1.772s] INFO:colcon.colcon_core.shell:Creating environment hook '/home/sofia/sextoSem/TE3001B-2DoF-Robotic-Arm/install/inverse_kinematics_pkg/share/inverse_kinematics_pkg/hook/pythonpath.ps1'
[1.772s] INFO:colcon.colcon_core.shell:Creating environment descriptor '/home/sofia/sextoSem/TE3001B-2DoF-Robotic-Arm/install/inverse_kinematics_pkg/share/inverse_kinematics_pkg/hook/pythonpath.dsv'
[1.772s] INFO:colcon.colcon_core.shell:Creating environment hook '/home/sofia/sextoSem/TE3001B-2DoF-Robotic-Arm/install/inverse_kinematics_pkg/share/inverse_kinematics_pkg/hook/pythonpath.sh'
[1.773s] Level 1:colcon.colcon_core.environment:checking '/home/sofia/sextoSem/TE3001B-2DoF-Robotic-Arm/install/inverse_kinematics_pkg/bin'
[1.773s] Level 1:colcon.colcon_core.environment:create_environment_scripts_only(inverse_kinematics_pkg)
[1.773s] INFO:colcon.colcon_core.shell:Creating package script '/home/sofia/sextoSem/TE3001B-2DoF-Robotic-Arm/install/inverse_kinematics_pkg/share/inverse_kinematics_pkg/package.ps1'
[1.773s] INFO:colcon.colcon_core.shell:Creating package descriptor '/home/sofia/sextoSem/TE3001B-2DoF-Robotic-Arm/install/inverse_kinematics_pkg/share/inverse_kinematics_pkg/package.dsv'
[1.774s] INFO:colcon.colcon_core.shell:Creating package script '/home/sofia/sextoSem/TE3001B-2DoF-Robotic-Arm/install/inverse_kinematics_pkg/share/inverse_kinematics_pkg/package.sh'
[1.774s] INFO:colcon.colcon_core.shell:Creating package script '/home/sofia/sextoSem/TE3001B-2DoF-Robotic-Arm/install/inverse_kinematics_pkg/share/inverse_kinematics_pkg/package.bash'
[1.775s] INFO:colcon.colcon_core.shell:Creating package script '/home/sofia/sextoSem/TE3001B-2DoF-Robotic-Arm/install/inverse_kinematics_pkg/share/inverse_kinematics_pkg/package.zsh'
[1.775s] Level 1:colcon.colcon_core.environment:create_file_with_runtime_dependencies(/home/sofia/sextoSem/TE3001B-2DoF-Robotic-Arm/install/inverse_kinematics_pkg/share/colcon-core/packages/inverse_kinematics_pkg)
[1.776s] DEBUG:colcon.colcon_parallel_executor.executor.parallel:closing loop
[1.776s] DEBUG:colcon.colcon_parallel_executor.executor.parallel:loop closed
[1.776s] DEBUG:colcon.colcon_parallel_executor.executor.parallel:run_until_complete finished with '0'
[1.776s] DEBUG:colcon.colcon_core.event_reactor:joining thread
[1.790s] INFO:colcon.colcon_core.plugin_system:Skipping extension 'colcon_notification.desktop_notification.terminal_notifier': Not used on non-Darwin systems
[1.790s] INFO:colcon.colcon_core.plugin_system:Skipping extension 'colcon_notification.desktop_notification.win32': Not used on non-Windows systems
[1.790s] INFO:colcon.colcon_notification.desktop_notification:Sending desktop notification using 'notify2'
[1.809s] DEBUG:colcon.colcon_notification.desktop_notification.notify2:Failed to initialize notify2: org.freedesktop.DBus.Error.ServiceUnknown: The name org.freedesktop.Notifications was not provided by any .service files
[1.809s] DEBUG:colcon.colcon_core.event_reactor:joined thread
[1.810s] INFO:colcon.colcon_core.shell:Creating prefix script '/home/sofia/sextoSem/TE3001B-2DoF-Robotic-Arm/install/local_setup.ps1'
[1.811s] INFO:colcon.colcon_core.shell:Creating prefix util module '/home/sofia/sextoSem/TE3001B-2DoF-Robotic-Arm/install/_local_setup_util_ps1.py'
[1.813s] INFO:colcon.colcon_core.shell:Creating prefix chain script '/home/sofia/sextoSem/TE3001B-2DoF-Robotic-Arm/install/setup.ps1'
[1.820s] INFO:colcon.colcon_core.shell:Creating prefix script '/home/sofia/sextoSem/TE3001B-2DoF-Robotic-Arm/install/local_setup.sh'
[1.822s] INFO:colcon.colcon_core.shell:Creating prefix util module '/home/sofia/sextoSem/TE3001B-2DoF-Robotic-Arm/install/_local_setup_util_sh.py'
[1.822s] INFO:colcon.colcon_core.shell:Creating prefix chain script '/home/sofia/sextoSem/TE3001B-2DoF-Robotic-Arm/install/setup.sh'
[1.824s] INFO:colcon.colcon_core.shell:Creating prefix script '/home/sofia/sextoSem/TE3001B-2DoF-Robotic-Arm/install/local_setup.bash'
[1.824s] INFO:colcon.colcon_core.shell:Creating prefix chain script '/home/sofia/sextoSem/TE3001B-2DoF-Robotic-Arm/install/setup.bash'
[1.825s] INFO:colcon.colcon_core.shell:Creating prefix script '/home/sofia/sextoSem/TE3001B-2DoF-Robotic-Arm/install/local_setup.zsh'
[1.826s] INFO:colcon.colcon_core.shell:Creating prefix chain script '/home/sofia/sextoSem/TE3001B-2DoF-Robotic-Arm/install/setup.zsh'
