[0.975s] Invoking command in '/home/sofia/sextoSem/TE3001B-2DoF-Robotic-Arm/src/pid_controller': PYTHONPATH=/home/sofia/sextoSem/TE3001B-2DoF-Robotic-Arm/build/pid_controller/prefix_override:/usr/lib/python3/dist-packages/colcon_core/task/python/colcon_distutils_commands:/home/sofia/sextoSem/TE3001B-2DoF-Robotic-Arm/install/pid_controller/lib/python3.10/site-packages:${PYTHONPATH} /usr/bin/python3 -W ignore:setup.py install is deprecated -W ignore:easy_install command is deprecated setup.py egg_info --egg-base ../../build/pid_controller build --build-base /home/sofia/sextoSem/TE3001B-2DoF-Robotic-Arm/build/pid_controller/build install --record /home/sofia/sextoSem/TE3001B-2DoF-Robotic-Arm/build/pid_controller/install.log --single-version-externally-managed install_data
[1.127s] running egg_info
[1.127s] writing ../../build/pid_controller/pid_controller.egg-info/PKG-INFO
[1.127s] writing dependency_links to ../../build/pid_controller/pid_controller.egg-info/dependency_links.txt
[1.127s] writing entry points to ../../build/pid_controller/pid_controller.egg-info/entry_points.txt
[1.127s] writing requirements to ../../build/pid_controller/pid_controller.egg-info/requires.txt
[1.128s] writing top-level names to ../../build/pid_controller/pid_controller.egg-info/top_level.txt
[1.129s] reading manifest file '../../build/pid_controller/pid_controller.egg-info/SOURCES.txt'
[1.130s] writing manifest file '../../build/pid_controller/pid_controller.egg-info/SOURCES.txt'
[1.130s] running build
[1.130s] running build_py
[1.130s] running install
[1.130s] running install_lib
[1.131s] running install_data
[1.131s] running install_egg_info
[1.133s] removing '/home/sofia/sextoSem/TE3001B-2DoF-Robotic-Arm/install/pid_controller/lib/python3.10/site-packages/pid_controller-0.0.0-py3.10.egg-info' (and everything under it)
[1.133s] Copying ../../build/pid_controller/pid_controller.egg-info to /home/sofia/sextoSem/TE3001B-2DoF-Robotic-Arm/install/pid_controller/lib/python3.10/site-packages/pid_controller-0.0.0-py3.10.egg-info
[1.133s] running install_scripts
[1.149s] Installing pid_control_node script to /home/sofia/sextoSem/TE3001B-2DoF-Robotic-Arm/install/pid_controller/lib/pid_controller
[1.149s] Installing simulator_node script to /home/sofia/sextoSem/TE3001B-2DoF-Robotic-Arm/install/pid_controller/lib/pid_controller
[1.149s] writing list of installed files to '/home/sofia/sextoSem/TE3001B-2DoF-Robotic-Arm/build/pid_controller/install.log'
[1.312s] Invoked command in '/home/sofia/sextoSem/TE3001B-2DoF-Robotic-Arm/src/pid_controller' returned '0': PYTHONPATH=/home/sofia/sextoSem/TE3001B-2DoF-Robotic-Arm/build/pid_controller/prefix_override:/usr/lib/python3/dist-packages/colcon_core/task/python/colcon_distutils_commands:/home/sofia/sextoSem/TE3001B-2DoF-Robotic-Arm/install/pid_controller/lib/python3.10/site-packages:${PYTHONPATH} /usr/bin/python3 -W ignore:setup.py install is deprecated -W ignore:easy_install command is deprecated setup.py egg_info --egg-base ../../build/pid_controller build --build-base /home/sofia/sextoSem/TE3001B-2DoF-Robotic-Arm/build/pid_controller/build install --record /home/sofia/sextoSem/TE3001B-2DoF-Robotic-Arm/build/pid_controller/install.log --single-version-externally-managed install_data
