[0.016s] Invoking command in '/home/sofia/sextoSem/TE3001B-2DoF-Robotic-Arm/build/desired_position_pkg': CMAKE_PREFIX_PATH=/opt/ros/humble /usr/bin/cmake /home/sofia/sextoSem/TE3001B-2DoF-Robotic-Arm/src/desired_position_pkg -DCMAKE_INSTALL_PREFIX=/home/sofia/sextoSem/TE3001B-2DoF-Robotic-Arm/install/desired_position_pkg
[0.023s] -- Found ament_cmake: 1.3.11 (/opt/ros/humble/share/ament_cmake/cmake)
[0.125s] -- Found rosidl_default_generators: 1.2.0 (/opt/ros/humble/share/rosidl_default_generators/cmake)
[0.126s] -- Using all available rosidl_typesupport_c: rosidl_typesupport_fastrtps_c;rosidl_typesupport_introspection_c
[0.128s] -- Found rosidl_adapter: 3.1.6 (/opt/ros/humble/share/rosidl_adapter/cmake)
[0.149s] -- Using all available rosidl_typesupport_cpp: rosidl_typesupport_fastrtps_cpp;rosidl_typesupport_introspection_cpp
[0.293s] [31mCMake Error at /opt/ros/humble/share/rosidl_adapter/cmake/rosidl_adapt_interfaces.cmake:59 (message):
[0.293s]   execute_process(/usr/bin/python3 -m rosidl_adapter --package-name
[0.293s]   desired_position_pkg --arguments-file
[0.293s]   /home/sofia/sextoSem/TE3001B-2DoF-Robotic-Arm/build/desired_position_pkg/rosidl_adapter__arguments__desired_position_pkg.json
[0.293s]   --output-dir
[0.293s]   /home/sofia/sextoSem/TE3001B-2DoF-Robotic-Arm/build/desired_position_pkg/rosidl_adapter/desired_position_pkg
[0.293s]   --output-file
[0.293s]   /home/sofia/sextoSem/TE3001B-2DoF-Robotic-Arm/build/desired_position_pkg/rosidl_adapter/desired_position_pkg.idls)
[0.293s]   returned error code 1:
[0.293s] 
[0.293s]   Traceback (most recent call last):
[0.293s] 
[0.293s]     File "/usr/lib/python3.10/runpy.py", line 196, in _run_module_as_main
[0.293s]       return _run_code(code, main_globals, None,
[0.293s]     File "/usr/lib/python3.10/runpy.py", line 86, in _run_code
[0.294s]       exec(code, run_globals)
[0.294s]     File "/opt/ros/humble/local/lib/python3.10/dist-packages/rosidl_adapter/__main__.py", line 19, in <module>
[0.294s]       sys.exit(main())
[0.294s]     File "/opt/ros/humble/local/lib/python3.10/dist-packages/rosidl_adapter/main.py", line 53, in main
[0.294s]       abs_idl_file = convert_to_idl(
[0.294s]     File "/opt/ros/humble/local/lib/python3.10/dist-packages/rosidl_adapter/__init__.py", line 24, in convert_to_idl
[0.294s]       return convert_srv_to_idl(
[0.294s]     File "/opt/ros/humble/local/lib/python3.10/dist-packages/rosidl_adapter/srv/__init__.py", line 28, in convert_srv_to_idl
[0.294s]       srv = parse_service_string(package_name, input_file.stem, content)
[0.294s]     File "/opt/ros/humble/local/lib/python3.10/dist-packages/rosidl_adapter/parser.py", line 859, in parse_service_string
[0.294s]       request_message = parse_message_string(
[0.294s]     File "/opt/ros/humble/local/lib/python3.10/dist-packages/rosidl_adapter/parser.py", line 544, in parse_message_string
[0.294s]       msg = MessageSpecification(pkg_name, msg_name, fields, constants)
[0.294s]     File "/opt/ros/humble/local/lib/python3.10/dist-packages/rosidl_adapter/parser.py", line 388, in __init__
[0.294s]       self.base_type = BaseType(
[0.294s]     File "/opt/ros/humble/local/lib/python3.10/dist-packages/rosidl_adapter/parser.py", line 205, in __init__
[0.294s]       raise InvalidResourceName(
[0.294s] 
[0.294s]   rosidl_adapter.parser.InvalidResourceName: 'desiredPosition_Request' is an
[0.294s]   invalid message name.  It should have the pattern '^[A-Z][A-Za-z0-9]*$'
[0.295s] 
[0.295s] Call Stack (most recent call first):
[0.295s]   /opt/ros/humble/share/rosidl_cmake/cmake/rosidl_generate_interfaces.cmake:130 (rosidl_adapt_interfaces)
[0.295s]   CMakeLists.txt:15 (rosidl_generate_interfaces)
[0.295s] 
[0.295s] [0m
[0.295s] -- Configuring incomplete, errors occurred!
[0.295s] See also "/home/sofia/sextoSem/TE3001B-2DoF-Robotic-Arm/build/desired_position_pkg/CMakeFiles/CMakeOutput.log".
[0.298s] Invoked command in '/home/sofia/sextoSem/TE3001B-2DoF-Robotic-Arm/build/desired_position_pkg' returned '1': CMAKE_PREFIX_PATH=/opt/ros/humble /usr/bin/cmake /home/sofia/sextoSem/TE3001B-2DoF-Robotic-Arm/src/desired_position_pkg -DCMAKE_INSTALL_PREFIX=/home/sofia/sextoSem/TE3001B-2DoF-Robotic-Arm/install/desired_position_pkg
