[0.124s] DEBUG:colcon:Command line arguments: ['/usr/bin/colcon', 'build']
[0.124s] DEBUG:colcon:Parsed command line arguments: Namespace(log_base=None, log_level=None, verb_name='build', build_base='build', install_base='install', merge_install=False, symlink_install=False, test_result_base=None, continue_on_error=False, executor='parallel', parallel_workers=12, event_handlers=None, ignore_user_meta=False, metas=['./colcon.meta'], base_paths=['.'], packages_ignore=None, packages_ignore_regex=None, paths=None, packages_up_to=None, packages_up_to_regex=None, packages_above=None, packages_above_and_dependencies=None, packages_above_depth=None, packages_select_by_dep=None, packages_skip_by_dep=None, packages_skip_up_to=None, packages_select_build_failed=False, packages_skip_build_finished=False, packages_select_test_failures=False, packages_skip_test_passed=False, packages_select=None, packages_skip=None, packages_select_regex=None, packages_skip_regex=None, packages_start=None, packages_end=None, allow_overriding=[], cmake_args=None, cmake_target=None, cmake_target_skip_unavailable=False, cmake_clean_cache=False, cmake_clean_first=False, cmake_force_configure=False, ament_cmake_args=None, catkin_cmake_args=None, catkin_skip_building_tests=False, verb_parser=<colcon_defaults.argument_parser.defaults.DefaultArgumentsDecorator object at 0x7fd7d1a7f460>, verb_extension=<colcon_core.verb.build.BuildVerb object at 0x7fd7d1a7e620>, main=<bound method BuildVerb.main of <colcon_core.verb.build.BuildVerb object at 0x7fd7d1a7e620>>)
[0.339s] Level 1:colcon.colcon_core.package_discovery:discover_packages(colcon_meta) check parameters
[0.339s] Level 1:colcon.colcon_core.package_discovery:discover_packages(recursive) check parameters
[0.340s] Level 1:colcon.colcon_core.package_discovery:discover_packages(ignore) check parameters
[0.340s] Level 1:colcon.colcon_core.package_discovery:discover_packages(path) check parameters
[0.340s] Level 1:colcon.colcon_core.package_discovery:discover_packages(colcon_meta) discover
[0.340s] Level 1:colcon.colcon_core.package_discovery:discover_packages(recursive) discover
[0.340s] INFO:colcon.colcon_core.package_discovery:Crawling recursively for packages in '/home/sofia/sextoSem/TE3001B-2DoF-Robotic-Arm'
[0.340s] Level 1:colcon.colcon_core.package_identification:_identify(.) by extensions ['ignore', 'ignore_ament_install']
[0.340s] Level 1:colcon.colcon_core.package_identification:_identify(.) by extension 'ignore'
[0.340s] Level 1:colcon.colcon_core.package_identification:_identify(.) by extension 'ignore_ament_install'
[0.340s] Level 1:colcon.colcon_core.package_identification:_identify(.) by extensions ['colcon_pkg']
[0.340s] Level 1:colcon.colcon_core.package_identification:_identify(.) by extension 'colcon_pkg'
[0.340s] Level 1:colcon.colcon_core.package_identification:_identify(.) by extensions ['colcon_meta']
[0.340s] Level 1:colcon.colcon_core.package_identification:_identify(.) by extension 'colcon_meta'
[0.340s] Level 1:colcon.colcon_core.package_identification:_identify(.) by extensions ['ros']
[0.340s] Level 1:colcon.colcon_core.package_identification:_identify(.) by extension 'ros'
[0.351s] Level 1:colcon.colcon_core.package_identification:_identify(.) by extensions ['cmake', 'python']
[0.351s] Level 1:colcon.colcon_core.package_identification:_identify(.) by extension 'cmake'
[0.351s] Level 1:colcon.colcon_core.package_identification:_identify(.) by extension 'python'
[0.351s] Level 1:colcon.colcon_core.package_identification:_identify(.) by extensions ['python_setup_py']
[0.351s] Level 1:colcon.colcon_core.package_identification:_identify(.) by extension 'python_setup_py'
[0.351s] Level 1:colcon.colcon_core.package_identification:_identify(build) by extensions ['ignore', 'ignore_ament_install']
[0.351s] Level 1:colcon.colcon_core.package_identification:_identify(build) by extension 'ignore'
[0.351s] Level 1:colcon.colcon_core.package_identification:_identify(build) ignored
[0.351s] Level 1:colcon.colcon_core.package_identification:_identify(install) by extensions ['ignore', 'ignore_ament_install']
[0.351s] Level 1:colcon.colcon_core.package_identification:_identify(install) by extension 'ignore'
[0.352s] Level 1:colcon.colcon_core.package_identification:_identify(install) ignored
[0.352s] Level 1:colcon.colcon_core.package_identification:_identify(log) by extensions ['ignore', 'ignore_ament_install']
[0.352s] Level 1:colcon.colcon_core.package_identification:_identify(log) by extension 'ignore'
[0.352s] Level 1:colcon.colcon_core.package_identification:_identify(log) ignored
[0.352s] Level 1:colcon.colcon_core.package_identification:_identify(src) by extensions ['ignore', 'ignore_ament_install']
[0.352s] Level 1:colcon.colcon_core.package_identification:_identify(src) by extension 'ignore'
[0.352s] Level 1:colcon.colcon_core.package_identification:_identify(src) by extension 'ignore_ament_install'
[0.352s] Level 1:colcon.colcon_core.package_identification:_identify(src) by extensions ['colcon_pkg']
[0.352s] Level 1:colcon.colcon_core.package_identification:_identify(src) by extension 'colcon_pkg'
[0.352s] Level 1:colcon.colcon_core.package_identification:_identify(src) by extensions ['colcon_meta']
[0.352s] Level 1:colcon.colcon_core.package_identification:_identify(src) by extension 'colcon_meta'
[0.352s] Level 1:colcon.colcon_core.package_identification:_identify(src) by extensions ['ros']
[0.352s] Level 1:colcon.colcon_core.package_identification:_identify(src) by extension 'ros'
[0.352s] Level 1:colcon.colcon_core.package_identification:_identify(src) by extensions ['cmake', 'python']
[0.352s] Level 1:colcon.colcon_core.package_identification:_identify(src) by extension 'cmake'
[0.352s] Level 1:colcon.colcon_core.package_identification:_identify(src) by extension 'python'
[0.352s] Level 1:colcon.colcon_core.package_identification:_identify(src) by extensions ['python_setup_py']
[0.352s] Level 1:colcon.colcon_core.package_identification:_identify(src) by extension 'python_setup_py'
[0.352s] Level 1:colcon.colcon_core.package_identification:_identify(src/desired_position_pkg) by extensions ['ignore', 'ignore_ament_install']
[0.353s] Level 1:colcon.colcon_core.package_identification:_identify(src/desired_position_pkg) by extension 'ignore'
[0.353s] Level 1:colcon.colcon_core.package_identification:_identify(src/desired_position_pkg) by extension 'ignore_ament_install'
[0.353s] Level 1:colcon.colcon_core.package_identification:_identify(src/desired_position_pkg) by extensions ['colcon_pkg']
[0.353s] Level 1:colcon.colcon_core.package_identification:_identify(src/desired_position_pkg) by extension 'colcon_pkg'
[0.353s] Level 1:colcon.colcon_core.package_identification:_identify(src/desired_position_pkg) by extensions ['colcon_meta']
[0.353s] Level 1:colcon.colcon_core.package_identification:_identify(src/desired_position_pkg) by extension 'colcon_meta'
[0.353s] Level 1:colcon.colcon_core.package_identification:_identify(src/desired_position_pkg) by extensions ['ros']
[0.353s] Level 1:colcon.colcon_core.package_identification:_identify(src/desired_position_pkg) by extension 'ros'
[0.356s] DEBUG:colcon.colcon_core.package_identification:Package 'src/desired_position_pkg' with type 'ros.ament_cmake' and name 'desired_position_pkg'
[0.356s] Level 1:colcon.colcon_core.package_identification:_identify(src/inverse_kinematics_pkg) by extensions ['ignore', 'ignore_ament_install']
[0.356s] Level 1:colcon.colcon_core.package_identification:_identify(src/inverse_kinematics_pkg) by extension 'ignore'
[0.356s] Level 1:colcon.colcon_core.package_identification:_identify(src/inverse_kinematics_pkg) by extension 'ignore_ament_install'
[0.356s] Level 1:colcon.colcon_core.package_identification:_identify(src/inverse_kinematics_pkg) by extensions ['colcon_pkg']
[0.356s] Level 1:colcon.colcon_core.package_identification:_identify(src/inverse_kinematics_pkg) by extension 'colcon_pkg'
[0.356s] Level 1:colcon.colcon_core.package_identification:_identify(src/inverse_kinematics_pkg) by extensions ['colcon_meta']
[0.356s] Level 1:colcon.colcon_core.package_identification:_identify(src/inverse_kinematics_pkg) by extension 'colcon_meta'
[0.356s] Level 1:colcon.colcon_core.package_identification:_identify(src/inverse_kinematics_pkg) by extensions ['ros']
[0.356s] Level 1:colcon.colcon_core.package_identification:_identify(src/inverse_kinematics_pkg) by extension 'ros'
[0.357s] DEBUG:colcon.colcon_core.package_identification:Package 'src/inverse_kinematics_pkg' with type 'ros.ament_python' and name 'inverse_kinematics_pkg'
[0.357s] Level 1:colcon.colcon_core.package_identification:_identify(src/pid_controller) by extensions ['ignore', 'ignore_ament_install']
[0.357s] Level 1:colcon.colcon_core.package_identification:_identify(src/pid_controller) by extension 'ignore'
[0.357s] Level 1:colcon.colcon_core.package_identification:_identify(src/pid_controller) by extension 'ignore_ament_install'
[0.357s] Level 1:colcon.colcon_core.package_identification:_identify(src/pid_controller) by extensions ['colcon_pkg']
[0.357s] Level 1:colcon.colcon_core.package_identification:_identify(src/pid_controller) by extension 'colcon_pkg'
[0.357s] Level 1:colcon.colcon_core.package_identification:_identify(src/pid_controller) by extensions ['colcon_meta']
[0.357s] Level 1:colcon.colcon_core.package_identification:_identify(src/pid_controller) by extension 'colcon_meta'
[0.357s] Level 1:colcon.colcon_core.package_identification:_identify(src/pid_controller) by extensions ['ros']
[0.357s] Level 1:colcon.colcon_core.package_identification:_identify(src/pid_controller) by extension 'ros'
[0.358s] DEBUG:colcon.colcon_core.package_identification:Package 'src/pid_controller' with type 'ros.ament_python' and name 'pid_controller'
[0.358s] Level 1:colcon.colcon_core.package_discovery:discover_packages(recursive) using defaults
[0.358s] Level 1:colcon.colcon_core.package_discovery:discover_packages(ignore) discover
[0.358s] Level 1:colcon.colcon_core.package_discovery:discover_packages(ignore) using defaults
[0.358s] Level 1:colcon.colcon_core.package_discovery:discover_packages(path) discover
[0.358s] Level 1:colcon.colcon_core.package_discovery:discover_packages(path) using defaults
[0.384s] Level 1:colcon.colcon_core.package_discovery:discover_packages(prefix_path) check parameters
[0.384s] Level 1:colcon.colcon_core.package_discovery:discover_packages(prefix_path) discover
[0.387s] DEBUG:colcon.colcon_installed_package_information.package_discovery:Found 4 installed packages in /home/sofia/sextoSem/TE3001B-2DoF-Robotic-Arm/install
[0.388s] DEBUG:colcon.colcon_installed_package_information.package_discovery:Found 271 installed packages in /opt/ros/humble
[0.390s] Level 1:colcon.colcon_core.package_discovery:discover_packages(prefix_path) using defaults
[0.461s] Level 5:colcon.colcon_core.verb:set package 'desired_position_pkg' build argument 'cmake_args' from command line to 'None'
[0.461s] Level 5:colcon.colcon_core.verb:set package 'desired_position_pkg' build argument 'cmake_target' from command line to 'None'
[0.461s] Level 5:colcon.colcon_core.verb:set package 'desired_position_pkg' build argument 'cmake_target_skip_unavailable' from command line to 'False'
[0.461s] Level 5:colcon.colcon_core.verb:set package 'desired_position_pkg' build argument 'cmake_clean_cache' from command line to 'False'
[0.461s] Level 5:colcon.colcon_core.verb:set package 'desired_position_pkg' build argument 'cmake_clean_first' from command line to 'False'
[0.461s] Level 5:colcon.colcon_core.verb:set package 'desired_position_pkg' build argument 'cmake_force_configure' from command line to 'False'
[0.461s] Level 5:colcon.colcon_core.verb:set package 'desired_position_pkg' build argument 'ament_cmake_args' from command line to 'None'
[0.461s] Level 5:colcon.colcon_core.verb:set package 'desired_position_pkg' build argument 'catkin_cmake_args' from command line to 'None'
[0.461s] Level 5:colcon.colcon_core.verb:set package 'desired_position_pkg' build argument 'catkin_skip_building_tests' from command line to 'False'
[0.461s] DEBUG:colcon.colcon_core.verb:Building package 'desired_position_pkg' with the following arguments: {'ament_cmake_args': None, 'build_base': '/home/sofia/sextoSem/TE3001B-2DoF-Robotic-Arm/build/desired_position_pkg', 'catkin_cmake_args': None, 'catkin_skip_building_tests': False, 'cmake_args': None, 'cmake_clean_cache': False, 'cmake_clean_first': False, 'cmake_force_configure': False, 'cmake_target': None, 'cmake_target_skip_unavailable': False, 'install_base': '/home/sofia/sextoSem/TE3001B-2DoF-Robotic-Arm/install/desired_position_pkg', 'merge_install': False, 'path': '/home/sofia/sextoSem/TE3001B-2DoF-Robotic-Arm/src/desired_position_pkg', 'symlink_install': False, 'test_result_base': None}
[0.462s] Level 5:colcon.colcon_core.verb:set package 'pid_controller' build argument 'cmake_args' from command line to 'None'
[0.462s] Level 5:colcon.colcon_core.verb:set package 'pid_controller' build argument 'cmake_target' from command line to 'None'
[0.462s] Level 5:colcon.colcon_core.verb:set package 'pid_controller' build argument 'cmake_target_skip_unavailable' from command line to 'False'
[0.462s] Level 5:colcon.colcon_core.verb:set package 'pid_controller' build argument 'cmake_clean_cache' from command line to 'False'
[0.462s] Level 5:colcon.colcon_core.verb:set package 'pid_controller' build argument 'cmake_clean_first' from command line to 'False'
[0.462s] Level 5:colcon.colcon_core.verb:set package 'pid_controller' build argument 'cmake_force_configure' from command line to 'False'
[0.462s] Level 5:colcon.colcon_core.verb:set package 'pid_controller' build argument 'ament_cmake_args' from command line to 'None'
[0.462s] Level 5:colcon.colcon_core.verb:set package 'pid_controller' build argument 'catkin_cmake_args' from command line to 'None'
[0.462s] Level 5:colcon.colcon_core.verb:set package 'pid_controller' build argument 'catkin_skip_building_tests' from command line to 'False'
[0.462s] DEBUG:colcon.colcon_core.verb:Building package 'pid_controller' with the following arguments: {'ament_cmake_args': None, 'build_base': '/home/sofia/sextoSem/TE3001B-2DoF-Robotic-Arm/build/pid_controller', 'catkin_cmake_args': None, 'catkin_skip_building_tests': False, 'cmake_args': None, 'cmake_clean_cache': False, 'cmake_clean_first': False, 'cmake_force_configure': False, 'cmake_target': None, 'cmake_target_skip_unavailable': False, 'install_base': '/home/sofia/sextoSem/TE3001B-2DoF-Robotic-Arm/install/pid_controller', 'merge_install': False, 'path': '/home/sofia/sextoSem/TE3001B-2DoF-Robotic-Arm/src/pid_controller', 'symlink_install': False, 'test_result_base': None}
[0.462s] Level 5:colcon.colcon_core.verb:set package 'inverse_kinematics_pkg' build argument 'cmake_args' from command line to 'None'
[0.462s] Level 5:colcon.colcon_core.verb:set package 'inverse_kinematics_pkg' build argument 'cmake_target' from command line to 'None'
[0.462s] Level 5:colcon.colcon_core.verb:set package 'inverse_kinematics_pkg' build argument 'cmake_target_skip_unavailable' from command line to 'False'
[0.462s] Level 5:colcon.colcon_core.verb:set package 'inverse_kinematics_pkg' build argument 'cmake_clean_cache' from command line to 'False'
[0.462s] Level 5:colcon.colcon_core.verb:set package 'inverse_kinematics_pkg' build argument 'cmake_clean_first' from command line to 'False'
[0.462s] Level 5:colcon.colcon_core.verb:set package 'inverse_kinematics_pkg' build argument 'cmake_force_configure' from command line to 'False'
[0.462s] Level 5:colcon.colcon_core.verb:set package 'inverse_kinematics_pkg' build argument 'ament_cmake_args' from command line to 'None'
[0.462s] Level 5:colcon.colcon_core.verb:set package 'inverse_kinematics_pkg' build argument 'catkin_cmake_args' from command line to 'None'
[0.462s] Level 5:colcon.colcon_core.verb:set package 'inverse_kinematics_pkg' build argument 'catkin_skip_building_tests' from command line to 'False'
[0.462s] DEBUG:colcon.colcon_core.verb:Building package 'inverse_kinematics_pkg' with the following arguments: {'ament_cmake_args': None, 'build_base': '/home/sofia/sextoSem/TE3001B-2DoF-Robotic-Arm/build/inverse_kinematics_pkg', 'catkin_cmake_args': None, 'catkin_skip_building_tests': False, 'cmake_args': None, 'cmake_clean_cache': False, 'cmake_clean_first': False, 'cmake_force_configure': False, 'cmake_target': None, 'cmake_target_skip_unavailable': False, 'install_base': '/home/sofia/sextoSem/TE3001B-2DoF-Robotic-Arm/install/inverse_kinematics_pkg', 'merge_install': False, 'path': '/home/sofia/sextoSem/TE3001B-2DoF-Robotic-Arm/src/inverse_kinematics_pkg', 'symlink_install': False, 'test_result_base': None}
[0.462s] INFO:colcon.colcon_core.executor:Executing jobs using 'parallel' executor
[0.463s] DEBUG:colcon.colcon_parallel_executor.executor.parallel:run_until_complete
[0.464s] INFO:colcon.colcon_ros.task.ament_cmake.build:Building ROS package in '/home/sofia/sextoSem/TE3001B-2DoF-Robotic-Arm/src/desired_position_pkg' with build type 'ament_cmake'
[0.464s] INFO:colcon.colcon_cmake.task.cmake.build:Building CMake package in '/home/sofia/sextoSem/TE3001B-2DoF-Robotic-Arm/src/desired_position_pkg'
[0.468s] INFO:colcon.colcon_core.plugin_system:Skipping extension 'colcon_core.shell.bat': Not used on non-Windows systems
[0.469s] INFO:colcon.colcon_core.shell:Skip shell extension 'powershell' for command environment: Not usable outside of PowerShell
[0.469s] DEBUG:colcon.colcon_core.shell:Skip shell extension 'dsv' for command environment
[0.473s] INFO:colcon.colcon_ros.task.ament_python.build:Building ROS package in '/home/sofia/sextoSem/TE3001B-2DoF-Robotic-Arm/src/pid_controller' with build type 'ament_python'
[0.473s] Level 1:colcon.colcon_core.shell:create_environment_hook('pid_controller', 'ament_prefix_path')
[0.473s] INFO:colcon.colcon_core.shell:Creating environment hook '/home/sofia/sextoSem/TE3001B-2DoF-Robotic-Arm/install/pid_controller/share/pid_controller/hook/ament_prefix_path.ps1'
[0.474s] INFO:colcon.colcon_core.shell:Creating environment descriptor '/home/sofia/sextoSem/TE3001B-2DoF-Robotic-Arm/install/pid_controller/share/pid_controller/hook/ament_prefix_path.dsv'
[0.475s] INFO:colcon.colcon_core.shell:Creating environment hook '/home/sofia/sextoSem/TE3001B-2DoF-Robotic-Arm/install/pid_controller/share/pid_controller/hook/ament_prefix_path.sh'
[0.475s] INFO:colcon.colcon_core.shell:Skip shell extension 'powershell' for command environment: Not usable outside of PowerShell
[0.476s] DEBUG:colcon.colcon_core.shell:Skip shell extension 'dsv' for command environment
[0.485s] DEBUG:colcon.colcon_core.event_handler.log_command:Invoking command in '/home/sofia/sextoSem/TE3001B-2DoF-Robotic-Arm/build/desired_position_pkg': CMAKE_PREFIX_PATH=${CMAKE_PREFIX_PATH}:/home/sofia/sextoSem/TE3001B-2DoF-Robotic-Arm/install/pid_controller:/home/sofia/sextoSem/TE3001B-2DoF-Robotic-Arm/install/inverse_kinematics_pkg:/opt/ros/humble /usr/bin/cmake --build /home/sofia/sextoSem/TE3001B-2DoF-Robotic-Arm/build/desired_position_pkg -- -j12 -l12
[0.677s] INFO:colcon.colcon_core.task.python.build:Building Python package in '/home/sofia/sextoSem/TE3001B-2DoF-Robotic-Arm/src/pid_controller'
[0.677s] INFO:colcon.colcon_core.shell:Skip shell extension 'powershell' for command environment: Not usable outside of PowerShell
[0.677s] DEBUG:colcon.colcon_core.shell:Skip shell extension 'dsv' for command environment
[0.778s] DEBUG:colcon.colcon_core.event_handler.log_command:Invoked command in '/home/sofia/sextoSem/TE3001B-2DoF-Robotic-Arm/build/desired_position_pkg' returned '0': CMAKE_PREFIX_PATH=${CMAKE_PREFIX_PATH}:/home/sofia/sextoSem/TE3001B-2DoF-Robotic-Arm/install/pid_controller:/home/sofia/sextoSem/TE3001B-2DoF-Robotic-Arm/install/inverse_kinematics_pkg:/opt/ros/humble /usr/bin/cmake --build /home/sofia/sextoSem/TE3001B-2DoF-Robotic-Arm/build/desired_position_pkg -- -j12 -l12
[0.784s] DEBUG:colcon.colcon_core.event_handler.log_command:Invoking command in '/home/sofia/sextoSem/TE3001B-2DoF-Robotic-Arm/build/desired_position_pkg': CMAKE_PREFIX_PATH=${CMAKE_PREFIX_PATH}:/home/sofia/sextoSem/TE3001B-2DoF-Robotic-Arm/install/pid_controller:/home/sofia/sextoSem/TE3001B-2DoF-Robotic-Arm/install/inverse_kinematics_pkg:/opt/ros/humble /usr/bin/cmake --install /home/sofia/sextoSem/TE3001B-2DoF-Robotic-Arm/build/desired_position_pkg
[0.827s] Level 1:colcon.colcon_core.environment:create_environment_scripts_only(desired_position_pkg)
[0.827s] DEBUG:colcon.colcon_core.event_handler.log_command:Invoked command in '/home/sofia/sextoSem/TE3001B-2DoF-Robotic-Arm/build/desired_position_pkg' returned '0': CMAKE_PREFIX_PATH=${CMAKE_PREFIX_PATH}:/home/sofia/sextoSem/TE3001B-2DoF-Robotic-Arm/install/pid_controller:/home/sofia/sextoSem/TE3001B-2DoF-Robotic-Arm/install/inverse_kinematics_pkg:/opt/ros/humble /usr/bin/cmake --install /home/sofia/sextoSem/TE3001B-2DoF-Robotic-Arm/build/desired_position_pkg
[0.833s] Level 1:colcon.colcon_core.environment:checking '/home/sofia/sextoSem/TE3001B-2DoF-Robotic-Arm/install/desired_position_pkg' for CMake module files
[0.833s] Level 1:colcon.colcon_core.environment:checking '/home/sofia/sextoSem/TE3001B-2DoF-Robotic-Arm/install/desired_position_pkg' for CMake config files
[0.834s] Level 1:colcon.colcon_core.shell:create_environment_hook('desired_position_pkg', 'cmake_prefix_path')
[0.834s] INFO:colcon.colcon_core.shell:Creating environment hook '/home/sofia/sextoSem/TE3001B-2DoF-Robotic-Arm/install/desired_position_pkg/share/desired_position_pkg/hook/cmake_prefix_path.ps1'
[0.834s] INFO:colcon.colcon_core.shell:Creating environment descriptor '/home/sofia/sextoSem/TE3001B-2DoF-Robotic-Arm/install/desired_position_pkg/share/desired_position_pkg/hook/cmake_prefix_path.dsv'
[0.835s] INFO:colcon.colcon_core.shell:Creating environment hook '/home/sofia/sextoSem/TE3001B-2DoF-Robotic-Arm/install/desired_position_pkg/share/desired_position_pkg/hook/cmake_prefix_path.sh'
[0.835s] Level 1:colcon.colcon_core.environment:checking '/home/sofia/sextoSem/TE3001B-2DoF-Robotic-Arm/install/desired_position_pkg/lib'
[0.836s] Level 1:colcon.colcon_core.shell:create_environment_hook('desired_position_pkg', 'ld_library_path_lib')
[0.836s] INFO:colcon.colcon_core.shell:Creating environment hook '/home/sofia/sextoSem/TE3001B-2DoF-Robotic-Arm/install/desired_position_pkg/share/desired_position_pkg/hook/ld_library_path_lib.ps1'
[0.836s] INFO:colcon.colcon_core.shell:Creating environment descriptor '/home/sofia/sextoSem/TE3001B-2DoF-Robotic-Arm/install/desired_position_pkg/share/desired_position_pkg/hook/ld_library_path_lib.dsv'
[0.836s] INFO:colcon.colcon_core.shell:Creating environment hook '/home/sofia/sextoSem/TE3001B-2DoF-Robotic-Arm/install/desired_position_pkg/share/desired_position_pkg/hook/ld_library_path_lib.sh'
[0.837s] Level 1:colcon.colcon_core.environment:checking '/home/sofia/sextoSem/TE3001B-2DoF-Robotic-Arm/install/desired_position_pkg/bin'
[0.837s] Level 1:colcon.colcon_core.environment:checking '/home/sofia/sextoSem/TE3001B-2DoF-Robotic-Arm/install/desired_position_pkg/lib/pkgconfig/desired_position_pkg.pc'
[0.837s] Level 1:colcon.colcon_core.environment:checking '/home/sofia/sextoSem/TE3001B-2DoF-Robotic-Arm/install/desired_position_pkg/lib/python3.10/site-packages'
[0.837s] Level 1:colcon.colcon_core.environment:checking '/home/sofia/sextoSem/TE3001B-2DoF-Robotic-Arm/install/desired_position_pkg/bin'
[0.837s] INFO:colcon.colcon_core.shell:Creating package script '/home/sofia/sextoSem/TE3001B-2DoF-Robotic-Arm/install/desired_position_pkg/share/desired_position_pkg/package.ps1'
[0.838s] INFO:colcon.colcon_core.shell:Creating package descriptor '/home/sofia/sextoSem/TE3001B-2DoF-Robotic-Arm/install/desired_position_pkg/share/desired_position_pkg/package.dsv'
[0.839s] INFO:colcon.colcon_core.shell:Creating package script '/home/sofia/sextoSem/TE3001B-2DoF-Robotic-Arm/install/desired_position_pkg/share/desired_position_pkg/package.sh'
[0.839s] INFO:colcon.colcon_core.shell:Creating package script '/home/sofia/sextoSem/TE3001B-2DoF-Robotic-Arm/install/desired_position_pkg/share/desired_position_pkg/package.bash'
[0.841s] INFO:colcon.colcon_core.shell:Creating package script '/home/sofia/sextoSem/TE3001B-2DoF-Robotic-Arm/install/desired_position_pkg/share/desired_position_pkg/package.zsh'
[0.842s] Level 1:colcon.colcon_core.environment:create_file_with_runtime_dependencies(/home/sofia/sextoSem/TE3001B-2DoF-Robotic-Arm/install/desired_position_pkg/share/colcon-core/packages/desired_position_pkg)
[0.842s] Level 1:colcon.colcon_core.environment:create_environment_scripts_only(desired_position_pkg)
[0.842s] Level 1:colcon.colcon_core.environment:checking '/home/sofia/sextoSem/TE3001B-2DoF-Robotic-Arm/install/desired_position_pkg' for CMake module files
[0.843s] Level 1:colcon.colcon_core.environment:checking '/home/sofia/sextoSem/TE3001B-2DoF-Robotic-Arm/install/desired_position_pkg' for CMake config files
[0.843s] Level 1:colcon.colcon_core.shell:create_environment_hook('desired_position_pkg', 'cmake_prefix_path')
[0.843s] INFO:colcon.colcon_core.shell:Creating environment hook '/home/sofia/sextoSem/TE3001B-2DoF-Robotic-Arm/install/desired_position_pkg/share/desired_position_pkg/hook/cmake_prefix_path.ps1'
[0.843s] INFO:colcon.colcon_core.shell:Creating environment descriptor '/home/sofia/sextoSem/TE3001B-2DoF-Robotic-Arm/install/desired_position_pkg/share/desired_position_pkg/hook/cmake_prefix_path.dsv'
[0.844s] INFO:colcon.colcon_core.shell:Creating environment hook '/home/sofia/sextoSem/TE3001B-2DoF-Robotic-Arm/install/desired_position_pkg/share/desired_position_pkg/hook/cmake_prefix_path.sh'
[0.844s] Level 1:colcon.colcon_core.environment:checking '/home/sofia/sextoSem/TE3001B-2DoF-Robotic-Arm/install/desired_position_pkg/lib'
[0.844s] Level 1:colcon.colcon_core.shell:create_environment_hook('desired_position_pkg', 'ld_library_path_lib')
[0.844s] INFO:colcon.colcon_core.shell:Creating environment hook '/home/sofia/sextoSem/TE3001B-2DoF-Robotic-Arm/install/desired_position_pkg/share/desired_position_pkg/hook/ld_library_path_lib.ps1'
[0.844s] INFO:colcon.colcon_core.shell:Creating environment descriptor '/home/sofia/sextoSem/TE3001B-2DoF-Robotic-Arm/install/desired_position_pkg/share/desired_position_pkg/hook/ld_library_path_lib.dsv'
[0.845s] INFO:colcon.colcon_core.shell:Creating environment hook '/home/sofia/sextoSem/TE3001B-2DoF-Robotic-Arm/install/desired_position_pkg/share/desired_position_pkg/hook/ld_library_path_lib.sh'
[0.845s] Level 1:colcon.colcon_core.environment:checking '/home/sofia/sextoSem/TE3001B-2DoF-Robotic-Arm/install/desired_position_pkg/bin'
[0.845s] Level 1:colcon.colcon_core.environment:checking '/home/sofia/sextoSem/TE3001B-2DoF-Robotic-Arm/install/desired_position_pkg/lib/pkgconfig/desired_position_pkg.pc'
[0.845s] Level 1:colcon.colcon_core.environment:checking '/home/sofia/sextoSem/TE3001B-2DoF-Robotic-Arm/install/desired_position_pkg/lib/python3.10/site-packages'
[0.845s] Level 1:colcon.colcon_core.environment:checking '/home/sofia/sextoSem/TE3001B-2DoF-Robotic-Arm/install/desired_position_pkg/bin'
[0.845s] INFO:colcon.colcon_core.shell:Creating package script '/home/sofia/sextoSem/TE3001B-2DoF-Robotic-Arm/install/desired_position_pkg/share/desired_position_pkg/package.ps1'
[0.846s] INFO:colcon.colcon_core.shell:Creating package descriptor '/home/sofia/sextoSem/TE3001B-2DoF-Robotic-Arm/install/desired_position_pkg/share/desired_position_pkg/package.dsv'
[0.846s] INFO:colcon.colcon_core.shell:Creating package script '/home/sofia/sextoSem/TE3001B-2DoF-Robotic-Arm/install/desired_position_pkg/share/desired_position_pkg/package.sh'
[0.846s] INFO:colcon.colcon_core.shell:Creating package script '/home/sofia/sextoSem/TE3001B-2DoF-Robotic-Arm/install/desired_position_pkg/share/desired_position_pkg/package.bash'
[0.847s] INFO:colcon.colcon_core.shell:Creating package script '/home/sofia/sextoSem/TE3001B-2DoF-Robotic-Arm/install/desired_position_pkg/share/desired_position_pkg/package.zsh'
[0.847s] Level 1:colcon.colcon_core.environment:create_file_with_runtime_dependencies(/home/sofia/sextoSem/TE3001B-2DoF-Robotic-Arm/install/desired_position_pkg/share/colcon-core/packages/desired_position_pkg)
[0.847s] INFO:colcon.colcon_ros.task.ament_python.build:Building ROS package in '/home/sofia/sextoSem/TE3001B-2DoF-Robotic-Arm/src/inverse_kinematics_pkg' with build type 'ament_python'
[0.847s] Level 1:colcon.colcon_core.shell:create_environment_hook('inverse_kinematics_pkg', 'ament_prefix_path')
[0.848s] INFO:colcon.colcon_core.shell:Creating environment hook '/home/sofia/sextoSem/TE3001B-2DoF-Robotic-Arm/install/inverse_kinematics_pkg/share/inverse_kinematics_pkg/hook/ament_prefix_path.ps1'
[0.848s] INFO:colcon.colcon_core.shell:Creating environment descriptor '/home/sofia/sextoSem/TE3001B-2DoF-Robotic-Arm/install/inverse_kinematics_pkg/share/inverse_kinematics_pkg/hook/ament_prefix_path.dsv'
[0.848s] INFO:colcon.colcon_core.shell:Creating environment hook '/home/sofia/sextoSem/TE3001B-2DoF-Robotic-Arm/install/inverse_kinematics_pkg/share/inverse_kinematics_pkg/hook/ament_prefix_path.sh'
[0.849s] INFO:colcon.colcon_core.shell:Skip shell extension 'powershell' for command environment: Not usable outside of PowerShell
[0.849s] DEBUG:colcon.colcon_core.shell:Skip shell extension 'dsv' for command environment
[0.997s] INFO:colcon.colcon_core.task.python.build:Building Python package in '/home/sofia/sextoSem/TE3001B-2DoF-Robotic-Arm/src/inverse_kinematics_pkg'
[0.997s] INFO:colcon.colcon_core.shell:Skip shell extension 'powershell' for command environment: Not usable outside of PowerShell
[0.997s] DEBUG:colcon.colcon_core.shell:Skip shell extension 'dsv' for command environment
[1.002s] DEBUG:colcon.colcon_core.event_handler.log_command:Invoking command in '/home/sofia/sextoSem/TE3001B-2DoF-Robotic-Arm/src/pid_controller': PYTHONPATH=/home/sofia/sextoSem/TE3001B-2DoF-Robotic-Arm/build/pid_controller/prefix_override:/usr/lib/python3/dist-packages/colcon_core/task/python/colcon_distutils_commands:/home/sofia/sextoSem/TE3001B-2DoF-Robotic-Arm/install/pid_controller/lib/python3.10/site-packages:${PYTHONPATH} /usr/bin/python3 -W ignore:setup.py install is deprecated -W ignore:easy_install command is deprecated setup.py egg_info --egg-base ../../build/pid_controller build --build-base /home/sofia/sextoSem/TE3001B-2DoF-Robotic-Arm/build/pid_controller/build install --record /home/sofia/sextoSem/TE3001B-2DoF-Robotic-Arm/build/pid_controller/install.log --single-version-externally-managed install_data
[1.197s] Level 1:colcon.colcon_core.environment:checking '/home/sofia/sextoSem/TE3001B-2DoF-Robotic-Arm/install/pid_controller' for CMake module files
[1.198s] DEBUG:colcon.colcon_core.event_handler.log_command:Invoked command in '/home/sofia/sextoSem/TE3001B-2DoF-Robotic-Arm/src/pid_controller' returned '0': PYTHONPATH=/home/sofia/sextoSem/TE3001B-2DoF-Robotic-Arm/build/pid_controller/prefix_override:/usr/lib/python3/dist-packages/colcon_core/task/python/colcon_distutils_commands:/home/sofia/sextoSem/TE3001B-2DoF-Robotic-Arm/install/pid_controller/lib/python3.10/site-packages:${PYTHONPATH} /usr/bin/python3 -W ignore:setup.py install is deprecated -W ignore:easy_install command is deprecated setup.py egg_info --egg-base ../../build/pid_controller build --build-base /home/sofia/sextoSem/TE3001B-2DoF-Robotic-Arm/build/pid_controller/build install --record /home/sofia/sextoSem/TE3001B-2DoF-Robotic-Arm/build/pid_controller/install.log --single-version-externally-managed install_data
[1.198s] Level 1:colcon.colcon_core.environment:checking '/home/sofia/sextoSem/TE3001B-2DoF-Robotic-Arm/install/pid_controller' for CMake config files
[1.199s] Level 1:colcon.colcon_core.environment:checking '/home/sofia/sextoSem/TE3001B-2DoF-Robotic-Arm/install/pid_controller/lib'
[1.199s] Level 1:colcon.colcon_core.environment:checking '/home/sofia/sextoSem/TE3001B-2DoF-Robotic-Arm/install/pid_controller/bin'
[1.199s] Level 1:colcon.colcon_core.environment:checking '/home/sofia/sextoSem/TE3001B-2DoF-Robotic-Arm/install/pid_controller/lib/pkgconfig/pid_controller.pc'
[1.199s] Level 1:colcon.colcon_core.environment:checking '/home/sofia/sextoSem/TE3001B-2DoF-Robotic-Arm/install/pid_controller/lib/python3.10/site-packages'
[1.199s] Level 1:colcon.colcon_core.shell:create_environment_hook('pid_controller', 'pythonpath')
[1.199s] INFO:colcon.colcon_core.shell:Creating environment hook '/home/sofia/sextoSem/TE3001B-2DoF-Robotic-Arm/install/pid_controller/share/pid_controller/hook/pythonpath.ps1'
[1.200s] INFO:colcon.colcon_core.shell:Creating environment descriptor '/home/sofia/sextoSem/TE3001B-2DoF-Robotic-Arm/install/pid_controller/share/pid_controller/hook/pythonpath.dsv'
[1.200s] INFO:colcon.colcon_core.shell:Creating environment hook '/home/sofia/sextoSem/TE3001B-2DoF-Robotic-Arm/install/pid_controller/share/pid_controller/hook/pythonpath.sh'
[1.200s] Level 1:colcon.colcon_core.environment:checking '/home/sofia/sextoSem/TE3001B-2DoF-Robotic-Arm/install/pid_controller/bin'
[1.201s] Level 1:colcon.colcon_core.environment:create_environment_scripts_only(pid_controller)
[1.201s] INFO:colcon.colcon_core.shell:Creating package script '/home/sofia/sextoSem/TE3001B-2DoF-Robotic-Arm/install/pid_controller/share/pid_controller/package.ps1'
[1.201s] INFO:colcon.colcon_core.shell:Creating package descriptor '/home/sofia/sextoSem/TE3001B-2DoF-Robotic-Arm/install/pid_controller/share/pid_controller/package.dsv'
[1.202s] INFO:colcon.colcon_core.shell:Creating package script '/home/sofia/sextoSem/TE3001B-2DoF-Robotic-Arm/install/pid_controller/share/pid_controller/package.sh'
[1.202s] INFO:colcon.colcon_core.shell:Creating package script '/home/sofia/sextoSem/TE3001B-2DoF-Robotic-Arm/install/pid_controller/share/pid_controller/package.bash'
[1.202s] INFO:colcon.colcon_core.shell:Creating package script '/home/sofia/sextoSem/TE3001B-2DoF-Robotic-Arm/install/pid_controller/share/pid_controller/package.zsh'
[1.202s] Level 1:colcon.colcon_core.environment:create_file_with_runtime_dependencies(/home/sofia/sextoSem/TE3001B-2DoF-Robotic-Arm/install/pid_controller/share/colcon-core/packages/pid_controller)
[1.220s] DEBUG:colcon.colcon_core.event_handler.log_command:Invoking command in '/home/sofia/sextoSem/TE3001B-2DoF-Robotic-Arm/src/inverse_kinematics_pkg': PYTHONPATH=/home/sofia/sextoSem/TE3001B-2DoF-Robotic-Arm/build/inverse_kinematics_pkg/prefix_override:/usr/lib/python3/dist-packages/colcon_core/task/python/colcon_distutils_commands:/home/sofia/sextoSem/TE3001B-2DoF-Robotic-Arm/install/inverse_kinematics_pkg/lib/python3.10/site-packages:${PYTHONPATH} /usr/bin/python3 -W ignore:setup.py install is deprecated -W ignore:easy_install command is deprecated setup.py egg_info --egg-base ../../build/inverse_kinematics_pkg build --build-base /home/sofia/sextoSem/TE3001B-2DoF-Robotic-Arm/build/inverse_kinematics_pkg/build install --record /home/sofia/sextoSem/TE3001B-2DoF-Robotic-Arm/build/inverse_kinematics_pkg/install.log --single-version-externally-managed install_data
[1.387s] Level 1:colcon.colcon_core.environment:checking '/home/sofia/sextoSem/TE3001B-2DoF-Robotic-Arm/install/inverse_kinematics_pkg' for CMake module files
[1.388s] DEBUG:colcon.colcon_core.event_handler.log_command:Invoked command in '/home/sofia/sextoSem/TE3001B-2DoF-Robotic-Arm/src/inverse_kinematics_pkg' returned '0': PYTHONPATH=/home/sofia/sextoSem/TE3001B-2DoF-Robotic-Arm/build/inverse_kinematics_pkg/prefix_override:/usr/lib/python3/dist-packages/colcon_core/task/python/colcon_distutils_commands:/home/sofia/sextoSem/TE3001B-2DoF-Robotic-Arm/install/inverse_kinematics_pkg/lib/python3.10/site-packages:${PYTHONPATH} /usr/bin/python3 -W ignore:setup.py install is deprecated -W ignore:easy_install command is deprecated setup.py egg_info --egg-base ../../build/inverse_kinematics_pkg build --build-base /home/sofia/sextoSem/TE3001B-2DoF-Robotic-Arm/build/inverse_kinematics_pkg/build install --record /home/sofia/sextoSem/TE3001B-2DoF-Robotic-Arm/build/inverse_kinematics_pkg/install.log --single-version-externally-managed install_data
[1.388s] Level 1:colcon.colcon_core.environment:checking '/home/sofia/sextoSem/TE3001B-2DoF-Robotic-Arm/install/inverse_kinematics_pkg' for CMake config files
[1.388s] Level 1:colcon.colcon_core.environment:checking '/home/sofia/sextoSem/TE3001B-2DoF-Robotic-Arm/install/inverse_kinematics_pkg/lib'
[1.389s] Level 1:colcon.colcon_core.environment:checking '/home/sofia/sextoSem/TE3001B-2DoF-Robotic-Arm/install/inverse_kinematics_pkg/bin'
[1.389s] Level 1:colcon.colcon_core.environment:checking '/home/sofia/sextoSem/TE3001B-2DoF-Robotic-Arm/install/inverse_kinematics_pkg/lib/pkgconfig/inverse_kinematics_pkg.pc'
[1.389s] Level 1:colcon.colcon_core.environment:checking '/home/sofia/sextoSem/TE3001B-2DoF-Robotic-Arm/install/inverse_kinematics_pkg/lib/python3.10/site-packages'
[1.389s] Level 1:colcon.colcon_core.shell:create_environment_hook('inverse_kinematics_pkg', 'pythonpath')
[1.389s] INFO:colcon.colcon_core.shell:Creating environment hook '/home/sofia/sextoSem/TE3001B-2DoF-Robotic-Arm/install/inverse_kinematics_pkg/share/inverse_kinematics_pkg/hook/pythonpath.ps1'
[1.389s] INFO:colcon.colcon_core.shell:Creating environment descriptor '/home/sofia/sextoSem/TE3001B-2DoF-Robotic-Arm/install/inverse_kinematics_pkg/share/inverse_kinematics_pkg/hook/pythonpath.dsv'
[1.390s] INFO:colcon.colcon_core.shell:Creating environment hook '/home/sofia/sextoSem/TE3001B-2DoF-Robotic-Arm/install/inverse_kinematics_pkg/share/inverse_kinematics_pkg/hook/pythonpath.sh'
[1.390s] Level 1:colcon.colcon_core.environment:checking '/home/sofia/sextoSem/TE3001B-2DoF-Robotic-Arm/install/inverse_kinematics_pkg/bin'
[1.390s] Level 1:colcon.colcon_core.environment:create_environment_scripts_only(inverse_kinematics_pkg)
[1.390s] INFO:colcon.colcon_core.shell:Creating package script '/home/sofia/sextoSem/TE3001B-2DoF-Robotic-Arm/install/inverse_kinematics_pkg/share/inverse_kinematics_pkg/package.ps1'
[1.391s] INFO:colcon.colcon_core.shell:Creating package descriptor '/home/sofia/sextoSem/TE3001B-2DoF-Robotic-Arm/install/inverse_kinematics_pkg/share/inverse_kinematics_pkg/package.dsv'
[1.391s] INFO:colcon.colcon_core.shell:Creating package script '/home/sofia/sextoSem/TE3001B-2DoF-Robotic-Arm/install/inverse_kinematics_pkg/share/inverse_kinematics_pkg/package.sh'
[1.391s] INFO:colcon.colcon_core.shell:Creating package script '/home/sofia/sextoSem/TE3001B-2DoF-Robotic-Arm/install/inverse_kinematics_pkg/share/inverse_kinematics_pkg/package.bash'
[1.391s] INFO:colcon.colcon_core.shell:Creating package script '/home/sofia/sextoSem/TE3001B-2DoF-Robotic-Arm/install/inverse_kinematics_pkg/share/inverse_kinematics_pkg/package.zsh'
[1.392s] Level 1:colcon.colcon_core.environment:create_file_with_runtime_dependencies(/home/sofia/sextoSem/TE3001B-2DoF-Robotic-Arm/install/inverse_kinematics_pkg/share/colcon-core/packages/inverse_kinematics_pkg)
[1.392s] DEBUG:colcon.colcon_parallel_executor.executor.parallel:closing loop
[1.392s] DEBUG:colcon.colcon_parallel_executor.executor.parallel:loop closed
[1.392s] DEBUG:colcon.colcon_parallel_executor.executor.parallel:run_until_complete finished with '0'
[1.393s] DEBUG:colcon.colcon_core.event_reactor:joining thread
[1.403s] INFO:colcon.colcon_core.plugin_system:Skipping extension 'colcon_notification.desktop_notification.terminal_notifier': Not used on non-Darwin systems
[1.403s] INFO:colcon.colcon_core.plugin_system:Skipping extension 'colcon_notification.desktop_notification.win32': Not used on non-Windows systems
[1.403s] INFO:colcon.colcon_notification.desktop_notification:Sending desktop notification using 'notify2'
[1.407s] DEBUG:colcon.colcon_notification.desktop_notification.notify2:Failed to initialize notify2: org.freedesktop.DBus.Error.ServiceUnknown: The name org.freedesktop.Notifications was not provided by any .service files
[1.407s] DEBUG:colcon.colcon_core.event_reactor:joined thread
[1.407s] INFO:colcon.colcon_core.shell:Creating prefix script '/home/sofia/sextoSem/TE3001B-2DoF-Robotic-Arm/install/local_setup.ps1'
[1.408s] INFO:colcon.colcon_core.shell:Creating prefix util module '/home/sofia/sextoSem/TE3001B-2DoF-Robotic-Arm/install/_local_setup_util_ps1.py'
[1.410s] INFO:colcon.colcon_core.shell:Creating prefix chain script '/home/sofia/sextoSem/TE3001B-2DoF-Robotic-Arm/install/setup.ps1'
[1.411s] INFO:colcon.colcon_core.shell:Creating prefix script '/home/sofia/sextoSem/TE3001B-2DoF-Robotic-Arm/install/local_setup.sh'
[1.411s] INFO:colcon.colcon_core.shell:Creating prefix util module '/home/sofia/sextoSem/TE3001B-2DoF-Robotic-Arm/install/_local_setup_util_sh.py'
[1.412s] INFO:colcon.colcon_core.shell:Creating prefix chain script '/home/sofia/sextoSem/TE3001B-2DoF-Robotic-Arm/install/setup.sh'
[1.412s] INFO:colcon.colcon_core.shell:Creating prefix script '/home/sofia/sextoSem/TE3001B-2DoF-Robotic-Arm/install/local_setup.bash'
[1.413s] INFO:colcon.colcon_core.shell:Creating prefix chain script '/home/sofia/sextoSem/TE3001B-2DoF-Robotic-Arm/install/setup.bash'
[1.414s] INFO:colcon.colcon_core.shell:Creating prefix script '/home/sofia/sextoSem/TE3001B-2DoF-Robotic-Arm/install/local_setup.zsh'
[1.414s] INFO:colcon.colcon_core.shell:Creating prefix chain script '/home/sofia/sextoSem/TE3001B-2DoF-Robotic-Arm/install/setup.zsh'
